2022-10-03 17:55:33,754  INFO [main] SetUp:31 - Entered readExcel method
2022-10-03 17:55:34,943 DEBUG [main] BasicClientConnectionManager:164 - Get connection for route {}->http://restapi.adequateshop.com:80
2022-10-03 17:55:35,043 DEBUG [main] DefaultClientConnectionOperator:176 - Connecting to restapi.adequateshop.com:80
2022-10-03 17:55:35,162 DEBUG [main] RequestAddCookies:122 - CookieSpec selected: ignoreCookies
2022-10-03 17:55:35,163 DEBUG [main] RequestAuthCache:76 - Auth cache not set in the context
2022-10-03 17:55:35,163 DEBUG [main] RequestTargetAuthentication:79 - Target auth state: UNCHALLENGED
2022-10-03 17:55:35,164 DEBUG [main] RequestProxyAuthentication:88 - Proxy auth state: UNCHALLENGED
2022-10-03 17:55:35,166 DEBUG [main] DefaultHttpClient:684 - Attempt 1 to execute request
2022-10-03 17:55:35,166 DEBUG [main] DefaultClientConnection:276 - Sending request: POST /api/authaccount/login HTTP/1.1
2022-10-03 17:55:35,166 DEBUG [main] wire:72 -  >> "POST /api/authaccount/login HTTP/1.1[\r][\n]"
2022-10-03 17:55:35,167 DEBUG [main] wire:72 -  >> "Accept: */*[\r][\n]"
2022-10-03 17:55:35,168 DEBUG [main] wire:72 -  >> "Content-Type: application/json[\r][\n]"
2022-10-03 17:55:35,168 DEBUG [main] wire:72 -  >> "Content-Length: 49[\r][\n]"
2022-10-03 17:55:35,168 DEBUG [main] wire:72 -  >> "Host: restapi.adequateshop.com[\r][\n]"
2022-10-03 17:55:35,168 DEBUG [main] wire:72 -  >> "Connection: Keep-Alive[\r][\n]"
2022-10-03 17:55:35,168 DEBUG [main] wire:72 -  >> "User-Agent: Apache-HttpClient/4.5.2 (Java/11.0.15.1)[\r][\n]"
2022-10-03 17:55:35,169 DEBUG [main] wire:72 -  >> "Accept-Encoding: gzip,deflate[\r][\n]"
2022-10-03 17:55:35,169 DEBUG [main] wire:72 -  >> "[\r][\n]"
2022-10-03 17:55:35,169 DEBUG [main] headers:280 - >> POST /api/authaccount/login HTTP/1.1
2022-10-03 17:55:35,170 DEBUG [main] headers:283 - >> Accept: */*
2022-10-03 17:55:35,170 DEBUG [main] headers:283 - >> Content-Type: application/json
2022-10-03 17:55:35,170 DEBUG [main] headers:283 - >> Content-Length: 49
2022-10-03 17:55:35,170 DEBUG [main] headers:283 - >> Host: restapi.adequateshop.com
2022-10-03 17:55:35,170 DEBUG [main] headers:283 - >> Connection: Keep-Alive
2022-10-03 17:55:35,170 DEBUG [main] headers:283 - >> User-Agent: Apache-HttpClient/4.5.2 (Java/11.0.15.1)
2022-10-03 17:55:35,170 DEBUG [main] headers:283 - >> Accept-Encoding: gzip,deflate
2022-10-03 17:55:35,170 DEBUG [main] wire:86 -  >> "{"email":"tester@test.com","password":"test@123"}"
2022-10-03 17:55:35,306 DEBUG [main] wire:72 -  << "HTTP/1.1 200 OK[\r][\n]"
2022-10-03 17:55:35,307 DEBUG [main] wire:72 -  << "Cache-Control: no-cache[\r][\n]"
2022-10-03 17:55:35,307 DEBUG [main] wire:72 -  << "Pragma: no-cache[\r][\n]"
2022-10-03 17:55:35,308 DEBUG [main] wire:72 -  << "Content-Type: application/json; charset=utf-8[\r][\n]"
2022-10-03 17:55:35,308 DEBUG [main] wire:72 -  << "Expires: -1[\r][\n]"
2022-10-03 17:55:35,308 DEBUG [main] wire:72 -  << "Server: Microsoft-IIS/10.0[\r][\n]"
2022-10-03 17:55:35,308 DEBUG [main] wire:72 -  << "X-AspNet-Version: 4.0.30319[\r][\n]"
2022-10-03 17:55:35,308 DEBUG [main] wire:72 -  << "X-Powered-By: ASP.NET[\r][\n]"
2022-10-03 17:55:35,308 DEBUG [main] wire:72 -  << "Date: Mon, 03 Oct 2022 12:24:52 GMT[\r][\n]"
2022-10-03 17:55:35,308 DEBUG [main] wire:72 -  << "Content-Length: 140[\r][\n]"
2022-10-03 17:55:35,309 DEBUG [main] wire:72 -  << "[\r][\n]"
2022-10-03 17:55:35,309 DEBUG [main] DefaultClientConnection:261 - Receiving response: HTTP/1.1 200 OK
2022-10-03 17:55:35,309 DEBUG [main] headers:264 - << HTTP/1.1 200 OK
2022-10-03 17:55:35,310 DEBUG [main] headers:267 - << Cache-Control: no-cache
2022-10-03 17:55:35,310 DEBUG [main] headers:267 - << Pragma: no-cache
2022-10-03 17:55:35,310 DEBUG [main] headers:267 - << Content-Type: application/json; charset=utf-8
2022-10-03 17:55:35,310 DEBUG [main] headers:267 - << Expires: -1
2022-10-03 17:55:35,310 DEBUG [main] headers:267 - << Server: Microsoft-IIS/10.0
2022-10-03 17:55:35,310 DEBUG [main] headers:267 - << X-AspNet-Version: 4.0.30319
2022-10-03 17:55:35,310 DEBUG [main] headers:267 - << X-Powered-By: ASP.NET
2022-10-03 17:55:35,310 DEBUG [main] headers:267 - << Date: Mon, 03 Oct 2022 12:24:52 GMT
2022-10-03 17:55:35,311 DEBUG [main] headers:267 - << Content-Length: 140
2022-10-03 17:55:35,313 DEBUG [main] DefaultHttpClient:511 - Connection can be kept alive indefinitely
2022-10-03 17:55:35,318 DEBUG [main] RestAssuredHttpBuilder:553 - Parsing response as: application/json; charset=utf-8
2022-10-03 17:55:35,318 DEBUG [main] RestAssuredHttpBuilder:556 - Parsed data to instance of: class org.apache.http.conn.EofSensorInputStream
2022-10-03 17:55:35,340 DEBUG [main] wire:86 -  << "{"code":0,"message":"success","data":{"Id":161540,"Name":"Tester","Email":"tester@test.com","Token":"ab0054a9-ccb8-45b7-a03e-47e317d028bc"}}"
2022-10-03 17:55:35,341 DEBUG [main] BasicClientConnectionManager:203 - Releasing connection org.apache.http.impl.conn.ManagedClientConnectionImpl@3b24087d
2022-10-03 17:55:35,341 DEBUG [main] BasicClientConnectionManager:228 - Connection can be kept alive indefinitely
2022-10-03 17:55:35,738  INFO [main] SetUp:31 - Entered readExcel method
2022-10-03 17:55:35,825  INFO [main] SetUp:61 - Entered writeCell method
2022-10-03 17:55:35,925  INFO [main] SetUp:61 - Entered writeCell method
2022-10-03 17:55:35,938  INFO [main] SetUp:47 - Entered getValue method
2022-10-03 17:55:35,939  INFO [main] SetUp:47 - Entered getValue method
2022-10-03 17:55:35,949 DEBUG [main] BasicClientConnectionManager:164 - Get connection for route {}->http://restapi.adequateshop.com:80
2022-10-03 17:55:35,950 DEBUG [main] DefaultClientConnectionOperator:176 - Connecting to restapi.adequateshop.com:80
2022-10-03 17:55:36,047 DEBUG [main] RequestAddCookies:122 - CookieSpec selected: ignoreCookies
2022-10-03 17:55:36,047 DEBUG [main] RequestAuthCache:76 - Auth cache not set in the context
2022-10-03 17:55:36,047 DEBUG [main] RequestProxyAuthentication:88 - Proxy auth state: UNCHALLENGED
2022-10-03 17:55:36,047 DEBUG [main] DefaultHttpClient:684 - Attempt 1 to execute request
2022-10-03 17:55:36,047 DEBUG [main] DefaultClientConnection:276 - Sending request: POST /api/users HTTP/1.1
2022-10-03 17:55:36,047 DEBUG [main] wire:72 -  >> "POST /api/users HTTP/1.1[\r][\n]"
2022-10-03 17:55:36,047 DEBUG [main] wire:72 -  >> "Authorization: Bearer ab0054a9-ccb8-45b7-a03e-47e317d028bc[\r][\n]"
2022-10-03 17:55:36,048 DEBUG [main] wire:72 -  >> "Accept: */*[\r][\n]"
2022-10-03 17:55:36,048 DEBUG [main] wire:72 -  >> "Content-Type: application/json[\r][\n]"
2022-10-03 17:55:36,048 DEBUG [main] wire:72 -  >> "Content-Length: 68[\r][\n]"
2022-10-03 17:55:36,048 DEBUG [main] wire:72 -  >> "Host: restapi.adequateshop.com[\r][\n]"
2022-10-03 17:55:36,048 DEBUG [main] wire:72 -  >> "Connection: Keep-Alive[\r][\n]"
2022-10-03 17:55:36,048 DEBUG [main] wire:72 -  >> "User-Agent: Apache-HttpClient/4.5.2 (Java/11.0.15.1)[\r][\n]"
2022-10-03 17:55:36,048 DEBUG [main] wire:72 -  >> "Accept-Encoding: gzip,deflate[\r][\n]"
2022-10-03 17:55:36,048 DEBUG [main] wire:72 -  >> "[\r][\n]"
2022-10-03 17:55:36,048 DEBUG [main] headers:280 - >> POST /api/users HTTP/1.1
2022-10-03 17:55:36,049 DEBUG [main] headers:283 - >> Authorization: Bearer ab0054a9-ccb8-45b7-a03e-47e317d028bc
2022-10-03 17:55:36,049 DEBUG [main] headers:283 - >> Accept: */*
2022-10-03 17:55:36,049 DEBUG [main] headers:283 - >> Content-Type: application/json
2022-10-03 17:55:36,049 DEBUG [main] headers:283 - >> Content-Length: 68
2022-10-03 17:55:36,049 DEBUG [main] headers:283 - >> Host: restapi.adequateshop.com
2022-10-03 17:55:36,049 DEBUG [main] headers:283 - >> Connection: Keep-Alive
2022-10-03 17:55:36,049 DEBUG [main] headers:283 - >> User-Agent: Apache-HttpClient/4.5.2 (Java/11.0.15.1)
2022-10-03 17:55:36,049 DEBUG [main] headers:283 - >> Accept-Encoding: gzip,deflate
2022-10-03 17:55:36,049 DEBUG [main] wire:86 -  >> "{"name":"Gayatri","email":"oxipfmjd8k5c@email.com","location":"USA"}"
2022-10-03 17:55:36,233 DEBUG [main] wire:72 -  << "HTTP/1.1 201 Created[\r][\n]"
2022-10-03 17:55:36,234 DEBUG [main] wire:72 -  << "Cache-Control: no-cache[\r][\n]"
2022-10-03 17:55:36,234 DEBUG [main] wire:72 -  << "Pragma: no-cache[\r][\n]"
2022-10-03 17:55:36,234 DEBUG [main] wire:72 -  << "Content-Type: application/json; charset=utf-8[\r][\n]"
2022-10-03 17:55:36,234 DEBUG [main] wire:72 -  << "Expires: -1[\r][\n]"
2022-10-03 17:55:36,234 DEBUG [main] wire:72 -  << "Location: http://restapi.adequateshop.com/api/users/164674[\r][\n]"
2022-10-03 17:55:36,234 DEBUG [main] wire:72 -  << "Server: Microsoft-IIS/10.0[\r][\n]"
2022-10-03 17:55:36,234 DEBUG [main] wire:72 -  << "X-AspNet-Version: 4.0.30319[\r][\n]"
2022-10-03 17:55:36,234 DEBUG [main] wire:72 -  << "X-Powered-By: ASP.NET[\r][\n]"
2022-10-03 17:55:36,234 DEBUG [main] wire:72 -  << "Date: Mon, 03 Oct 2022 12:24:53 GMT[\r][\n]"
2022-10-03 17:55:36,234 DEBUG [main] wire:72 -  << "Content-Length: 206[\r][\n]"
2022-10-03 17:55:36,234 DEBUG [main] wire:72 -  << "[\r][\n]"
2022-10-03 17:55:36,235 DEBUG [main] DefaultClientConnection:261 - Receiving response: HTTP/1.1 201 Created
2022-10-03 17:55:36,235 DEBUG [main] headers:264 - << HTTP/1.1 201 Created
2022-10-03 17:55:36,235 DEBUG [main] headers:267 - << Cache-Control: no-cache
2022-10-03 17:55:36,235 DEBUG [main] headers:267 - << Pragma: no-cache
2022-10-03 17:55:36,235 DEBUG [main] headers:267 - << Content-Type: application/json; charset=utf-8
2022-10-03 17:55:36,235 DEBUG [main] headers:267 - << Expires: -1
2022-10-03 17:55:36,236 DEBUG [main] headers:267 - << Location: http://restapi.adequateshop.com/api/users/164674
2022-10-03 17:55:36,236 DEBUG [main] headers:267 - << Server: Microsoft-IIS/10.0
2022-10-03 17:55:36,236 DEBUG [main] headers:267 - << X-AspNet-Version: 4.0.30319
2022-10-03 17:55:36,236 DEBUG [main] headers:267 - << X-Powered-By: ASP.NET
2022-10-03 17:55:36,236 DEBUG [main] headers:267 - << Date: Mon, 03 Oct 2022 12:24:53 GMT
2022-10-03 17:55:36,236 DEBUG [main] headers:267 - << Content-Length: 206
2022-10-03 17:55:36,237 DEBUG [main] DefaultHttpClient:511 - Connection can be kept alive indefinitely
2022-10-03 17:55:36,237 DEBUG [main] RestAssuredHttpBuilder:553 - Parsing response as: application/json; charset=utf-8
2022-10-03 17:55:36,237 DEBUG [main] RestAssuredHttpBuilder:556 - Parsed data to instance of: class org.apache.http.conn.EofSensorInputStream
2022-10-03 17:55:36,243 DEBUG [main] wire:86 -  << "{"id":164674,"name":"Gayatri","email":"oxipfmjd8k5c@email.com","profilepicture":"http://restapi.adequateshop.com/Media//Images/userimageicon.png","location":"USA","createdat":"2022-10-03T12:24:53.9909914Z"}"
2022-10-03 17:55:36,244 DEBUG [main] BasicClientConnectionManager:203 - Releasing connection org.apache.http.impl.conn.ManagedClientConnectionImpl@7f8c48f3
2022-10-03 17:55:36,244 DEBUG [main] BasicClientConnectionManager:228 - Connection can be kept alive indefinitely
2022-10-03 17:55:36,289 DEBUG [main] BasicClientConnectionManager:164 - Get connection for route {}->http://restapi.adequateshop.com:80
2022-10-03 17:55:36,289 DEBUG [main] DefaultClientConnectionOperator:176 - Connecting to restapi.adequateshop.com:80
2022-10-03 17:55:36,385 DEBUG [main] RequestAddCookies:122 - CookieSpec selected: ignoreCookies
2022-10-03 17:55:36,385 DEBUG [main] RequestAuthCache:76 - Auth cache not set in the context
2022-10-03 17:55:36,385 DEBUG [main] RequestProxyAuthentication:88 - Proxy auth state: UNCHALLENGED
2022-10-03 17:55:36,385 DEBUG [main] DefaultHttpClient:684 - Attempt 1 to execute request
2022-10-03 17:55:36,386 DEBUG [main] DefaultClientConnection:276 - Sending request: DELETE /api/users/164674 HTTP/1.1
2022-10-03 17:55:36,386 DEBUG [main] wire:72 -  >> "DELETE /api/users/164674 HTTP/1.1[\r][\n]"
2022-10-03 17:55:36,386 DEBUG [main] wire:72 -  >> "Authorization: Bearer ab0054a9-ccb8-45b7-a03e-47e317d028bc[\r][\n]"
2022-10-03 17:55:36,386 DEBUG [main] wire:72 -  >> "Accept: */*[\r][\n]"
2022-10-03 17:55:36,386 DEBUG [main] wire:72 -  >> "Host: restapi.adequateshop.com[\r][\n]"
2022-10-03 17:55:36,386 DEBUG [main] wire:72 -  >> "Connection: Keep-Alive[\r][\n]"
2022-10-03 17:55:36,386 DEBUG [main] wire:72 -  >> "User-Agent: Apache-HttpClient/4.5.2 (Java/11.0.15.1)[\r][\n]"
2022-10-03 17:55:36,387 DEBUG [main] wire:72 -  >> "Accept-Encoding: gzip,deflate[\r][\n]"
2022-10-03 17:55:36,387 DEBUG [main] wire:72 -  >> "[\r][\n]"
2022-10-03 17:55:36,387 DEBUG [main] headers:280 - >> DELETE /api/users/164674 HTTP/1.1
2022-10-03 17:55:36,387 DEBUG [main] headers:283 - >> Authorization: Bearer ab0054a9-ccb8-45b7-a03e-47e317d028bc
2022-10-03 17:55:36,387 DEBUG [main] headers:283 - >> Accept: */*
2022-10-03 17:55:36,387 DEBUG [main] headers:283 - >> Host: restapi.adequateshop.com
2022-10-03 17:55:36,387 DEBUG [main] headers:283 - >> Connection: Keep-Alive
2022-10-03 17:55:36,388 DEBUG [main] headers:283 - >> User-Agent: Apache-HttpClient/4.5.2 (Java/11.0.15.1)
2022-10-03 17:55:36,388 DEBUG [main] headers:283 - >> Accept-Encoding: gzip,deflate
2022-10-03 17:55:36,513 DEBUG [main] wire:72 -  << "HTTP/1.1 405 Method Not Allowed[\r][\n]"
2022-10-03 17:55:36,514 DEBUG [main] wire:72 -  << "Allow: GET, HEAD, OPTIONS, TRACE[\r][\n]"
2022-10-03 17:55:36,514 DEBUG [main] wire:72 -  << "Content-Type: text/html[\r][\n]"
2022-10-03 17:55:36,514 DEBUG [main] wire:72 -  << "Server: Microsoft-IIS/10.0[\r][\n]"
2022-10-03 17:55:36,514 DEBUG [main] wire:72 -  << "X-Powered-By: ASP.NET[\r][\n]"
2022-10-03 17:55:36,515 DEBUG [main] wire:72 -  << "Date: Mon, 03 Oct 2022 12:24:53 GMT[\r][\n]"
2022-10-03 17:55:36,515 DEBUG [main] wire:72 -  << "Content-Length: 1293[\r][\n]"
2022-10-03 17:55:36,515 DEBUG [main] wire:72 -  << "[\r][\n]"
2022-10-03 17:55:36,516 DEBUG [main] DefaultClientConnection:261 - Receiving response: HTTP/1.1 405 Method Not Allowed
2022-10-03 17:55:36,516 DEBUG [main] headers:264 - << HTTP/1.1 405 Method Not Allowed
2022-10-03 17:55:36,516 DEBUG [main] headers:267 - << Allow: GET, HEAD, OPTIONS, TRACE
2022-10-03 17:55:36,516 DEBUG [main] headers:267 - << Content-Type: text/html
2022-10-03 17:55:36,516 DEBUG [main] headers:267 - << Server: Microsoft-IIS/10.0
2022-10-03 17:55:36,516 DEBUG [main] headers:267 - << X-Powered-By: ASP.NET
2022-10-03 17:55:36,517 DEBUG [main] headers:267 - << Date: Mon, 03 Oct 2022 12:24:53 GMT
2022-10-03 17:55:36,517 DEBUG [main] headers:267 - << Content-Length: 1293
2022-10-03 17:55:36,517 DEBUG [main] DefaultHttpClient:511 - Connection can be kept alive indefinitely
2022-10-03 17:55:36,517 DEBUG [main] RestAssuredHttpBuilder:553 - Parsing response as: text/html
2022-10-03 17:55:36,517 DEBUG [main] RestAssuredHttpBuilder:556 - Parsed data to instance of: class org.apache.http.conn.EofSensorInputStream
2022-10-03 17:55:36,519 DEBUG [main] wire:72 -  << "<!DOCTYPE html PUBLIC "-//W3C//DTD XHTML 1.0 Strict//EN" "http://www.w3.org/TR/xhtml1/DTD/xhtml1-strict.dtd">[\r][\n]"
2022-10-03 17:55:36,519 DEBUG [main] wire:72 -  << "<html xmlns="http://www.w3.org/1999/xhtml">[\r][\n]"
2022-10-03 17:55:36,519 DEBUG [main] wire:72 -  << "<head>[\r][\n]"
2022-10-03 17:55:36,520 DEBUG [main] wire:72 -  << "<meta http-equiv="Content-Type" content="text/html; charset=iso-8859-1"/>[\r][\n]"
2022-10-03 17:55:36,520 DEBUG [main] wire:72 -  << "<title>405 - HTTP verb used to access this page is not allowed.</title>[\r][\n]"
2022-10-03 17:55:36,520 DEBUG [main] wire:72 -  << "<style type="text/css">[\r][\n]"
2022-10-03 17:55:36,520 DEBUG [main] wire:72 -  << "<!--[\r][\n]"
2022-10-03 17:55:36,520 DEBUG [main] wire:72 -  << "body{margin:0;font-size:.7em;font-family:Verdana, Arial, Helvetica, sans-serif;background:#EEEEEE;}[\r][\n]"
2022-10-03 17:55:36,520 DEBUG [main] wire:72 -  << "fieldset{padding:0 15px 10px 15px;} [\r][\n]"
2022-10-03 17:55:36,520 DEBUG [main] wire:72 -  << "h1{font-size:2.4em;margin:0;color:#FFF;}[\r][\n]"
2022-10-03 17:55:36,520 DEBUG [main] wire:72 -  << "h2{font-size:1.7em;margin:0;color:#CC0000;} [\r][\n]"
2022-10-03 17:55:36,520 DEBUG [main] wire:72 -  << "h3{font-size:1.2em;margin:10px 0 0 0;color:#000000;} [\r][\n]"
2022-10-03 17:55:36,520 DEBUG [main] wire:72 -  << "#header{width:96%;margin:0 0 0 0;padding:6px 2% 6px 2%;font-family:"trebuchet MS", Verdana, sans-serif;color:#FFF;[\r][\n]"
2022-10-03 17:55:36,520 DEBUG [main] wire:72 -  << "background-color:#555555;}[\r][\n]"
2022-10-03 17:55:36,520 DEBUG [main] wire:72 -  << "#content{margin:0 0 0 2%;position:relative;}[\r][\n]"
2022-10-03 17:55:36,520 DEBUG [main] wire:72 -  << ".content-container{background:#FFF;width:96%;margin-top:8px;padding:10px;position:relative;}[\r][\n]"
2022-10-03 17:55:36,520 DEBUG [main] wire:72 -  << "-->[\r][\n]"
2022-10-03 17:55:36,520 DEBUG [main] wire:72 -  << "</style>[\r][\n]"
2022-10-03 17:55:36,520 DEBUG [main] wire:72 -  << "</head>[\r][\n]"
2022-10-03 17:55:36,521 DEBUG [main] wire:72 -  << "<body>[\r][\n]"
2022-10-03 17:55:36,521 DEBUG [main] wire:72 -  << "<div id="header"><h1>Server Error</h1></div>[\r][\n]"
2022-10-03 17:55:36,521 DEBUG [main] wire:72 -  << "<div id="content">[\r][\n]"
2022-10-03 17:55:36,521 DEBUG [main] wire:72 -  << " <div class="content-container"><fieldset>[\r][\n]"
2022-10-03 17:55:36,521 DEBUG [main] wire:72 -  << "  <h2>405 - HTTP verb used to access this page is not allowed.</h2>[\r][\n]"
2022-10-03 17:55:36,521 DEBUG [main] wire:72 -  << "  <h3>The page you are looking for cannot be displayed because an invalid method (HTTP verb) was used to attempt access.</h3>[\r][\n]"
2022-10-03 17:55:36,521 DEBUG [main] wire:72 -  << " </fieldset></div>[\r][\n]"
2022-10-03 17:55:36,521 DEBUG [main] wire:72 -  << "</div>[\r][\n]"
2022-10-03 17:55:36,521 DEBUG [main] wire:72 -  << "</body>[\r][\n]"
2022-10-03 17:55:36,521 DEBUG [main] wire:72 -  << "</html>[\r][\n]"
2022-10-03 17:55:36,521 DEBUG [main] BasicClientConnectionManager:203 - Releasing connection org.apache.http.impl.conn.ManagedClientConnectionImpl@4c5f7b4f
2022-10-03 17:55:36,521 DEBUG [main] BasicClientConnectionManager:228 - Connection can be kept alive indefinitely
2022-10-03 17:55:36,639  INFO [main] SetUp:31 - Entered readExcel method
2022-10-03 17:55:36,676 DEBUG [main] BasicClientConnectionManager:164 - Get connection for route {}->http://restapi.adequateshop.com:80
2022-10-03 17:55:36,677 DEBUG [main] DefaultClientConnectionOperator:176 - Connecting to restapi.adequateshop.com:80
2022-10-03 17:55:36,768 DEBUG [main] RequestAddCookies:122 - CookieSpec selected: ignoreCookies
2022-10-03 17:55:36,769 DEBUG [main] RequestAuthCache:76 - Auth cache not set in the context
2022-10-03 17:55:36,769 DEBUG [main] RequestTargetAuthentication:79 - Target auth state: UNCHALLENGED
2022-10-03 17:55:36,769 DEBUG [main] RequestProxyAuthentication:88 - Proxy auth state: UNCHALLENGED
2022-10-03 17:55:36,769 DEBUG [main] DefaultHttpClient:684 - Attempt 1 to execute request
2022-10-03 17:55:36,770 DEBUG [main] DefaultClientConnection:276 - Sending request: POST /api/authaccount/login HTTP/1.1
2022-10-03 17:55:36,770 DEBUG [main] wire:72 -  >> "POST /api/authaccount/login HTTP/1.1[\r][\n]"
2022-10-03 17:55:36,770 DEBUG [main] wire:72 -  >> "Accept: */*[\r][\n]"
2022-10-03 17:55:36,770 DEBUG [main] wire:72 -  >> "Content-Type: application/json[\r][\n]"
2022-10-03 17:55:36,771 DEBUG [main] wire:72 -  >> "Content-Length: 49[\r][\n]"
2022-10-03 17:55:36,771 DEBUG [main] wire:72 -  >> "Host: restapi.adequateshop.com[\r][\n]"
2022-10-03 17:55:36,771 DEBUG [main] wire:72 -  >> "Connection: Keep-Alive[\r][\n]"
2022-10-03 17:55:36,771 DEBUG [main] wire:72 -  >> "User-Agent: Apache-HttpClient/4.5.2 (Java/11.0.15.1)[\r][\n]"
2022-10-03 17:55:36,771 DEBUG [main] wire:72 -  >> "Accept-Encoding: gzip,deflate[\r][\n]"
2022-10-03 17:55:36,772 DEBUG [main] wire:72 -  >> "[\r][\n]"
2022-10-03 17:55:36,772 DEBUG [main] headers:280 - >> POST /api/authaccount/login HTTP/1.1
2022-10-03 17:55:36,772 DEBUG [main] headers:283 - >> Accept: */*
2022-10-03 17:55:36,772 DEBUG [main] headers:283 - >> Content-Type: application/json
2022-10-03 17:55:36,772 DEBUG [main] headers:283 - >> Content-Length: 49
2022-10-03 17:55:36,772 DEBUG [main] headers:283 - >> Host: restapi.adequateshop.com
2022-10-03 17:55:36,772 DEBUG [main] headers:283 - >> Connection: Keep-Alive
2022-10-03 17:55:36,773 DEBUG [main] headers:283 - >> User-Agent: Apache-HttpClient/4.5.2 (Java/11.0.15.1)
2022-10-03 17:55:36,773 DEBUG [main] headers:283 - >> Accept-Encoding: gzip,deflate
2022-10-03 17:55:36,773 DEBUG [main] wire:86 -  >> "{"email":"tester@test.com","password":"test@123"}"
2022-10-03 17:55:36,924 DEBUG [main] wire:72 -  << "HTTP/1.1 200 OK[\r][\n]"
2022-10-03 17:55:36,924 DEBUG [main] wire:72 -  << "Cache-Control: no-cache[\r][\n]"
2022-10-03 17:55:36,924 DEBUG [main] wire:72 -  << "Pragma: no-cache[\r][\n]"
2022-10-03 17:55:36,925 DEBUG [main] wire:72 -  << "Content-Type: application/json; charset=utf-8[\r][\n]"
2022-10-03 17:55:36,925 DEBUG [main] wire:72 -  << "Expires: -1[\r][\n]"
2022-10-03 17:55:36,925 DEBUG [main] wire:72 -  << "Server: Microsoft-IIS/10.0[\r][\n]"
2022-10-03 17:55:36,926 DEBUG [main] wire:72 -  << "X-AspNet-Version: 4.0.30319[\r][\n]"
2022-10-03 17:55:36,926 DEBUG [main] wire:72 -  << "X-Powered-By: ASP.NET[\r][\n]"
2022-10-03 17:55:36,926 DEBUG [main] wire:72 -  << "Date: Mon, 03 Oct 2022 12:24:54 GMT[\r][\n]"
2022-10-03 17:55:36,926 DEBUG [main] wire:72 -  << "Content-Length: 140[\r][\n]"
2022-10-03 17:55:36,926 DEBUG [main] wire:72 -  << "[\r][\n]"
2022-10-03 17:55:36,927 DEBUG [main] DefaultClientConnection:261 - Receiving response: HTTP/1.1 200 OK
2022-10-03 17:55:36,927 DEBUG [main] headers:264 - << HTTP/1.1 200 OK
2022-10-03 17:55:36,927 DEBUG [main] headers:267 - << Cache-Control: no-cache
2022-10-03 17:55:36,927 DEBUG [main] headers:267 - << Pragma: no-cache
2022-10-03 17:55:36,927 DEBUG [main] headers:267 - << Content-Type: application/json; charset=utf-8
2022-10-03 17:55:36,927 DEBUG [main] headers:267 - << Expires: -1
2022-10-03 17:55:36,927 DEBUG [main] headers:267 - << Server: Microsoft-IIS/10.0
2022-10-03 17:55:36,927 DEBUG [main] headers:267 - << X-AspNet-Version: 4.0.30319
2022-10-03 17:55:36,927 DEBUG [main] headers:267 - << X-Powered-By: ASP.NET
2022-10-03 17:55:36,928 DEBUG [main] headers:267 - << Date: Mon, 03 Oct 2022 12:24:54 GMT
2022-10-03 17:55:36,928 DEBUG [main] headers:267 - << Content-Length: 140
2022-10-03 17:55:36,928 DEBUG [main] DefaultHttpClient:511 - Connection can be kept alive indefinitely
2022-10-03 17:55:36,928 DEBUG [main] RestAssuredHttpBuilder:553 - Parsing response as: application/json; charset=utf-8
2022-10-03 17:55:36,928 DEBUG [main] RestAssuredHttpBuilder:556 - Parsed data to instance of: class org.apache.http.conn.EofSensorInputStream
2022-10-03 17:55:36,929 DEBUG [main] wire:86 -  << "{"code":0,"message":"success","data":{"Id":161540,"Name":"Tester","Email":"tester@test.com","Token":"2e5006fe-08a1-4197-b787-7be5b78c3353"}}"
2022-10-03 17:55:36,929 DEBUG [main] BasicClientConnectionManager:203 - Releasing connection org.apache.http.impl.conn.ManagedClientConnectionImpl@402d6012
2022-10-03 17:55:36,929 DEBUG [main] BasicClientConnectionManager:228 - Connection can be kept alive indefinitely
2022-10-03 17:55:36,945  INFO [main] SetUp:31 - Entered readExcel method
2022-10-03 17:55:36,990 DEBUG [Finalizer] DefaultClientConnection:182 - Connection 0.0.0.0:60582<->122.176.47.222:80 closed
2022-10-03 17:55:36,993 DEBUG [Finalizer] DefaultClientConnection:182 - Connection 0.0.0.0:60581<->122.176.47.222:80 closed
2022-10-03 17:55:36,995 DEBUG [main] BasicClientConnectionManager:164 - Get connection for route {}->http://restapi.adequateshop.com:80
2022-10-03 17:55:36,995 DEBUG [main] DefaultClientConnectionOperator:176 - Connecting to restapi.adequateshop.com:80
2022-10-03 17:55:37,102 DEBUG [main] RequestAddCookies:122 - CookieSpec selected: ignoreCookies
2022-10-03 17:55:37,103 DEBUG [main] RequestAuthCache:76 - Auth cache not set in the context
2022-10-03 17:55:37,104 DEBUG [main] RequestProxyAuthentication:88 - Proxy auth state: UNCHALLENGED
2022-10-03 17:55:37,104 DEBUG [main] DefaultHttpClient:684 - Attempt 1 to execute request
2022-10-03 17:55:37,104 DEBUG [main] DefaultClientConnection:276 - Sending request: GET /api/users?page=1 HTTP/1.1
2022-10-03 17:55:37,104 DEBUG [main] wire:72 -  >> "GET /api/users?page=1 HTTP/1.1[\r][\n]"
2022-10-03 17:55:37,105 DEBUG [main] wire:72 -  >> "Authorization: Bearer 2e5006fe-08a1-4197-b787-7be5b78c3353[\r][\n]"
2022-10-03 17:55:37,105 DEBUG [main] wire:72 -  >> "Accept: */*[\r][\n]"
2022-10-03 17:55:37,105 DEBUG [main] wire:72 -  >> "Host: restapi.adequateshop.com[\r][\n]"
2022-10-03 17:55:37,106 DEBUG [main] wire:72 -  >> "Connection: Keep-Alive[\r][\n]"
2022-10-03 17:55:37,106 DEBUG [main] wire:72 -  >> "User-Agent: Apache-HttpClient/4.5.2 (Java/11.0.15.1)[\r][\n]"
2022-10-03 17:55:37,106 DEBUG [main] wire:72 -  >> "Accept-Encoding: gzip,deflate[\r][\n]"
2022-10-03 17:55:37,107 DEBUG [main] wire:72 -  >> "[\r][\n]"
2022-10-03 17:55:37,107 DEBUG [main] headers:280 - >> GET /api/users?page=1 HTTP/1.1
2022-10-03 17:55:37,107 DEBUG [main] headers:283 - >> Authorization: Bearer 2e5006fe-08a1-4197-b787-7be5b78c3353
2022-10-03 17:55:37,107 DEBUG [main] headers:283 - >> Accept: */*
2022-10-03 17:55:37,107 DEBUG [main] headers:283 - >> Host: restapi.adequateshop.com
2022-10-03 17:55:37,108 DEBUG [main] headers:283 - >> Connection: Keep-Alive
2022-10-03 17:55:37,108 DEBUG [main] headers:283 - >> User-Agent: Apache-HttpClient/4.5.2 (Java/11.0.15.1)
2022-10-03 17:55:37,108 DEBUG [main] headers:283 - >> Accept-Encoding: gzip,deflate
2022-10-03 17:55:37,237 DEBUG [main] wire:72 -  << "HTTP/1.1 200 OK[\r][\n]"
2022-10-03 17:55:37,237 DEBUG [main] wire:72 -  << "Cache-Control: no-cache[\r][\n]"
2022-10-03 17:55:37,238 DEBUG [main] wire:72 -  << "Pragma: no-cache[\r][\n]"
2022-10-03 17:55:37,238 DEBUG [main] wire:72 -  << "Content-Type: application/json; charset=utf-8[\r][\n]"
2022-10-03 17:55:37,238 DEBUG [main] wire:72 -  << "Expires: -1[\r][\n]"
2022-10-03 17:55:37,238 DEBUG [main] wire:72 -  << "Server: Microsoft-IIS/10.0[\r][\n]"
2022-10-03 17:55:37,239 DEBUG [main] wire:72 -  << "X-AspNet-Version: 4.0.30319[\r][\n]"
2022-10-03 17:55:37,239 DEBUG [main] wire:72 -  << "X-Powered-By: ASP.NET[\r][\n]"
2022-10-03 17:55:37,239 DEBUG [main] wire:72 -  << "Date: Mon, 03 Oct 2022 12:24:54 GMT[\r][\n]"
2022-10-03 17:55:37,239 DEBUG [main] wire:72 -  << "Content-Length: 1984[\r][\n]"
2022-10-03 17:55:37,240 DEBUG [main] wire:72 -  << "[\r][\n]"
2022-10-03 17:55:37,240 DEBUG [main] DefaultClientConnection:261 - Receiving response: HTTP/1.1 200 OK
2022-10-03 17:55:37,240 DEBUG [main] headers:264 - << HTTP/1.1 200 OK
2022-10-03 17:55:37,240 DEBUG [main] headers:267 - << Cache-Control: no-cache
2022-10-03 17:55:37,241 DEBUG [main] headers:267 - << Pragma: no-cache
2022-10-03 17:55:37,241 DEBUG [main] headers:267 - << Content-Type: application/json; charset=utf-8
2022-10-03 17:55:37,241 DEBUG [main] headers:267 - << Expires: -1
2022-10-03 17:55:37,241 DEBUG [main] headers:267 - << Server: Microsoft-IIS/10.0
2022-10-03 17:55:37,241 DEBUG [main] headers:267 - << X-AspNet-Version: 4.0.30319
2022-10-03 17:55:37,242 DEBUG [main] headers:267 - << X-Powered-By: ASP.NET
2022-10-03 17:55:37,242 DEBUG [main] headers:267 - << Date: Mon, 03 Oct 2022 12:24:54 GMT
2022-10-03 17:55:37,243 DEBUG [main] headers:267 - << Content-Length: 1984
2022-10-03 17:55:37,243 DEBUG [main] DefaultHttpClient:511 - Connection can be kept alive indefinitely
2022-10-03 17:55:37,244 DEBUG [main] RestAssuredHttpBuilder:553 - Parsing response as: application/json; charset=utf-8
2022-10-03 17:55:37,244 DEBUG [main] RestAssuredHttpBuilder:556 - Parsed data to instance of: class org.apache.http.conn.EofSensorInputStream
2022-10-03 17:55:37,245 DEBUG [main] wire:86 -  << "{"page":1,"per_page":10,"totalrecord":9469,"total_pages":947,"data":[{"id":11133,"name":"Developer","email":"Developer12@gmail.com","profilepicture":"http://restapi.adequateshop.com/Media//Images/userimageicon.png","location":"USA","createdat":"0001-01-01T00:00:00"},{"id":11134,"name":"AS","email":"qweqw@mail.ru","profilepicture":"http://restapi.adequateshop.com/Media//Images/userimageicon.png","location":"USA","createdat":"0001-01-01T00:00:00"},{"id":11135,"name":"vano","email":"van.19v@mail.ru","profilepicture":"http://restapi.adequateshop.com/Media//Images/userimageicon.png","location":"USA","createdat":"0001-01-01T00:00:00"},{"id":11136,"name":"Developer123","email":"Developer523@gmail.com","profilepicture":"http://restapi.adequateshop.com/Media//Images/userimageicon.png","location":"USA","createdat":"0001-01-01T00:00:00"},{"id":11137,"name":"Ashor","email":"ashot.vardanyan.2000@gmail.com","profilepicture":"http://restapi.adequateshop.com/Media//Images/userimageicon.png","location":"USA","createdat":"0001-01-01T00:00:00"},{"id":11138,"name":"1234","email":"ghag@mail.ru","profilepicture":"http://restapi.adequateshop.com/Media//Images/userimageicon.png","location":"USA","createdat":"0001-01-01T00:00:00"},{"id":11139,"name":"asdasd","email":"asdasd@dasda.asd","profilepicture":"http://restapi.adequateshop.com/Media//Images/userimageicon.png","location":"USA","createdat":"0001-01-01T00:00:00"},{"id":11140,"name":"da","email":"auriu@gmail.com","profilepicture":"http://restapi.adequateshop.com/Media//Images/userimageicon.png","location":"USA","createdat":"0001-01-01T00:00:00"},{"id":11142,"name":"asdasd","email":"qwwerrwerweeqw@mail.ru","profilepicture":"http://restapi.adequateshop.com/Media//Images/userimageicon.png","location":"USA","createdat":"0001-01-01T00:00:00"},{"id":11143,"name":"karen","email":"karen@mail.ru","profilepicture":"http://restapi.adequateshop.com/Media//Images/userimageicon.png","location":"USA","createdat":"0001-01-01T00:00:00"}]}"
2022-10-03 17:55:37,246 DEBUG [main] BasicClientConnectionManager:203 - Releasing connection org.apache.http.impl.conn.ManagedClientConnectionImpl@6cbdd1c5
2022-10-03 17:55:37,246 DEBUG [main] BasicClientConnectionManager:228 - Connection can be kept alive indefinitely
2022-10-03 17:55:37,557  INFO [main] SetUp:31 - Entered readExcel method
2022-10-03 17:55:37,579 DEBUG [main] BasicClientConnectionManager:164 - Get connection for route {}->http://restapi.adequateshop.com:80
2022-10-03 17:55:37,579 DEBUG [main] DefaultClientConnectionOperator:176 - Connecting to restapi.adequateshop.com:80
2022-10-03 17:55:37,680 DEBUG [main] RequestAddCookies:122 - CookieSpec selected: ignoreCookies
2022-10-03 17:55:37,680 DEBUG [main] RequestAuthCache:76 - Auth cache not set in the context
2022-10-03 17:55:37,681 DEBUG [main] RequestTargetAuthentication:79 - Target auth state: UNCHALLENGED
2022-10-03 17:55:37,681 DEBUG [main] RequestProxyAuthentication:88 - Proxy auth state: UNCHALLENGED
2022-10-03 17:55:37,681 DEBUG [main] DefaultHttpClient:684 - Attempt 1 to execute request
2022-10-03 17:55:37,681 DEBUG [main] DefaultClientConnection:276 - Sending request: POST /api/authaccount/login HTTP/1.1
2022-10-03 17:55:37,681 DEBUG [main] wire:72 -  >> "POST /api/authaccount/login HTTP/1.1[\r][\n]"
2022-10-03 17:55:37,681 DEBUG [main] wire:72 -  >> "Accept: */*[\r][\n]"
2022-10-03 17:55:37,681 DEBUG [main] wire:72 -  >> "Content-Type: application/json[\r][\n]"
2022-10-03 17:55:37,681 DEBUG [main] wire:72 -  >> "Content-Length: 49[\r][\n]"
2022-10-03 17:55:37,681 DEBUG [main] wire:72 -  >> "Host: restapi.adequateshop.com[\r][\n]"
2022-10-03 17:55:37,681 DEBUG [main] wire:72 -  >> "Connection: Keep-Alive[\r][\n]"
2022-10-03 17:55:37,681 DEBUG [main] wire:72 -  >> "User-Agent: Apache-HttpClient/4.5.2 (Java/11.0.15.1)[\r][\n]"
2022-10-03 17:55:37,681 DEBUG [main] wire:72 -  >> "Accept-Encoding: gzip,deflate[\r][\n]"
2022-10-03 17:55:37,681 DEBUG [main] wire:72 -  >> "[\r][\n]"
2022-10-03 17:55:37,682 DEBUG [main] headers:280 - >> POST /api/authaccount/login HTTP/1.1
2022-10-03 17:55:37,682 DEBUG [main] headers:283 - >> Accept: */*
2022-10-03 17:55:37,682 DEBUG [main] headers:283 - >> Content-Type: application/json
2022-10-03 17:55:37,682 DEBUG [main] headers:283 - >> Content-Length: 49
2022-10-03 17:55:37,682 DEBUG [main] headers:283 - >> Host: restapi.adequateshop.com
2022-10-03 17:55:37,682 DEBUG [main] headers:283 - >> Connection: Keep-Alive
2022-10-03 17:55:37,682 DEBUG [main] headers:283 - >> User-Agent: Apache-HttpClient/4.5.2 (Java/11.0.15.1)
2022-10-03 17:55:37,682 DEBUG [main] headers:283 - >> Accept-Encoding: gzip,deflate
2022-10-03 17:55:37,682 DEBUG [main] wire:86 -  >> "{"email":"tester@test.com","password":"test@123"}"
2022-10-03 17:55:37,849 DEBUG [main] wire:72 -  << "HTTP/1.1 200 OK[\r][\n]"
2022-10-03 17:55:37,849 DEBUG [main] wire:72 -  << "Cache-Control: no-cache[\r][\n]"
2022-10-03 17:55:37,849 DEBUG [main] wire:72 -  << "Pragma: no-cache[\r][\n]"
2022-10-03 17:55:37,849 DEBUG [main] wire:72 -  << "Content-Type: application/json; charset=utf-8[\r][\n]"
2022-10-03 17:55:37,849 DEBUG [main] wire:72 -  << "Expires: -1[\r][\n]"
2022-10-03 17:55:37,849 DEBUG [main] wire:72 -  << "Server: Microsoft-IIS/10.0[\r][\n]"
2022-10-03 17:55:37,849 DEBUG [main] wire:72 -  << "X-AspNet-Version: 4.0.30319[\r][\n]"
2022-10-03 17:55:37,849 DEBUG [main] wire:72 -  << "X-Powered-By: ASP.NET[\r][\n]"
2022-10-03 17:55:37,850 DEBUG [main] wire:72 -  << "Date: Mon, 03 Oct 2022 12:24:55 GMT[\r][\n]"
2022-10-03 17:55:37,850 DEBUG [main] wire:72 -  << "Content-Length: 140[\r][\n]"
2022-10-03 17:55:37,850 DEBUG [main] wire:72 -  << "[\r][\n]"
2022-10-03 17:55:37,850 DEBUG [main] DefaultClientConnection:261 - Receiving response: HTTP/1.1 200 OK
2022-10-03 17:55:37,850 DEBUG [main] headers:264 - << HTTP/1.1 200 OK
2022-10-03 17:55:37,850 DEBUG [main] headers:267 - << Cache-Control: no-cache
2022-10-03 17:55:37,850 DEBUG [main] headers:267 - << Pragma: no-cache
2022-10-03 17:55:37,850 DEBUG [main] headers:267 - << Content-Type: application/json; charset=utf-8
2022-10-03 17:55:37,850 DEBUG [main] headers:267 - << Expires: -1
2022-10-03 17:55:37,850 DEBUG [main] headers:267 - << Server: Microsoft-IIS/10.0
2022-10-03 17:55:37,850 DEBUG [main] headers:267 - << X-AspNet-Version: 4.0.30319
2022-10-03 17:55:37,850 DEBUG [main] headers:267 - << X-Powered-By: ASP.NET
2022-10-03 17:55:37,850 DEBUG [main] headers:267 - << Date: Mon, 03 Oct 2022 12:24:55 GMT
2022-10-03 17:55:37,850 DEBUG [main] headers:267 - << Content-Length: 140
2022-10-03 17:55:37,850 DEBUG [main] DefaultHttpClient:511 - Connection can be kept alive indefinitely
2022-10-03 17:55:37,851 DEBUG [main] RestAssuredHttpBuilder:553 - Parsing response as: application/json; charset=utf-8
2022-10-03 17:55:37,851 DEBUG [main] RestAssuredHttpBuilder:556 - Parsed data to instance of: class org.apache.http.conn.EofSensorInputStream
2022-10-03 17:55:37,851 DEBUG [main] wire:86 -  << "{"code":0,"message":"success","data":{"Id":161540,"Name":"Tester","Email":"tester@test.com","Token":"60d79709-c50a-4038-9b98-8667e1f117e0"}}"
2022-10-03 17:55:37,851 DEBUG [main] BasicClientConnectionManager:203 - Releasing connection org.apache.http.impl.conn.ManagedClientConnectionImpl@621392ea
2022-10-03 17:55:37,851 DEBUG [main] BasicClientConnectionManager:228 - Connection can be kept alive indefinitely
2022-10-03 17:55:37,864  INFO [main] SetUp:31 - Entered readExcel method
2022-10-03 17:55:37,881  INFO [main] SetUp:61 - Entered writeCell method
2022-10-03 17:55:37,893  INFO [main] SetUp:61 - Entered writeCell method
2022-10-03 17:55:37,901  INFO [main] SetUp:47 - Entered getValue method
2022-10-03 17:55:37,901  INFO [main] SetUp:47 - Entered getValue method
2022-10-03 17:55:37,906 DEBUG [main] BasicClientConnectionManager:164 - Get connection for route {}->http://restapi.adequateshop.com:80
2022-10-03 17:55:37,907 DEBUG [main] DefaultClientConnectionOperator:176 - Connecting to restapi.adequateshop.com:80
2022-10-03 17:55:37,995 DEBUG [main] RequestAddCookies:122 - CookieSpec selected: ignoreCookies
2022-10-03 17:55:37,996 DEBUG [main] RequestAuthCache:76 - Auth cache not set in the context
2022-10-03 17:55:37,996 DEBUG [main] RequestProxyAuthentication:88 - Proxy auth state: UNCHALLENGED
2022-10-03 17:55:37,996 DEBUG [main] DefaultHttpClient:684 - Attempt 1 to execute request
2022-10-03 17:55:37,996 DEBUG [main] DefaultClientConnection:276 - Sending request: POST /api/users HTTP/1.1
2022-10-03 17:55:37,997 DEBUG [main] wire:72 -  >> "POST /api/users HTTP/1.1[\r][\n]"
2022-10-03 17:55:37,997 DEBUG [main] wire:72 -  >> "Authorization: Bearer 60d79709-c50a-4038-9b98-8667e1f117e0[\r][\n]"
2022-10-03 17:55:37,997 DEBUG [main] wire:72 -  >> "Accept: */*[\r][\n]"
2022-10-03 17:55:37,998 DEBUG [main] wire:72 -  >> "Content-Type: application/json[\r][\n]"
2022-10-03 17:55:37,998 DEBUG [main] wire:72 -  >> "Content-Length: 65[\r][\n]"
2022-10-03 17:55:37,998 DEBUG [main] wire:72 -  >> "Host: restapi.adequateshop.com[\r][\n]"
2022-10-03 17:55:37,998 DEBUG [main] wire:72 -  >> "Connection: Keep-Alive[\r][\n]"
2022-10-03 17:55:37,998 DEBUG [main] wire:72 -  >> "User-Agent: Apache-HttpClient/4.5.2 (Java/11.0.15.1)[\r][\n]"
2022-10-03 17:55:37,999 DEBUG [main] wire:72 -  >> "Accept-Encoding: gzip,deflate[\r][\n]"
2022-10-03 17:55:37,999 DEBUG [main] wire:72 -  >> "[\r][\n]"
2022-10-03 17:55:37,999 DEBUG [main] headers:280 - >> POST /api/users HTTP/1.1
2022-10-03 17:55:37,999 DEBUG [main] headers:283 - >> Authorization: Bearer 60d79709-c50a-4038-9b98-8667e1f117e0
2022-10-03 17:55:37,999 DEBUG [main] headers:283 - >> Accept: */*
2022-10-03 17:55:38,000 DEBUG [main] headers:283 - >> Content-Type: application/json
2022-10-03 17:55:38,000 DEBUG [main] headers:283 - >> Content-Length: 65
2022-10-03 17:55:38,000 DEBUG [main] headers:283 - >> Host: restapi.adequateshop.com
2022-10-03 17:55:38,000 DEBUG [main] headers:283 - >> Connection: Keep-Alive
2022-10-03 17:55:38,000 DEBUG [main] headers:283 - >> User-Agent: Apache-HttpClient/4.5.2 (Java/11.0.15.1)
2022-10-03 17:55:38,001 DEBUG [main] headers:283 - >> Accept-Encoding: gzip,deflate
2022-10-03 17:55:38,001 DEBUG [main] wire:86 -  >> "{"name":"Laal","email":"xvutywom0f2x@email.com","location":"USA"}"
2022-10-03 17:55:38,171 DEBUG [main] wire:72 -  << "HTTP/1.1 201 Created[\r][\n]"
2022-10-03 17:55:38,171 DEBUG [main] wire:72 -  << "Cache-Control: no-cache[\r][\n]"
2022-10-03 17:55:38,171 DEBUG [main] wire:72 -  << "Pragma: no-cache[\r][\n]"
2022-10-03 17:55:38,172 DEBUG [main] wire:72 -  << "Content-Type: application/json; charset=utf-8[\r][\n]"
2022-10-03 17:55:38,172 DEBUG [main] wire:72 -  << "Expires: -1[\r][\n]"
2022-10-03 17:55:38,172 DEBUG [main] wire:72 -  << "Location: http://restapi.adequateshop.com/api/users/164675[\r][\n]"
2022-10-03 17:55:38,172 DEBUG [main] wire:72 -  << "Server: Microsoft-IIS/10.0[\r][\n]"
2022-10-03 17:55:38,173 DEBUG [main] wire:72 -  << "X-AspNet-Version: 4.0.30319[\r][\n]"
2022-10-03 17:55:38,173 DEBUG [main] wire:72 -  << "X-Powered-By: ASP.NET[\r][\n]"
2022-10-03 17:55:38,173 DEBUG [main] wire:72 -  << "Date: Mon, 03 Oct 2022 12:24:55 GMT[\r][\n]"
2022-10-03 17:55:38,173 DEBUG [main] wire:72 -  << "Content-Length: 202[\r][\n]"
2022-10-03 17:55:38,173 DEBUG [main] wire:72 -  << "[\r][\n]"
2022-10-03 17:55:38,173 DEBUG [main] DefaultClientConnection:261 - Receiving response: HTTP/1.1 201 Created
2022-10-03 17:55:38,173 DEBUG [main] headers:264 - << HTTP/1.1 201 Created
2022-10-03 17:55:38,174 DEBUG [main] headers:267 - << Cache-Control: no-cache
2022-10-03 17:55:38,174 DEBUG [main] headers:267 - << Pragma: no-cache
2022-10-03 17:55:38,174 DEBUG [main] headers:267 - << Content-Type: application/json; charset=utf-8
2022-10-03 17:55:38,174 DEBUG [main] headers:267 - << Expires: -1
2022-10-03 17:55:38,174 DEBUG [main] headers:267 - << Location: http://restapi.adequateshop.com/api/users/164675
2022-10-03 17:55:38,174 DEBUG [main] headers:267 - << Server: Microsoft-IIS/10.0
2022-10-03 17:55:38,174 DEBUG [main] headers:267 - << X-AspNet-Version: 4.0.30319
2022-10-03 17:55:38,175 DEBUG [main] headers:267 - << X-Powered-By: ASP.NET
2022-10-03 17:55:38,175 DEBUG [main] headers:267 - << Date: Mon, 03 Oct 2022 12:24:55 GMT
2022-10-03 17:55:38,175 DEBUG [main] headers:267 - << Content-Length: 202
2022-10-03 17:55:38,175 DEBUG [main] DefaultHttpClient:511 - Connection can be kept alive indefinitely
2022-10-03 17:55:38,175 DEBUG [main] RestAssuredHttpBuilder:553 - Parsing response as: application/json; charset=utf-8
2022-10-03 17:55:38,175 DEBUG [main] RestAssuredHttpBuilder:556 - Parsed data to instance of: class org.apache.http.conn.EofSensorInputStream
2022-10-03 17:55:38,176 DEBUG [main] wire:86 -  << "{"id":164675,"name":"Laal","email":"xvutywom0f2x@email.com","profilepicture":"http://restapi.adequateshop.com/Media//Images/userimageicon.png","location":"USA","createdat":"2022-10-03T12:24:55.941429Z"}"
2022-10-03 17:55:38,176 DEBUG [main] BasicClientConnectionManager:203 - Releasing connection org.apache.http.impl.conn.ManagedClientConnectionImpl@57b3d869
2022-10-03 17:55:38,176 DEBUG [main] BasicClientConnectionManager:228 - Connection can be kept alive indefinitely
2022-10-03 17:55:38,183  INFO [main] SetUp:31 - Entered readExcel method
2022-10-03 17:55:38,203 DEBUG [main] BasicClientConnectionManager:164 - Get connection for route {}->http://restapi.adequateshop.com:80
2022-10-03 17:55:38,203 DEBUG [main] DefaultClientConnectionOperator:176 - Connecting to restapi.adequateshop.com:80
2022-10-03 17:55:38,299 DEBUG [main] RequestAddCookies:122 - CookieSpec selected: ignoreCookies
2022-10-03 17:55:38,300 DEBUG [main] RequestAuthCache:76 - Auth cache not set in the context
2022-10-03 17:55:38,300 DEBUG [main] RequestTargetAuthentication:79 - Target auth state: UNCHALLENGED
2022-10-03 17:55:38,300 DEBUG [main] RequestProxyAuthentication:88 - Proxy auth state: UNCHALLENGED
2022-10-03 17:55:38,300 DEBUG [main] DefaultHttpClient:684 - Attempt 1 to execute request
2022-10-03 17:55:38,300 DEBUG [main] DefaultClientConnection:276 - Sending request: POST /api/authaccount/login HTTP/1.1
2022-10-03 17:55:38,300 DEBUG [main] wire:72 -  >> "POST /api/authaccount/login HTTP/1.1[\r][\n]"
2022-10-03 17:55:38,301 DEBUG [main] wire:72 -  >> "Accept: */*[\r][\n]"
2022-10-03 17:55:38,301 DEBUG [main] wire:72 -  >> "Content-Type: application/json[\r][\n]"
2022-10-03 17:55:38,301 DEBUG [main] wire:72 -  >> "Content-Length: 49[\r][\n]"
2022-10-03 17:55:38,301 DEBUG [main] wire:72 -  >> "Host: restapi.adequateshop.com[\r][\n]"
2022-10-03 17:55:38,301 DEBUG [main] wire:72 -  >> "Connection: Keep-Alive[\r][\n]"
2022-10-03 17:55:38,301 DEBUG [main] wire:72 -  >> "User-Agent: Apache-HttpClient/4.5.2 (Java/11.0.15.1)[\r][\n]"
2022-10-03 17:55:38,301 DEBUG [main] wire:72 -  >> "Accept-Encoding: gzip,deflate[\r][\n]"
2022-10-03 17:55:38,301 DEBUG [main] wire:72 -  >> "[\r][\n]"
2022-10-03 17:55:38,302 DEBUG [main] headers:280 - >> POST /api/authaccount/login HTTP/1.1
2022-10-03 17:55:38,302 DEBUG [main] headers:283 - >> Accept: */*
2022-10-03 17:55:38,302 DEBUG [main] headers:283 - >> Content-Type: application/json
2022-10-03 17:55:38,302 DEBUG [main] headers:283 - >> Content-Length: 49
2022-10-03 17:55:38,302 DEBUG [main] headers:283 - >> Host: restapi.adequateshop.com
2022-10-03 17:55:38,302 DEBUG [main] headers:283 - >> Connection: Keep-Alive
2022-10-03 17:55:38,302 DEBUG [main] headers:283 - >> User-Agent: Apache-HttpClient/4.5.2 (Java/11.0.15.1)
2022-10-03 17:55:38,302 DEBUG [main] headers:283 - >> Accept-Encoding: gzip,deflate
2022-10-03 17:55:38,302 DEBUG [main] wire:86 -  >> "{"email":"tester@test.com","password":"test@123"}"
2022-10-03 17:55:38,447 DEBUG [main] wire:72 -  << "HTTP/1.1 200 OK[\r][\n]"
2022-10-03 17:55:38,447 DEBUG [main] wire:72 -  << "Cache-Control: no-cache[\r][\n]"
2022-10-03 17:55:38,447 DEBUG [main] wire:72 -  << "Pragma: no-cache[\r][\n]"
2022-10-03 17:55:38,448 DEBUG [main] wire:72 -  << "Content-Type: application/json; charset=utf-8[\r][\n]"
2022-10-03 17:55:38,448 DEBUG [main] wire:72 -  << "Expires: -1[\r][\n]"
2022-10-03 17:55:38,448 DEBUG [main] wire:72 -  << "Server: Microsoft-IIS/10.0[\r][\n]"
2022-10-03 17:55:38,448 DEBUG [main] wire:72 -  << "X-AspNet-Version: 4.0.30319[\r][\n]"
2022-10-03 17:55:38,449 DEBUG [main] wire:72 -  << "X-Powered-By: ASP.NET[\r][\n]"
2022-10-03 17:55:38,449 DEBUG [main] wire:72 -  << "Date: Mon, 03 Oct 2022 12:24:55 GMT[\r][\n]"
2022-10-03 17:55:38,449 DEBUG [main] wire:72 -  << "Content-Length: 140[\r][\n]"
2022-10-03 17:55:38,449 DEBUG [main] wire:72 -  << "[\r][\n]"
2022-10-03 17:55:38,449 DEBUG [main] DefaultClientConnection:261 - Receiving response: HTTP/1.1 200 OK
2022-10-03 17:55:38,449 DEBUG [main] headers:264 - << HTTP/1.1 200 OK
2022-10-03 17:55:38,449 DEBUG [main] headers:267 - << Cache-Control: no-cache
2022-10-03 17:55:38,449 DEBUG [main] headers:267 - << Pragma: no-cache
2022-10-03 17:55:38,450 DEBUG [main] headers:267 - << Content-Type: application/json; charset=utf-8
2022-10-03 17:55:38,450 DEBUG [main] headers:267 - << Expires: -1
2022-10-03 17:55:38,450 DEBUG [main] headers:267 - << Server: Microsoft-IIS/10.0
2022-10-03 17:55:38,450 DEBUG [main] headers:267 - << X-AspNet-Version: 4.0.30319
2022-10-03 17:55:38,450 DEBUG [main] headers:267 - << X-Powered-By: ASP.NET
2022-10-03 17:55:38,450 DEBUG [main] headers:267 - << Date: Mon, 03 Oct 2022 12:24:55 GMT
2022-10-03 17:55:38,450 DEBUG [main] headers:267 - << Content-Length: 140
2022-10-03 17:55:38,450 DEBUG [main] DefaultHttpClient:511 - Connection can be kept alive indefinitely
2022-10-03 17:55:38,450 DEBUG [main] RestAssuredHttpBuilder:553 - Parsing response as: application/json; charset=utf-8
2022-10-03 17:55:38,451 DEBUG [main] RestAssuredHttpBuilder:556 - Parsed data to instance of: class org.apache.http.conn.EofSensorInputStream
2022-10-03 17:55:38,451 DEBUG [main] wire:86 -  << "{"code":0,"message":"success","data":{"Id":161540,"Name":"Tester","Email":"tester@test.com","Token":"05a0b99d-0641-4141-a44a-688902cc4f09"}}"
2022-10-03 17:55:38,452 DEBUG [main] BasicClientConnectionManager:203 - Releasing connection org.apache.http.impl.conn.ManagedClientConnectionImpl@45832b85
2022-10-03 17:55:38,452 DEBUG [main] BasicClientConnectionManager:228 - Connection can be kept alive indefinitely
2022-10-03 17:55:38,463  INFO [main] SetUp:31 - Entered readExcel method
2022-10-03 17:55:38,479  INFO [main] SetUp:61 - Entered writeCell method
2022-10-03 17:55:38,488  INFO [main] SetUp:61 - Entered writeCell method
2022-10-03 17:55:38,494  INFO [main] SetUp:47 - Entered getValue method
2022-10-03 17:55:38,494  INFO [main] SetUp:47 - Entered getValue method
2022-10-03 17:55:38,498 DEBUG [main] BasicClientConnectionManager:164 - Get connection for route {}->http://restapi.adequateshop.com:80
2022-10-03 17:55:38,498 DEBUG [main] DefaultClientConnectionOperator:176 - Connecting to restapi.adequateshop.com:80
2022-10-03 17:55:38,589 DEBUG [main] RequestAddCookies:122 - CookieSpec selected: ignoreCookies
2022-10-03 17:55:38,590 DEBUG [main] RequestAuthCache:76 - Auth cache not set in the context
2022-10-03 17:55:38,590 DEBUG [main] RequestProxyAuthentication:88 - Proxy auth state: UNCHALLENGED
2022-10-03 17:55:38,590 DEBUG [main] DefaultHttpClient:684 - Attempt 1 to execute request
2022-10-03 17:55:38,590 DEBUG [main] DefaultClientConnection:276 - Sending request: POST /api/users HTTP/1.1
2022-10-03 17:55:38,591 DEBUG [main] wire:72 -  >> "POST /api/users HTTP/1.1[\r][\n]"
2022-10-03 17:55:38,591 DEBUG [main] wire:72 -  >> "Authorization: Bearer 05a0b99d-0641-4141-a44a-688902cc4f09[\r][\n]"
2022-10-03 17:55:38,591 DEBUG [main] wire:72 -  >> "Accept: */*[\r][\n]"
2022-10-03 17:55:38,591 DEBUG [main] wire:72 -  >> "Content-Type: application/json[\r][\n]"
2022-10-03 17:55:38,592 DEBUG [main] wire:72 -  >> "Content-Length: 69[\r][\n]"
2022-10-03 17:55:38,592 DEBUG [main] wire:72 -  >> "Host: restapi.adequateshop.com[\r][\n]"
2022-10-03 17:55:38,592 DEBUG [main] wire:72 -  >> "Connection: Keep-Alive[\r][\n]"
2022-10-03 17:55:38,592 DEBUG [main] wire:72 -  >> "User-Agent: Apache-HttpClient/4.5.2 (Java/11.0.15.1)[\r][\n]"
2022-10-03 17:55:38,593 DEBUG [main] wire:72 -  >> "Accept-Encoding: gzip,deflate[\r][\n]"
2022-10-03 17:55:38,593 DEBUG [main] wire:72 -  >> "[\r][\n]"
2022-10-03 17:55:38,593 DEBUG [main] headers:280 - >> POST /api/users HTTP/1.1
2022-10-03 17:55:38,593 DEBUG [main] headers:283 - >> Authorization: Bearer 05a0b99d-0641-4141-a44a-688902cc4f09
2022-10-03 17:55:38,593 DEBUG [main] headers:283 - >> Accept: */*
2022-10-03 17:55:38,593 DEBUG [main] headers:283 - >> Content-Type: application/json
2022-10-03 17:55:38,594 DEBUG [main] headers:283 - >> Content-Length: 69
2022-10-03 17:55:38,594 DEBUG [main] headers:283 - >> Host: restapi.adequateshop.com
2022-10-03 17:55:38,594 DEBUG [main] headers:283 - >> Connection: Keep-Alive
2022-10-03 17:55:38,594 DEBUG [main] headers:283 - >> User-Agent: Apache-HttpClient/4.5.2 (Java/11.0.15.1)
2022-10-03 17:55:38,594 DEBUG [main] headers:283 - >> Accept-Encoding: gzip,deflate
2022-10-03 17:55:38,595 DEBUG [main] wire:86 -  >> "{"name":"Gouranga","email":"phqfvitv9e3z@email.com","location":"USA"}"
2022-10-03 17:55:38,772 DEBUG [main] wire:72 -  << "HTTP/1.1 201 Created[\r][\n]"
2022-10-03 17:55:38,773 DEBUG [main] wire:72 -  << "Cache-Control: no-cache[\r][\n]"
2022-10-03 17:55:38,773 DEBUG [main] wire:72 -  << "Pragma: no-cache[\r][\n]"
2022-10-03 17:55:38,773 DEBUG [main] wire:72 -  << "Content-Type: application/json; charset=utf-8[\r][\n]"
2022-10-03 17:55:38,773 DEBUG [main] wire:72 -  << "Expires: -1[\r][\n]"
2022-10-03 17:55:38,773 DEBUG [main] wire:72 -  << "Location: http://restapi.adequateshop.com/api/users/164676[\r][\n]"
2022-10-03 17:55:38,774 DEBUG [main] wire:72 -  << "Server: Microsoft-IIS/10.0[\r][\n]"
2022-10-03 17:55:38,774 DEBUG [main] wire:72 -  << "X-AspNet-Version: 4.0.30319[\r][\n]"
2022-10-03 17:55:38,774 DEBUG [main] wire:72 -  << "X-Powered-By: ASP.NET[\r][\n]"
2022-10-03 17:55:38,774 DEBUG [main] wire:72 -  << "Date: Mon, 03 Oct 2022 12:24:56 GMT[\r][\n]"
2022-10-03 17:55:38,774 DEBUG [main] wire:72 -  << "Content-Length: 207[\r][\n]"
2022-10-03 17:55:38,775 DEBUG [main] wire:72 -  << "[\r][\n]"
2022-10-03 17:55:38,775 DEBUG [main] DefaultClientConnection:261 - Receiving response: HTTP/1.1 201 Created
2022-10-03 17:55:38,775 DEBUG [main] headers:264 - << HTTP/1.1 201 Created
2022-10-03 17:55:38,775 DEBUG [main] headers:267 - << Cache-Control: no-cache
2022-10-03 17:55:38,775 DEBUG [main] headers:267 - << Pragma: no-cache
2022-10-03 17:55:38,775 DEBUG [main] headers:267 - << Content-Type: application/json; charset=utf-8
2022-10-03 17:55:38,776 DEBUG [main] headers:267 - << Expires: -1
2022-10-03 17:55:38,776 DEBUG [main] headers:267 - << Location: http://restapi.adequateshop.com/api/users/164676
2022-10-03 17:55:38,776 DEBUG [main] headers:267 - << Server: Microsoft-IIS/10.0
2022-10-03 17:55:38,776 DEBUG [main] headers:267 - << X-AspNet-Version: 4.0.30319
2022-10-03 17:55:38,776 DEBUG [main] headers:267 - << X-Powered-By: ASP.NET
2022-10-03 17:55:38,776 DEBUG [main] headers:267 - << Date: Mon, 03 Oct 2022 12:24:56 GMT
2022-10-03 17:55:38,776 DEBUG [main] headers:267 - << Content-Length: 207
2022-10-03 17:55:38,777 DEBUG [main] DefaultHttpClient:511 - Connection can be kept alive indefinitely
2022-10-03 17:55:38,777 DEBUG [main] RestAssuredHttpBuilder:553 - Parsing response as: application/json; charset=utf-8
2022-10-03 17:55:38,777 DEBUG [main] RestAssuredHttpBuilder:556 - Parsed data to instance of: class org.apache.http.conn.EofSensorInputStream
2022-10-03 17:55:38,778 DEBUG [main] wire:86 -  << "{"id":164676,"name":"Gouranga","email":"phqfvitv9e3z@email.com","profilepicture":"http://restapi.adequateshop.com/Media//Images/userimageicon.png","location":"USA","createdat":"2022-10-03T12:24:56.5471019Z"}"
2022-10-03 17:55:38,778 DEBUG [main] BasicClientConnectionManager:203 - Releasing connection org.apache.http.impl.conn.ManagedClientConnectionImpl@6f430ea8
2022-10-03 17:55:38,778 DEBUG [main] BasicClientConnectionManager:228 - Connection can be kept alive indefinitely
2022-10-03 17:55:38,791 DEBUG [main] BasicClientConnectionManager:164 - Get connection for route {}->http://restapi.adequateshop.com:80
2022-10-03 17:55:38,791 DEBUG [main] DefaultClientConnectionOperator:176 - Connecting to restapi.adequateshop.com:80
2022-10-03 17:55:38,879 DEBUG [main] RequestAddCookies:122 - CookieSpec selected: ignoreCookies
2022-10-03 17:55:38,880 DEBUG [main] RequestAuthCache:76 - Auth cache not set in the context
2022-10-03 17:55:38,880 DEBUG [main] RequestProxyAuthentication:88 - Proxy auth state: UNCHALLENGED
2022-10-03 17:55:38,880 DEBUG [main] DefaultHttpClient:684 - Attempt 1 to execute request
2022-10-03 17:55:38,880 DEBUG [main] DefaultClientConnection:276 - Sending request: PUT /api/users/164676 HTTP/1.1
2022-10-03 17:55:38,881 DEBUG [main] wire:72 -  >> "PUT /api/users/164676 HTTP/1.1[\r][\n]"
2022-10-03 17:55:38,881 DEBUG [main] wire:72 -  >> "Authorization: Bearer 05a0b99d-0641-4141-a44a-688902cc4f09[\r][\n]"
2022-10-03 17:55:38,881 DEBUG [main] wire:72 -  >> "Accept: */*[\r][\n]"
2022-10-03 17:55:38,882 DEBUG [main] wire:72 -  >> "Content-Type: application/json[\r][\n]"
2022-10-03 17:55:38,882 DEBUG [main] wire:72 -  >> "Content-Length: 96[\r][\n]"
2022-10-03 17:55:38,882 DEBUG [main] wire:72 -  >> "Host: restapi.adequateshop.com[\r][\n]"
2022-10-03 17:55:38,882 DEBUG [main] wire:72 -  >> "Connection: Keep-Alive[\r][\n]"
2022-10-03 17:55:38,882 DEBUG [main] wire:72 -  >> "User-Agent: Apache-HttpClient/4.5.2 (Java/11.0.15.1)[\r][\n]"
2022-10-03 17:55:38,883 DEBUG [main] wire:72 -  >> "Accept-Encoding: gzip,deflate[\r][\n]"
2022-10-03 17:55:38,883 DEBUG [main] wire:72 -  >> "[\r][\n]"
2022-10-03 17:55:38,883 DEBUG [main] headers:280 - >> PUT /api/users/164676 HTTP/1.1
2022-10-03 17:55:38,884 DEBUG [main] headers:283 - >> Authorization: Bearer 05a0b99d-0641-4141-a44a-688902cc4f09
2022-10-03 17:55:38,884 DEBUG [main] headers:283 - >> Accept: */*
2022-10-03 17:55:38,884 DEBUG [main] headers:283 - >> Content-Type: application/json
2022-10-03 17:55:38,884 DEBUG [main] headers:283 - >> Content-Length: 96
2022-10-03 17:55:38,884 DEBUG [main] headers:283 - >> Host: restapi.adequateshop.com
2022-10-03 17:55:38,885 DEBUG [main] headers:283 - >> Connection: Keep-Alive
2022-10-03 17:55:38,885 DEBUG [main] headers:283 - >> User-Agent: Apache-HttpClient/4.5.2 (Java/11.0.15.1)
2022-10-03 17:55:38,885 DEBUG [main] headers:283 - >> Accept-Encoding: gzip,deflate
2022-10-03 17:55:38,885 DEBUG [main] wire:86 -  >> "{"id": 164676,"name":"traveler change name","email":"phqfvitv9e3z@email.com","location":"India"}"
2022-10-03 17:55:39,034 DEBUG [main] wire:72 -  << "HTTP/1.1 405 Method Not Allowed[\r][\n]"
2022-10-03 17:55:39,034 DEBUG [main] wire:72 -  << "Allow: GET, HEAD, OPTIONS, TRACE[\r][\n]"
2022-10-03 17:55:39,035 DEBUG [main] wire:72 -  << "Content-Type: text/html[\r][\n]"
2022-10-03 17:55:39,035 DEBUG [main] wire:72 -  << "Server: Microsoft-IIS/10.0[\r][\n]"
2022-10-03 17:55:39,035 DEBUG [main] wire:72 -  << "X-Powered-By: ASP.NET[\r][\n]"
2022-10-03 17:55:39,035 DEBUG [main] wire:72 -  << "Date: Mon, 03 Oct 2022 12:24:56 GMT[\r][\n]"
2022-10-03 17:55:39,035 DEBUG [main] wire:72 -  << "Content-Length: 1293[\r][\n]"
2022-10-03 17:55:39,035 DEBUG [main] wire:72 -  << "[\r][\n]"
2022-10-03 17:55:39,035 DEBUG [main] DefaultClientConnection:261 - Receiving response: HTTP/1.1 405 Method Not Allowed
2022-10-03 17:55:39,036 DEBUG [main] headers:264 - << HTTP/1.1 405 Method Not Allowed
2022-10-03 17:55:39,036 DEBUG [main] headers:267 - << Allow: GET, HEAD, OPTIONS, TRACE
2022-10-03 17:55:39,036 DEBUG [main] headers:267 - << Content-Type: text/html
2022-10-03 17:55:39,036 DEBUG [main] headers:267 - << Server: Microsoft-IIS/10.0
2022-10-03 17:55:39,036 DEBUG [main] headers:267 - << X-Powered-By: ASP.NET
2022-10-03 17:55:39,036 DEBUG [main] headers:267 - << Date: Mon, 03 Oct 2022 12:24:56 GMT
2022-10-03 17:55:39,036 DEBUG [main] headers:267 - << Content-Length: 1293
2022-10-03 17:55:39,037 DEBUG [main] DefaultHttpClient:511 - Connection can be kept alive indefinitely
2022-10-03 17:55:39,037 DEBUG [main] RestAssuredHttpBuilder:553 - Parsing response as: text/html
2022-10-03 17:55:39,037 DEBUG [main] RestAssuredHttpBuilder:556 - Parsed data to instance of: class org.apache.http.conn.EofSensorInputStream
2022-10-03 17:55:39,038 DEBUG [main] wire:72 -  << "<!DOCTYPE html PUBLIC "-//W3C//DTD XHTML 1.0 Strict//EN" "http://www.w3.org/TR/xhtml1/DTD/xhtml1-strict.dtd">[\r][\n]"
2022-10-03 17:55:39,038 DEBUG [main] wire:72 -  << "<html xmlns="http://www.w3.org/1999/xhtml">[\r][\n]"
2022-10-03 17:55:39,038 DEBUG [main] wire:72 -  << "<head>[\r][\n]"
2022-10-03 17:55:39,038 DEBUG [main] wire:72 -  << "<meta http-equiv="Content-Type" content="text/html; charset=iso-8859-1"/>[\r][\n]"
2022-10-03 17:55:39,039 DEBUG [main] wire:72 -  << "<title>405 - HTTP verb used to access this page is not allowed.</title>[\r][\n]"
2022-10-03 17:55:39,039 DEBUG [main] wire:72 -  << "<style type="text/css">[\r][\n]"
2022-10-03 17:55:39,039 DEBUG [main] wire:72 -  << "<!--[\r][\n]"
2022-10-03 17:55:39,039 DEBUG [main] wire:72 -  << "body{margin:0;font-size:.7em;font-family:Verdana, Arial, Helvetica, sans-serif;background:#EEEEEE;}[\r][\n]"
2022-10-03 17:55:39,039 DEBUG [main] wire:72 -  << "fieldset{padding:0 15px 10px 15px;} [\r][\n]"
2022-10-03 17:55:39,039 DEBUG [main] wire:72 -  << "h1{font-size:2.4em;margin:0;color:#FFF;}[\r][\n]"
2022-10-03 17:55:39,039 DEBUG [main] wire:72 -  << "h2{font-size:1.7em;margin:0;color:#CC0000;} [\r][\n]"
2022-10-03 17:55:39,039 DEBUG [main] wire:72 -  << "h3{font-size:1.2em;margin:10px 0 0 0;color:#000000;} [\r][\n]"
2022-10-03 17:55:39,039 DEBUG [main] wire:72 -  << "#header{width:96%;margin:0 0 0 0;padding:6px 2% 6px 2%;font-family:"trebuchet MS", Verdana, sans-serif;color:#FFF;[\r][\n]"
2022-10-03 17:55:39,039 DEBUG [main] wire:72 -  << "background-color:#555555;}[\r][\n]"
2022-10-03 17:55:39,039 DEBUG [main] wire:72 -  << "#content{margin:0 0 0 2%;position:relative;}[\r][\n]"
2022-10-03 17:55:39,039 DEBUG [main] wire:72 -  << ".content-container{background:#FFF;width:96%;margin-top:8px;padding:10px;position:relative;}[\r][\n]"
2022-10-03 17:55:39,039 DEBUG [main] wire:72 -  << "-->[\r][\n]"
2022-10-03 17:55:39,039 DEBUG [main] wire:72 -  << "</style>[\r][\n]"
2022-10-03 17:55:39,039 DEBUG [main] wire:72 -  << "</head>[\r][\n]"
2022-10-03 17:55:39,039 DEBUG [main] wire:72 -  << "<body>[\r][\n]"
2022-10-03 17:55:39,039 DEBUG [main] wire:72 -  << "<div id="header"><h1>Server Error</h1></div>[\r][\n]"
2022-10-03 17:55:39,039 DEBUG [main] wire:72 -  << "<div id="content">[\r][\n]"
2022-10-03 17:55:39,039 DEBUG [main] wire:72 -  << " <div class="content-container"><fieldset>[\r][\n]"
2022-10-03 17:55:39,040 DEBUG [main] wire:72 -  << "  <h2>405 - HTTP verb used to access this page is not allowed.</h2>[\r][\n]"
2022-10-03 17:55:39,040 DEBUG [main] wire:72 -  << "  <h3>The page you are looking for cannot be displayed because an invalid method (HTTP verb) was used to attempt access.</h3>[\r][\n]"
2022-10-03 17:55:39,040 DEBUG [main] wire:72 -  << " </fieldset></div>[\r][\n]"
2022-10-03 17:55:39,040 DEBUG [main] wire:72 -  << "</div>[\r][\n]"
2022-10-03 17:55:39,040 DEBUG [main] wire:72 -  << "</body>[\r][\n]"
2022-10-03 17:55:39,040 DEBUG [main] wire:72 -  << "</html>[\r][\n]"
2022-10-03 17:55:39,040 DEBUG [main] BasicClientConnectionManager:203 - Releasing connection org.apache.http.impl.conn.ManagedClientConnectionImpl@666b91db
2022-10-03 17:55:39,040 DEBUG [main] BasicClientConnectionManager:228 - Connection can be kept alive indefinitely
2022-10-03 17:55:39,395 DEBUG [Finalizer] DefaultClientConnection:182 - Connection 0.0.0.0:60589<->122.176.47.222:80 closed
2022-10-03 17:55:39,395 DEBUG [Finalizer] DefaultClientConnection:182 - Connection 0.0.0.0:60588<->122.176.47.222:80 closed
2022-10-03 17:55:39,397 DEBUG [Finalizer] DefaultClientConnection:182 - Connection 0.0.0.0:60585<->122.176.47.222:80 closed
2022-10-03 17:55:39,397 DEBUG [Finalizer] DefaultClientConnection:182 - Connection 0.0.0.0:60586<->122.176.47.222:80 closed
2022-10-03 17:55:39,398 DEBUG [Finalizer] DefaultClientConnection:182 - Connection 0.0.0.0:60587<->122.176.47.222:80 closed
2022-10-03 17:55:39,399 DEBUG [Finalizer] DefaultClientConnection:182 - Connection 0.0.0.0:60583<->122.176.47.222:80 closed
2022-10-03 17:55:39,400 DEBUG [Finalizer] DefaultClientConnection:182 - Connection 0.0.0.0:60584<->122.176.47.222:80 closed
