2022-09-22 14:27:24,613 DEBUG [main] BasicClientConnectionManager:164 - Get connection for route {}->http://restapi.adequateshop.com:80
2022-09-22 14:27:24,730 DEBUG [main] DefaultClientConnectionOperator:176 - Connecting to restapi.adequateshop.com:80
2022-09-22 14:27:24,844 DEBUG [main] RequestAddCookies:122 - CookieSpec selected: ignoreCookies
2022-09-22 14:27:24,846 DEBUG [main] RequestAuthCache:76 - Auth cache not set in the context
2022-09-22 14:27:24,847 DEBUG [main] RequestTargetAuthentication:79 - Target auth state: UNCHALLENGED
2022-09-22 14:27:24,848 DEBUG [main] RequestProxyAuthentication:88 - Proxy auth state: UNCHALLENGED
2022-09-22 14:27:24,848 DEBUG [main] DefaultHttpClient:684 - Attempt 1 to execute request
2022-09-22 14:27:24,848 DEBUG [main] DefaultClientConnection:276 - Sending request: POST /api/authaccount/login HTTP/1.1
2022-09-22 14:27:24,849 DEBUG [main] wire:72 -  >> "POST /api/authaccount/login HTTP/1.1[\r][\n]"
2022-09-22 14:27:24,851 DEBUG [main] wire:72 -  >> "Accept: */*[\r][\n]"
2022-09-22 14:27:24,851 DEBUG [main] wire:72 -  >> "Content-Type: application/json[\r][\n]"
2022-09-22 14:27:24,851 DEBUG [main] wire:72 -  >> "Content-Length: 49[\r][\n]"
2022-09-22 14:27:24,851 DEBUG [main] wire:72 -  >> "Host: restapi.adequateshop.com[\r][\n]"
2022-09-22 14:27:24,852 DEBUG [main] wire:72 -  >> "Connection: Keep-Alive[\r][\n]"
2022-09-22 14:27:24,852 DEBUG [main] wire:72 -  >> "User-Agent: Apache-HttpClient/4.5.2 (Java/11.0.15.1)[\r][\n]"
2022-09-22 14:27:24,852 DEBUG [main] wire:72 -  >> "Accept-Encoding: gzip,deflate[\r][\n]"
2022-09-22 14:27:24,854 DEBUG [main] wire:72 -  >> "[\r][\n]"
2022-09-22 14:27:24,854 DEBUG [main] headers:280 - >> POST /api/authaccount/login HTTP/1.1
2022-09-22 14:27:24,855 DEBUG [main] headers:283 - >> Accept: */*
2022-09-22 14:27:24,855 DEBUG [main] headers:283 - >> Content-Type: application/json
2022-09-22 14:27:24,855 DEBUG [main] headers:283 - >> Content-Length: 49
2022-09-22 14:27:24,855 DEBUG [main] headers:283 - >> Host: restapi.adequateshop.com
2022-09-22 14:27:24,856 DEBUG [main] headers:283 - >> Connection: Keep-Alive
2022-09-22 14:27:24,856 DEBUG [main] headers:283 - >> User-Agent: Apache-HttpClient/4.5.2 (Java/11.0.15.1)
2022-09-22 14:27:24,856 DEBUG [main] headers:283 - >> Accept-Encoding: gzip,deflate
2022-09-22 14:27:24,857 DEBUG [main] wire:86 -  >> "{"email":"tester@test.com","password":"test@123"}"
2022-09-22 14:27:25,007 DEBUG [main] wire:72 -  << "HTTP/1.1 200 OK[\r][\n]"
2022-09-22 14:27:25,012 DEBUG [main] wire:72 -  << "Cache-Control: no-cache[\r][\n]"
2022-09-22 14:27:25,012 DEBUG [main] wire:72 -  << "Pragma: no-cache[\r][\n]"
2022-09-22 14:27:25,012 DEBUG [main] wire:72 -  << "Content-Type: application/json; charset=utf-8[\r][\n]"
2022-09-22 14:27:25,013 DEBUG [main] wire:72 -  << "Expires: -1[\r][\n]"
2022-09-22 14:27:25,013 DEBUG [main] wire:72 -  << "Server: Microsoft-IIS/10.0[\r][\n]"
2022-09-22 14:27:25,013 DEBUG [main] wire:72 -  << "X-AspNet-Version: 4.0.30319[\r][\n]"
2022-09-22 14:27:25,013 DEBUG [main] wire:72 -  << "X-Powered-By: ASP.NET[\r][\n]"
2022-09-22 14:27:25,013 DEBUG [main] wire:72 -  << "Date: Thu, 22 Sep 2022 08:56:45 GMT[\r][\n]"
2022-09-22 14:27:25,013 DEBUG [main] wire:72 -  << "Content-Length: 140[\r][\n]"
2022-09-22 14:27:25,013 DEBUG [main] wire:72 -  << "[\r][\n]"
2022-09-22 14:27:25,013 DEBUG [main] DefaultClientConnection:261 - Receiving response: HTTP/1.1 200 OK
2022-09-22 14:27:25,013 DEBUG [main] headers:264 - << HTTP/1.1 200 OK
2022-09-22 14:27:25,013 DEBUG [main] headers:267 - << Cache-Control: no-cache
2022-09-22 14:27:25,013 DEBUG [main] headers:267 - << Pragma: no-cache
2022-09-22 14:27:25,015 DEBUG [main] headers:267 - << Content-Type: application/json; charset=utf-8
2022-09-22 14:27:25,015 DEBUG [main] headers:267 - << Expires: -1
2022-09-22 14:27:25,015 DEBUG [main] headers:267 - << Server: Microsoft-IIS/10.0
2022-09-22 14:27:25,015 DEBUG [main] headers:267 - << X-AspNet-Version: 4.0.30319
2022-09-22 14:27:25,015 DEBUG [main] headers:267 - << X-Powered-By: ASP.NET
2022-09-22 14:27:25,015 DEBUG [main] headers:267 - << Date: Thu, 22 Sep 2022 08:56:45 GMT
2022-09-22 14:27:25,015 DEBUG [main] headers:267 - << Content-Length: 140
2022-09-22 14:27:25,018 DEBUG [main] DefaultHttpClient:511 - Connection can be kept alive indefinitely
2022-09-22 14:27:25,020 DEBUG [main] RestAssuredHttpBuilder:553 - Parsing response as: application/json; charset=utf-8
2022-09-22 14:27:25,020 DEBUG [main] RestAssuredHttpBuilder:556 - Parsed data to instance of: class org.apache.http.conn.EofSensorInputStream
2022-09-22 14:27:25,043 DEBUG [main] wire:86 -  << "{"code":0,"message":"success","data":{"Id":161540,"Name":"Tester","Email":"tester@test.com","Token":"0e416721-590d-4e33-a7bc-0cbe8c28e0f1"}}"
2022-09-22 14:27:25,043 DEBUG [main] BasicClientConnectionManager:203 - Releasing connection org.apache.http.impl.conn.ManagedClientConnectionImpl@1e0895f5
2022-09-22 14:27:25,043 DEBUG [main] BasicClientConnectionManager:228 - Connection can be kept alive indefinitely
2022-09-22 14:27:25,479 DEBUG [main] BasicClientConnectionManager:164 - Get connection for route {}->http://restapi.adequateshop.com:80
2022-09-22 14:27:25,479 DEBUG [main] DefaultClientConnectionOperator:176 - Connecting to restapi.adequateshop.com:80
2022-09-22 14:27:25,571 DEBUG [main] RequestAddCookies:122 - CookieSpec selected: ignoreCookies
2022-09-22 14:27:25,571 DEBUG [main] RequestAuthCache:76 - Auth cache not set in the context
2022-09-22 14:27:25,571 DEBUG [main] RequestProxyAuthentication:88 - Proxy auth state: UNCHALLENGED
2022-09-22 14:27:25,571 DEBUG [main] DefaultHttpClient:684 - Attempt 1 to execute request
2022-09-22 14:27:25,571 DEBUG [main] DefaultClientConnection:276 - Sending request: POST /api/users HTTP/1.1
2022-09-22 14:27:25,572 DEBUG [main] wire:72 -  >> "POST /api/users HTTP/1.1[\r][\n]"
2022-09-22 14:27:25,572 DEBUG [main] wire:72 -  >> "Authorization: Bearer 0e416721-590d-4e33-a7bc-0cbe8c28e0f1[\r][\n]"
2022-09-22 14:27:25,572 DEBUG [main] wire:72 -  >> "Accept: */*[\r][\n]"
2022-09-22 14:27:25,572 DEBUG [main] wire:72 -  >> "Content-Type: application/json[\r][\n]"
2022-09-22 14:27:25,572 DEBUG [main] wire:72 -  >> "Content-Length: 57[\r][\n]"
2022-09-22 14:27:25,572 DEBUG [main] wire:72 -  >> "Host: restapi.adequateshop.com[\r][\n]"
2022-09-22 14:27:25,572 DEBUG [main] wire:72 -  >> "Connection: Keep-Alive[\r][\n]"
2022-09-22 14:27:25,572 DEBUG [main] wire:72 -  >> "User-Agent: Apache-HttpClient/4.5.2 (Java/11.0.15.1)[\r][\n]"
2022-09-22 14:27:25,572 DEBUG [main] wire:72 -  >> "Accept-Encoding: gzip,deflate[\r][\n]"
2022-09-22 14:27:25,572 DEBUG [main] wire:72 -  >> "[\r][\n]"
2022-09-22 14:27:25,572 DEBUG [main] headers:280 - >> POST /api/users HTTP/1.1
2022-09-22 14:27:25,572 DEBUG [main] headers:283 - >> Authorization: Bearer 0e416721-590d-4e33-a7bc-0cbe8c28e0f1
2022-09-22 14:27:25,572 DEBUG [main] headers:283 - >> Accept: */*
2022-09-22 14:27:25,572 DEBUG [main] headers:283 - >> Content-Type: application/json
2022-09-22 14:27:25,572 DEBUG [main] headers:283 - >> Content-Length: 57
2022-09-22 14:27:25,572 DEBUG [main] headers:283 - >> Host: restapi.adequateshop.com
2022-09-22 14:27:25,572 DEBUG [main] headers:283 - >> Connection: Keep-Alive
2022-09-22 14:27:25,573 DEBUG [main] headers:283 - >> User-Agent: Apache-HttpClient/4.5.2 (Java/11.0.15.1)
2022-09-22 14:27:25,573 DEBUG [main] headers:283 - >> Accept-Encoding: gzip,deflate
2022-09-22 14:27:25,573 DEBUG [main] wire:86 -  >> "{"name":"aveler","email":"evitv@12.com","location":"USA"}"
2022-09-22 14:27:25,723 DEBUG [main] wire:72 -  << "HTTP/1.1 400 Bad Request[\r][\n]"
2022-09-22 14:27:25,723 DEBUG [main] wire:72 -  << "Cache-Control: no-cache[\r][\n]"
2022-09-22 14:27:25,723 DEBUG [main] wire:72 -  << "Pragma: no-cache[\r][\n]"
2022-09-22 14:27:25,723 DEBUG [main] wire:72 -  << "Content-Type: application/json; charset=utf-8[\r][\n]"
2022-09-22 14:27:25,723 DEBUG [main] wire:72 -  << "Expires: -1[\r][\n]"
2022-09-22 14:27:25,724 DEBUG [main] wire:72 -  << "Server: Microsoft-IIS/10.0[\r][\n]"
2022-09-22 14:27:25,724 DEBUG [main] wire:72 -  << "X-AspNet-Version: 4.0.30319[\r][\n]"
2022-09-22 14:27:25,724 DEBUG [main] wire:72 -  << "X-Powered-By: ASP.NET[\r][\n]"
2022-09-22 14:27:25,724 DEBUG [main] wire:72 -  << "Date: Thu, 22 Sep 2022 08:56:46 GMT[\r][\n]"
2022-09-22 14:27:25,724 DEBUG [main] wire:72 -  << "Content-Length: 53[\r][\n]"
2022-09-22 14:27:25,724 DEBUG [main] wire:72 -  << "[\r][\n]"
2022-09-22 14:27:25,724 DEBUG [main] DefaultClientConnection:261 - Receiving response: HTTP/1.1 400 Bad Request
2022-09-22 14:27:25,724 DEBUG [main] headers:264 - << HTTP/1.1 400 Bad Request
2022-09-22 14:27:25,725 DEBUG [main] headers:267 - << Cache-Control: no-cache
2022-09-22 14:27:25,725 DEBUG [main] headers:267 - << Pragma: no-cache
2022-09-22 14:27:25,725 DEBUG [main] headers:267 - << Content-Type: application/json; charset=utf-8
2022-09-22 14:27:25,725 DEBUG [main] headers:267 - << Expires: -1
2022-09-22 14:27:25,725 DEBUG [main] headers:267 - << Server: Microsoft-IIS/10.0
2022-09-22 14:27:25,725 DEBUG [main] headers:267 - << X-AspNet-Version: 4.0.30319
2022-09-22 14:27:25,725 DEBUG [main] headers:267 - << X-Powered-By: ASP.NET
2022-09-22 14:27:25,725 DEBUG [main] headers:267 - << Date: Thu, 22 Sep 2022 08:56:46 GMT
2022-09-22 14:27:25,725 DEBUG [main] headers:267 - << Content-Length: 53
2022-09-22 14:27:25,726 DEBUG [main] DefaultHttpClient:511 - Connection can be kept alive indefinitely
2022-09-22 14:27:25,726 DEBUG [main] RestAssuredHttpBuilder:553 - Parsing response as: application/json; charset=utf-8
2022-09-22 14:27:25,726 DEBUG [main] RestAssuredHttpBuilder:556 - Parsed data to instance of: class org.apache.http.conn.EofSensorInputStream
2022-09-22 14:27:25,733 DEBUG [main] wire:86 -  << "{"Message":"Pleae try with different email address!"}"
2022-09-22 14:27:25,733 DEBUG [main] BasicClientConnectionManager:203 - Releasing connection org.apache.http.impl.conn.ManagedClientConnectionImpl@796f632b
2022-09-22 14:27:25,733 DEBUG [main] BasicClientConnectionManager:228 - Connection can be kept alive indefinitely
2022-09-22 14:27:25,757 ERROR [main] SetUp:203 - java.lang.NullPointerException
