2022-09-27 12:58:23,506  INFO [main] SetUp:31 - Entered readExcel method
2022-09-27 12:58:24,758 DEBUG [main] BasicClientConnectionManager:164 - Get connection for route {}->http://restapi.adequateshop.com:80
2022-09-27 12:58:24,770 DEBUG [main] DefaultClientConnectionOperator:176 - Connecting to restapi.adequateshop.com:80
2022-09-27 12:58:24,911 DEBUG [main] RequestAddCookies:122 - CookieSpec selected: ignoreCookies
2022-09-27 12:58:24,912 DEBUG [main] RequestAuthCache:76 - Auth cache not set in the context
2022-09-27 12:58:24,913 DEBUG [main] RequestTargetAuthentication:79 - Target auth state: UNCHALLENGED
2022-09-27 12:58:24,916 DEBUG [main] RequestProxyAuthentication:88 - Proxy auth state: UNCHALLENGED
2022-09-27 12:58:24,916 DEBUG [main] DefaultHttpClient:684 - Attempt 1 to execute request
2022-09-27 12:58:24,916 DEBUG [main] DefaultClientConnection:276 - Sending request: POST /api/authaccount/login HTTP/1.1
2022-09-27 12:58:24,916 DEBUG [main] wire:72 -  >> "POST /api/authaccount/login HTTP/1.1[\r][\n]"
2022-09-27 12:58:24,917 DEBUG [main] wire:72 -  >> "Accept: */*[\r][\n]"
2022-09-27 12:58:24,918 DEBUG [main] wire:72 -  >> "Content-Type: application/json[\r][\n]"
2022-09-27 12:58:24,918 DEBUG [main] wire:72 -  >> "Content-Length: 49[\r][\n]"
2022-09-27 12:58:24,918 DEBUG [main] wire:72 -  >> "Host: restapi.adequateshop.com[\r][\n]"
2022-09-27 12:58:24,918 DEBUG [main] wire:72 -  >> "Connection: Keep-Alive[\r][\n]"
2022-09-27 12:58:24,918 DEBUG [main] wire:72 -  >> "User-Agent: Apache-HttpClient/4.5.2 (Java/11.0.15.1)[\r][\n]"
2022-09-27 12:58:24,919 DEBUG [main] wire:72 -  >> "Accept-Encoding: gzip,deflate[\r][\n]"
2022-09-27 12:58:24,919 DEBUG [main] wire:72 -  >> "[\r][\n]"
2022-09-27 12:58:24,919 DEBUG [main] headers:280 - >> POST /api/authaccount/login HTTP/1.1
2022-09-27 12:58:24,919 DEBUG [main] headers:283 - >> Accept: */*
2022-09-27 12:58:24,919 DEBUG [main] headers:283 - >> Content-Type: application/json
2022-09-27 12:58:24,919 DEBUG [main] headers:283 - >> Content-Length: 49
2022-09-27 12:58:24,919 DEBUG [main] headers:283 - >> Host: restapi.adequateshop.com
2022-09-27 12:58:24,919 DEBUG [main] headers:283 - >> Connection: Keep-Alive
2022-09-27 12:58:24,919 DEBUG [main] headers:283 - >> User-Agent: Apache-HttpClient/4.5.2 (Java/11.0.15.1)
2022-09-27 12:58:24,920 DEBUG [main] headers:283 - >> Accept-Encoding: gzip,deflate
2022-09-27 12:58:24,920 DEBUG [main] wire:86 -  >> "{"email":"tester@test.com","password":"test@123"}"
2022-09-27 12:58:25,083 DEBUG [main] wire:72 -  << "HTTP/1.1 200 OK[\r][\n]"
2022-09-27 12:58:25,086 DEBUG [main] wire:72 -  << "Cache-Control: no-cache[\r][\n]"
2022-09-27 12:58:25,086 DEBUG [main] wire:72 -  << "Pragma: no-cache[\r][\n]"
2022-09-27 12:58:25,086 DEBUG [main] wire:72 -  << "Content-Type: application/json; charset=utf-8[\r][\n]"
2022-09-27 12:58:25,087 DEBUG [main] wire:72 -  << "Expires: -1[\r][\n]"
2022-09-27 12:58:25,087 DEBUG [main] wire:72 -  << "Server: Microsoft-IIS/10.0[\r][\n]"
2022-09-27 12:58:25,087 DEBUG [main] wire:72 -  << "X-AspNet-Version: 4.0.30319[\r][\n]"
2022-09-27 12:58:25,087 DEBUG [main] wire:72 -  << "X-Powered-By: ASP.NET[\r][\n]"
2022-09-27 12:58:25,087 DEBUG [main] wire:72 -  << "Date: Tue, 27 Sep 2022 07:27:43 GMT[\r][\n]"
2022-09-27 12:58:25,087 DEBUG [main] wire:72 -  << "Content-Length: 140[\r][\n]"
2022-09-27 12:58:25,087 DEBUG [main] wire:72 -  << "[\r][\n]"
2022-09-27 12:58:25,088 DEBUG [main] DefaultClientConnection:261 - Receiving response: HTTP/1.1 200 OK
2022-09-27 12:58:25,088 DEBUG [main] headers:264 - << HTTP/1.1 200 OK
2022-09-27 12:58:25,089 DEBUG [main] headers:267 - << Cache-Control: no-cache
2022-09-27 12:58:25,089 DEBUG [main] headers:267 - << Pragma: no-cache
2022-09-27 12:58:25,089 DEBUG [main] headers:267 - << Content-Type: application/json; charset=utf-8
2022-09-27 12:58:25,089 DEBUG [main] headers:267 - << Expires: -1
2022-09-27 12:58:25,089 DEBUG [main] headers:267 - << Server: Microsoft-IIS/10.0
2022-09-27 12:58:25,089 DEBUG [main] headers:267 - << X-AspNet-Version: 4.0.30319
2022-09-27 12:58:25,089 DEBUG [main] headers:267 - << X-Powered-By: ASP.NET
2022-09-27 12:58:25,090 DEBUG [main] headers:267 - << Date: Tue, 27 Sep 2022 07:27:43 GMT
2022-09-27 12:58:25,090 DEBUG [main] headers:267 - << Content-Length: 140
2022-09-27 12:58:25,092 DEBUG [main] DefaultHttpClient:511 - Connection can be kept alive indefinitely
2022-09-27 12:58:25,097 DEBUG [main] RestAssuredHttpBuilder:553 - Parsing response as: application/json; charset=utf-8
2022-09-27 12:58:25,097 DEBUG [main] RestAssuredHttpBuilder:556 - Parsed data to instance of: class org.apache.http.conn.EofSensorInputStream
2022-09-27 12:58:25,125 DEBUG [main] wire:86 -  << "{"code":0,"message":"success","data":{"Id":161540,"Name":"Tester","Email":"tester@test.com","Token":"b3474fb8-8caa-42ba-9e9b-449a7eb286f1"}}"
2022-09-27 12:58:25,126 DEBUG [main] BasicClientConnectionManager:203 - Releasing connection org.apache.http.impl.conn.ManagedClientConnectionImpl@656a3d6b
2022-09-27 12:58:25,126 DEBUG [main] BasicClientConnectionManager:228 - Connection can be kept alive indefinitely
2022-09-27 12:58:25,557  INFO [main] SetUp:31 - Entered readExcel method
2022-09-27 12:58:25,650  INFO [main] SetUp:61 - Entered writeCell method
2022-09-27 12:58:25,764  INFO [main] SetUp:61 - Entered writeCell method
2022-09-27 12:58:25,774  INFO [main] SetUp:47 - Entered getValue method
2022-09-27 12:58:25,775  INFO [main] SetUp:47 - Entered getValue method
2022-09-27 12:58:25,787 DEBUG [main] BasicClientConnectionManager:164 - Get connection for route {}->http://restapi.adequateshop.com:80
2022-09-27 12:58:25,788 DEBUG [main] DefaultClientConnectionOperator:176 - Connecting to restapi.adequateshop.com:80
2022-09-27 12:58:25,902 DEBUG [main] RequestAddCookies:122 - CookieSpec selected: ignoreCookies
2022-09-27 12:58:25,902 DEBUG [main] RequestAuthCache:76 - Auth cache not set in the context
2022-09-27 12:58:25,902 DEBUG [main] RequestProxyAuthentication:88 - Proxy auth state: UNCHALLENGED
2022-09-27 12:58:25,902 DEBUG [main] DefaultHttpClient:684 - Attempt 1 to execute request
2022-09-27 12:58:25,902 DEBUG [main] DefaultClientConnection:276 - Sending request: POST /api/users HTTP/1.1
2022-09-27 12:58:25,903 DEBUG [main] wire:72 -  >> "POST /api/users HTTP/1.1[\r][\n]"
2022-09-27 12:58:25,903 DEBUG [main] wire:72 -  >> "Authorization: Bearer b3474fb8-8caa-42ba-9e9b-449a7eb286f1[\r][\n]"
2022-09-27 12:58:25,903 DEBUG [main] wire:72 -  >> "Accept: */*[\r][\n]"
2022-09-27 12:58:25,903 DEBUG [main] wire:72 -  >> "Content-Type: application/json[\r][\n]"
2022-09-27 12:58:25,903 DEBUG [main] wire:72 -  >> "Content-Length: 69[\r][\n]"
2022-09-27 12:58:25,903 DEBUG [main] wire:72 -  >> "Host: restapi.adequateshop.com[\r][\n]"
2022-09-27 12:58:25,903 DEBUG [main] wire:72 -  >> "Connection: Keep-Alive[\r][\n]"
2022-09-27 12:58:25,903 DEBUG [main] wire:72 -  >> "User-Agent: Apache-HttpClient/4.5.2 (Java/11.0.15.1)[\r][\n]"
2022-09-27 12:58:25,904 DEBUG [main] wire:72 -  >> "Accept-Encoding: gzip,deflate[\r][\n]"
2022-09-27 12:58:25,904 DEBUG [main] wire:72 -  >> "[\r][\n]"
2022-09-27 12:58:25,904 DEBUG [main] headers:280 - >> POST /api/users HTTP/1.1
2022-09-27 12:58:25,904 DEBUG [main] headers:283 - >> Authorization: Bearer b3474fb8-8caa-42ba-9e9b-449a7eb286f1
2022-09-27 12:58:25,905 DEBUG [main] headers:283 - >> Accept: */*
2022-09-27 12:58:25,905 DEBUG [main] headers:283 - >> Content-Type: application/json
2022-09-27 12:58:25,905 DEBUG [main] headers:283 - >> Content-Length: 69
2022-09-27 12:58:25,905 DEBUG [main] headers:283 - >> Host: restapi.adequateshop.com
2022-09-27 12:58:25,905 DEBUG [main] headers:283 - >> Connection: Keep-Alive
2022-09-27 12:58:25,905 DEBUG [main] headers:283 - >> User-Agent: Apache-HttpClient/4.5.2 (Java/11.0.15.1)
2022-09-27 12:58:25,905 DEBUG [main] headers:283 - >> Accept-Encoding: gzip,deflate
2022-09-27 12:58:25,906 DEBUG [main] wire:86 -  >> "{"name":"Mahendra","email":"aprbwbaq6d7j@email.com","location":"USA"}"
2022-09-27 12:58:26,086 DEBUG [main] wire:72 -  << "HTTP/1.1 201 Created[\r][\n]"
2022-09-27 12:58:26,086 DEBUG [main] wire:72 -  << "Cache-Control: no-cache[\r][\n]"
2022-09-27 12:58:26,086 DEBUG [main] wire:72 -  << "Pragma: no-cache[\r][\n]"
2022-09-27 12:58:26,086 DEBUG [main] wire:72 -  << "Content-Type: application/json; charset=utf-8[\r][\n]"
2022-09-27 12:58:26,086 DEBUG [main] wire:72 -  << "Expires: -1[\r][\n]"
2022-09-27 12:58:26,087 DEBUG [main] wire:72 -  << "Location: http://restapi.adequateshop.com/api/users/163676[\r][\n]"
2022-09-27 12:58:26,087 DEBUG [main] wire:72 -  << "Server: Microsoft-IIS/10.0[\r][\n]"
2022-09-27 12:58:26,087 DEBUG [main] wire:72 -  << "X-AspNet-Version: 4.0.30319[\r][\n]"
2022-09-27 12:58:26,087 DEBUG [main] wire:72 -  << "X-Powered-By: ASP.NET[\r][\n]"
2022-09-27 12:58:26,087 DEBUG [main] wire:72 -  << "Date: Tue, 27 Sep 2022 07:27:44 GMT[\r][\n]"
2022-09-27 12:58:26,087 DEBUG [main] wire:72 -  << "Content-Length: 206[\r][\n]"
2022-09-27 12:58:26,087 DEBUG [main] wire:72 -  << "[\r][\n]"
2022-09-27 12:58:26,087 DEBUG [main] DefaultClientConnection:261 - Receiving response: HTTP/1.1 201 Created
2022-09-27 12:58:26,087 DEBUG [main] headers:264 - << HTTP/1.1 201 Created
2022-09-27 12:58:26,087 DEBUG [main] headers:267 - << Cache-Control: no-cache
2022-09-27 12:58:26,087 DEBUG [main] headers:267 - << Pragma: no-cache
2022-09-27 12:58:26,089 DEBUG [main] headers:267 - << Content-Type: application/json; charset=utf-8
2022-09-27 12:58:26,089 DEBUG [main] headers:267 - << Expires: -1
2022-09-27 12:58:26,089 DEBUG [main] headers:267 - << Location: http://restapi.adequateshop.com/api/users/163676
2022-09-27 12:58:26,089 DEBUG [main] headers:267 - << Server: Microsoft-IIS/10.0
2022-09-27 12:58:26,089 DEBUG [main] headers:267 - << X-AspNet-Version: 4.0.30319
2022-09-27 12:58:26,089 DEBUG [main] headers:267 - << X-Powered-By: ASP.NET
2022-09-27 12:58:26,089 DEBUG [main] headers:267 - << Date: Tue, 27 Sep 2022 07:27:44 GMT
2022-09-27 12:58:26,089 DEBUG [main] headers:267 - << Content-Length: 206
2022-09-27 12:58:26,089 DEBUG [main] DefaultHttpClient:511 - Connection can be kept alive indefinitely
2022-09-27 12:58:26,089 DEBUG [main] RestAssuredHttpBuilder:553 - Parsing response as: application/json; charset=utf-8
2022-09-27 12:58:26,090 DEBUG [main] RestAssuredHttpBuilder:556 - Parsed data to instance of: class org.apache.http.conn.EofSensorInputStream
2022-09-27 12:58:26,094 DEBUG [main] wire:86 -  << "{"id":163676,"name":"Mahendra","email":"aprbwbaq6d7j@email.com","profilepicture":"http://restapi.adequateshop.com/Media//Images/userimageicon.png","location":"USA","createdat":"2022-09-27T07:27:45.279283Z"}"
2022-09-27 12:58:26,094 DEBUG [main] BasicClientConnectionManager:203 - Releasing connection org.apache.http.impl.conn.ManagedClientConnectionImpl@62108cd3
2022-09-27 12:58:26,095 DEBUG [main] BasicClientConnectionManager:228 - Connection can be kept alive indefinitely
2022-09-27 12:58:26,138 DEBUG [main] BasicClientConnectionManager:164 - Get connection for route {}->http://restapi.adequateshop.com:80
2022-09-27 12:58:26,139 DEBUG [main] DefaultClientConnectionOperator:176 - Connecting to restapi.adequateshop.com:80
2022-09-27 12:58:26,251 DEBUG [main] RequestAddCookies:122 - CookieSpec selected: ignoreCookies
2022-09-27 12:58:26,252 DEBUG [main] RequestAuthCache:76 - Auth cache not set in the context
2022-09-27 12:58:26,252 DEBUG [main] RequestProxyAuthentication:88 - Proxy auth state: UNCHALLENGED
2022-09-27 12:58:26,252 DEBUG [main] DefaultHttpClient:684 - Attempt 1 to execute request
2022-09-27 12:58:26,252 DEBUG [main] DefaultClientConnection:276 - Sending request: DELETE /api/users/163676 HTTP/1.1
2022-09-27 12:58:26,253 DEBUG [main] wire:72 -  >> "DELETE /api/users/163676 HTTP/1.1[\r][\n]"
2022-09-27 12:58:26,253 DEBUG [main] wire:72 -  >> "Authorization: Bearer b3474fb8-8caa-42ba-9e9b-449a7eb286f1[\r][\n]"
2022-09-27 12:58:26,253 DEBUG [main] wire:72 -  >> "Accept: */*[\r][\n]"
2022-09-27 12:58:26,253 DEBUG [main] wire:72 -  >> "Host: restapi.adequateshop.com[\r][\n]"
2022-09-27 12:58:26,253 DEBUG [main] wire:72 -  >> "Connection: Keep-Alive[\r][\n]"
2022-09-27 12:58:26,253 DEBUG [main] wire:72 -  >> "User-Agent: Apache-HttpClient/4.5.2 (Java/11.0.15.1)[\r][\n]"
2022-09-27 12:58:26,254 DEBUG [main] wire:72 -  >> "Accept-Encoding: gzip,deflate[\r][\n]"
2022-09-27 12:58:26,254 DEBUG [main] wire:72 -  >> "[\r][\n]"
2022-09-27 12:58:26,254 DEBUG [main] headers:280 - >> DELETE /api/users/163676 HTTP/1.1
2022-09-27 12:58:26,254 DEBUG [main] headers:283 - >> Authorization: Bearer b3474fb8-8caa-42ba-9e9b-449a7eb286f1
2022-09-27 12:58:26,254 DEBUG [main] headers:283 - >> Accept: */*
2022-09-27 12:58:26,254 DEBUG [main] headers:283 - >> Host: restapi.adequateshop.com
2022-09-27 12:58:26,254 DEBUG [main] headers:283 - >> Connection: Keep-Alive
2022-09-27 12:58:26,254 DEBUG [main] headers:283 - >> User-Agent: Apache-HttpClient/4.5.2 (Java/11.0.15.1)
2022-09-27 12:58:26,254 DEBUG [main] headers:283 - >> Accept-Encoding: gzip,deflate
2022-09-27 12:58:26,530 DEBUG [main] wire:72 -  << "HTTP/1.1 405 Method Not Allowed[\r][\n]"
2022-09-27 12:58:26,531 DEBUG [main] wire:72 -  << "Allow: GET, HEAD, OPTIONS, TRACE[\r][\n]"
2022-09-27 12:58:26,531 DEBUG [main] wire:72 -  << "Content-Type: text/html[\r][\n]"
2022-09-27 12:58:26,531 DEBUG [main] wire:72 -  << "Server: Microsoft-IIS/10.0[\r][\n]"
2022-09-27 12:58:26,531 DEBUG [main] wire:72 -  << "X-Powered-By: ASP.NET[\r][\n]"
2022-09-27 12:58:26,531 DEBUG [main] wire:72 -  << "Date: Tue, 27 Sep 2022 07:27:44 GMT[\r][\n]"
2022-09-27 12:58:26,531 DEBUG [main] wire:72 -  << "Content-Length: 1293[\r][\n]"
2022-09-27 12:58:26,531 DEBUG [main] wire:72 -  << "[\r][\n]"
2022-09-27 12:58:26,531 DEBUG [main] DefaultClientConnection:261 - Receiving response: HTTP/1.1 405 Method Not Allowed
2022-09-27 12:58:26,531 DEBUG [main] headers:264 - << HTTP/1.1 405 Method Not Allowed
2022-09-27 12:58:26,531 DEBUG [main] headers:267 - << Allow: GET, HEAD, OPTIONS, TRACE
2022-09-27 12:58:26,531 DEBUG [main] headers:267 - << Content-Type: text/html
2022-09-27 12:58:26,532 DEBUG [main] headers:267 - << Server: Microsoft-IIS/10.0
2022-09-27 12:58:26,532 DEBUG [main] headers:267 - << X-Powered-By: ASP.NET
2022-09-27 12:58:26,532 DEBUG [main] headers:267 - << Date: Tue, 27 Sep 2022 07:27:44 GMT
2022-09-27 12:58:26,532 DEBUG [main] headers:267 - << Content-Length: 1293
2022-09-27 12:58:26,532 DEBUG [main] DefaultHttpClient:511 - Connection can be kept alive indefinitely
2022-09-27 12:58:26,532 DEBUG [main] RestAssuredHttpBuilder:553 - Parsing response as: text/html
2022-09-27 12:58:26,532 DEBUG [main] RestAssuredHttpBuilder:556 - Parsed data to instance of: class org.apache.http.conn.EofSensorInputStream
2022-09-27 12:58:26,534 DEBUG [main] wire:72 -  << "<!DOCTYPE html PUBLIC "-//W3C//DTD XHTML 1.0 Strict//EN" "http://www.w3.org/TR/xhtml1/DTD/xhtml1-strict.dtd">[\r][\n]"
2022-09-27 12:58:26,534 DEBUG [main] wire:72 -  << "<html xmlns="http://www.w3.org/1999/xhtml">[\r][\n]"
2022-09-27 12:58:26,534 DEBUG [main] wire:72 -  << "<head>[\r][\n]"
2022-09-27 12:58:26,534 DEBUG [main] wire:72 -  << "<meta http-equiv="Content-Type" content="text/html; charset=iso-8859-1"/>[\r][\n]"
2022-09-27 12:58:26,534 DEBUG [main] wire:72 -  << "<title>405 - HTTP verb used to access this page is not allowed.</title>[\r][\n]"
2022-09-27 12:58:26,534 DEBUG [main] wire:72 -  << "<style type="text/css">[\r][\n]"
2022-09-27 12:58:26,534 DEBUG [main] wire:72 -  << "<!--[\r][\n]"
2022-09-27 12:58:26,534 DEBUG [main] wire:72 -  << "body{margin:0;font-size:.7em;font-family:Verdana, Arial, Helvetica, sans-serif;background:#EEEEEE;}[\r][\n]"
2022-09-27 12:58:26,534 DEBUG [main] wire:72 -  << "fieldset{padding:0 15px 10px 15px;} [\r][\n]"
2022-09-27 12:58:26,534 DEBUG [main] wire:72 -  << "h1{font-size:2.4em;margin:0;color:#FFF;}[\r][\n]"
2022-09-27 12:58:26,534 DEBUG [main] wire:72 -  << "h2{font-size:1.7em;margin:0;color:#CC0000;} [\r][\n]"
2022-09-27 12:58:26,534 DEBUG [main] wire:72 -  << "h3{font-size:1.2em;margin:10px 0 0 0;color:#000000;} [\r][\n]"
2022-09-27 12:58:26,534 DEBUG [main] wire:72 -  << "#header{width:96%;margin:0 0 0 0;padding:6px 2% 6px 2%;font-family:"trebuchet MS", Verdana, sans-serif;color:#FFF;[\r][\n]"
2022-09-27 12:58:26,535 DEBUG [main] wire:72 -  << "background-color:#555555;}[\r][\n]"
2022-09-27 12:58:26,535 DEBUG [main] wire:72 -  << "#content{margin:0 0 0 2%;position:relative;}[\r][\n]"
2022-09-27 12:58:26,535 DEBUG [main] wire:72 -  << ".content-container{background:#FFF;width:96%;margin-top:8px;padding:10px;position:relative;}[\r][\n]"
2022-09-27 12:58:26,535 DEBUG [main] wire:72 -  << "-->[\r][\n]"
2022-09-27 12:58:26,535 DEBUG [main] wire:72 -  << "</style>[\r][\n]"
2022-09-27 12:58:26,535 DEBUG [main] wire:72 -  << "</head>[\r][\n]"
2022-09-27 12:58:26,535 DEBUG [main] wire:72 -  << "<body>[\r][\n]"
2022-09-27 12:58:26,535 DEBUG [main] wire:72 -  << "<div id="header"><h1>Server Error</h1></div>[\r][\n]"
2022-09-27 12:58:26,535 DEBUG [main] wire:72 -  << "<div id="content">[\r][\n]"
2022-09-27 12:58:26,535 DEBUG [main] wire:72 -  << " <div class="content-container"><fieldset>[\r][\n]"
2022-09-27 12:58:26,535 DEBUG [main] wire:72 -  << "  <h2>405 - HTTP verb used to access this page is not allowed.</h2>[\r][\n]"
2022-09-27 12:58:26,535 DEBUG [main] wire:72 -  << "  <h3>The page you are looking for cannot be displayed because an invalid method (HTTP verb) was used to attempt access.</h3>[\r][\n]"
2022-09-27 12:58:26,535 DEBUG [main] wire:72 -  << " </fieldset></div>[\r][\n]"
2022-09-27 12:58:26,535 DEBUG [main] wire:72 -  << "</div>[\r][\n]"
2022-09-27 12:58:26,536 DEBUG [main] wire:72 -  << "</body>[\r][\n]"
2022-09-27 12:58:26,536 DEBUG [main] wire:72 -  << "</html>[\r][\n]"
2022-09-27 12:58:26,536 DEBUG [main] BasicClientConnectionManager:203 - Releasing connection org.apache.http.impl.conn.ManagedClientConnectionImpl@e07b4db
2022-09-27 12:58:26,536 DEBUG [main] BasicClientConnectionManager:228 - Connection can be kept alive indefinitely
2022-09-27 12:58:26,650  INFO [main] SetUp:31 - Entered readExcel method
2022-09-27 12:58:26,680 DEBUG [main] BasicClientConnectionManager:164 - Get connection for route {}->http://restapi.adequateshop.com:80
2022-09-27 12:58:26,681 DEBUG [main] DefaultClientConnectionOperator:176 - Connecting to restapi.adequateshop.com:80
2022-09-27 12:58:26,789 DEBUG [main] RequestAddCookies:122 - CookieSpec selected: ignoreCookies
2022-09-27 12:58:26,790 DEBUG [main] RequestAuthCache:76 - Auth cache not set in the context
2022-09-27 12:58:26,790 DEBUG [main] RequestTargetAuthentication:79 - Target auth state: UNCHALLENGED
2022-09-27 12:58:26,790 DEBUG [main] RequestProxyAuthentication:88 - Proxy auth state: UNCHALLENGED
2022-09-27 12:58:26,790 DEBUG [main] DefaultHttpClient:684 - Attempt 1 to execute request
2022-09-27 12:58:26,790 DEBUG [main] DefaultClientConnection:276 - Sending request: POST /api/authaccount/login HTTP/1.1
2022-09-27 12:58:26,790 DEBUG [main] wire:72 -  >> "POST /api/authaccount/login HTTP/1.1[\r][\n]"
2022-09-27 12:58:26,791 DEBUG [main] wire:72 -  >> "Accept: */*[\r][\n]"
2022-09-27 12:58:26,791 DEBUG [main] wire:72 -  >> "Content-Type: application/json[\r][\n]"
2022-09-27 12:58:26,791 DEBUG [main] wire:72 -  >> "Content-Length: 49[\r][\n]"
2022-09-27 12:58:26,791 DEBUG [main] wire:72 -  >> "Host: restapi.adequateshop.com[\r][\n]"
2022-09-27 12:58:26,791 DEBUG [main] wire:72 -  >> "Connection: Keep-Alive[\r][\n]"
2022-09-27 12:58:26,791 DEBUG [main] wire:72 -  >> "User-Agent: Apache-HttpClient/4.5.2 (Java/11.0.15.1)[\r][\n]"
2022-09-27 12:58:26,791 DEBUG [main] wire:72 -  >> "Accept-Encoding: gzip,deflate[\r][\n]"
2022-09-27 12:58:26,791 DEBUG [main] wire:72 -  >> "[\r][\n]"
2022-09-27 12:58:26,791 DEBUG [main] headers:280 - >> POST /api/authaccount/login HTTP/1.1
2022-09-27 12:58:26,791 DEBUG [main] headers:283 - >> Accept: */*
2022-09-27 12:58:26,791 DEBUG [main] headers:283 - >> Content-Type: application/json
2022-09-27 12:58:26,791 DEBUG [main] headers:283 - >> Content-Length: 49
2022-09-27 12:58:26,791 DEBUG [main] headers:283 - >> Host: restapi.adequateshop.com
2022-09-27 12:58:26,792 DEBUG [main] headers:283 - >> Connection: Keep-Alive
2022-09-27 12:58:26,792 DEBUG [main] headers:283 - >> User-Agent: Apache-HttpClient/4.5.2 (Java/11.0.15.1)
2022-09-27 12:58:26,792 DEBUG [main] headers:283 - >> Accept-Encoding: gzip,deflate
2022-09-27 12:58:26,792 DEBUG [main] wire:86 -  >> "{"email":"tester@test.com","password":"test@123"}"
2022-09-27 12:58:27,006 DEBUG [main] wire:72 -  << "HTTP/1.1 200 OK[\r][\n]"
2022-09-27 12:58:27,007 DEBUG [main] wire:72 -  << "Cache-Control: no-cache[\r][\n]"
2022-09-27 12:58:27,007 DEBUG [main] wire:72 -  << "Pragma: no-cache[\r][\n]"
2022-09-27 12:58:27,007 DEBUG [main] wire:72 -  << "Content-Type: application/json; charset=utf-8[\r][\n]"
2022-09-27 12:58:27,007 DEBUG [main] wire:72 -  << "Expires: -1[\r][\n]"
2022-09-27 12:58:27,008 DEBUG [main] wire:72 -  << "Server: Microsoft-IIS/10.0[\r][\n]"
2022-09-27 12:58:27,008 DEBUG [main] wire:72 -  << "X-AspNet-Version: 4.0.30319[\r][\n]"
2022-09-27 12:58:27,008 DEBUG [main] wire:72 -  << "X-Powered-By: ASP.NET[\r][\n]"
2022-09-27 12:58:27,008 DEBUG [main] wire:72 -  << "Date: Tue, 27 Sep 2022 07:27:46 GMT[\r][\n]"
2022-09-27 12:58:27,008 DEBUG [main] wire:72 -  << "Content-Length: 140[\r][\n]"
2022-09-27 12:58:27,009 DEBUG [main] wire:72 -  << "[\r][\n]"
2022-09-27 12:58:27,009 DEBUG [main] DefaultClientConnection:261 - Receiving response: HTTP/1.1 200 OK
2022-09-27 12:58:27,009 DEBUG [main] headers:264 - << HTTP/1.1 200 OK
2022-09-27 12:58:27,009 DEBUG [main] headers:267 - << Cache-Control: no-cache
2022-09-27 12:58:27,009 DEBUG [main] headers:267 - << Pragma: no-cache
2022-09-27 12:58:27,009 DEBUG [main] headers:267 - << Content-Type: application/json; charset=utf-8
2022-09-27 12:58:27,010 DEBUG [main] headers:267 - << Expires: -1
2022-09-27 12:58:27,010 DEBUG [main] headers:267 - << Server: Microsoft-IIS/10.0
2022-09-27 12:58:27,010 DEBUG [main] headers:267 - << X-AspNet-Version: 4.0.30319
2022-09-27 12:58:27,010 DEBUG [main] headers:267 - << X-Powered-By: ASP.NET
2022-09-27 12:58:27,010 DEBUG [main] headers:267 - << Date: Tue, 27 Sep 2022 07:27:46 GMT
2022-09-27 12:58:27,010 DEBUG [main] headers:267 - << Content-Length: 140
2022-09-27 12:58:27,011 DEBUG [main] DefaultHttpClient:511 - Connection can be kept alive indefinitely
2022-09-27 12:58:27,011 DEBUG [main] RestAssuredHttpBuilder:553 - Parsing response as: application/json; charset=utf-8
2022-09-27 12:58:27,011 DEBUG [main] RestAssuredHttpBuilder:556 - Parsed data to instance of: class org.apache.http.conn.EofSensorInputStream
2022-09-27 12:58:27,012 DEBUG [main] wire:86 -  << "{"code":0,"message":"success","data":{"Id":161540,"Name":"Tester","Email":"tester@test.com","Token":"f1a72b1b-b6d9-4869-b6f8-e82bcc543098"}}"
2022-09-27 12:58:27,012 DEBUG [main] BasicClientConnectionManager:203 - Releasing connection org.apache.http.impl.conn.ManagedClientConnectionImpl@2a4e939a
2022-09-27 12:58:27,013 DEBUG [main] BasicClientConnectionManager:228 - Connection can be kept alive indefinitely
2022-09-27 12:58:27,026  INFO [main] SetUp:31 - Entered readExcel method
2022-09-27 12:58:27,059 DEBUG [main] BasicClientConnectionManager:164 - Get connection for route {}->http://restapi.adequateshop.com:80
2022-09-27 12:58:27,059 DEBUG [main] DefaultClientConnectionOperator:176 - Connecting to restapi.adequateshop.com:80
2022-09-27 12:58:27,167 DEBUG [main] RequestAddCookies:122 - CookieSpec selected: ignoreCookies
2022-09-27 12:58:27,168 DEBUG [main] RequestAuthCache:76 - Auth cache not set in the context
2022-09-27 12:58:27,168 DEBUG [main] RequestProxyAuthentication:88 - Proxy auth state: UNCHALLENGED
2022-09-27 12:58:27,168 DEBUG [main] DefaultHttpClient:684 - Attempt 1 to execute request
2022-09-27 12:58:27,168 DEBUG [main] DefaultClientConnection:276 - Sending request: GET /api/users?page=1 HTTP/1.1
2022-09-27 12:58:27,168 DEBUG [main] wire:72 -  >> "GET /api/users?page=1 HTTP/1.1[\r][\n]"
2022-09-27 12:58:27,168 DEBUG [main] wire:72 -  >> "Authorization: Bearer f1a72b1b-b6d9-4869-b6f8-e82bcc543098[\r][\n]"
2022-09-27 12:58:27,168 DEBUG [main] wire:72 -  >> "Accept: */*[\r][\n]"
2022-09-27 12:58:27,169 DEBUG [main] wire:72 -  >> "Host: restapi.adequateshop.com[\r][\n]"
2022-09-27 12:58:27,169 DEBUG [main] wire:72 -  >> "Connection: Keep-Alive[\r][\n]"
2022-09-27 12:58:27,169 DEBUG [main] wire:72 -  >> "User-Agent: Apache-HttpClient/4.5.2 (Java/11.0.15.1)[\r][\n]"
2022-09-27 12:58:27,169 DEBUG [main] wire:72 -  >> "Accept-Encoding: gzip,deflate[\r][\n]"
2022-09-27 12:58:27,169 DEBUG [main] wire:72 -  >> "[\r][\n]"
2022-09-27 12:58:27,169 DEBUG [main] headers:280 - >> GET /api/users?page=1 HTTP/1.1
2022-09-27 12:58:27,169 DEBUG [main] headers:283 - >> Authorization: Bearer f1a72b1b-b6d9-4869-b6f8-e82bcc543098
2022-09-27 12:58:27,169 DEBUG [main] headers:283 - >> Accept: */*
2022-09-27 12:58:27,170 DEBUG [main] headers:283 - >> Host: restapi.adequateshop.com
2022-09-27 12:58:27,170 DEBUG [main] headers:283 - >> Connection: Keep-Alive
2022-09-27 12:58:27,170 DEBUG [main] headers:283 - >> User-Agent: Apache-HttpClient/4.5.2 (Java/11.0.15.1)
2022-09-27 12:58:27,170 DEBUG [main] headers:283 - >> Accept-Encoding: gzip,deflate
2022-09-27 12:58:27,352 DEBUG [main] wire:72 -  << "HTTP/1.1 200 OK[\r][\n]"
2022-09-27 12:58:27,353 DEBUG [main] wire:72 -  << "Cache-Control: no-cache[\r][\n]"
2022-09-27 12:58:27,353 DEBUG [main] wire:72 -  << "Pragma: no-cache[\r][\n]"
2022-09-27 12:58:27,353 DEBUG [main] wire:72 -  << "Content-Type: application/json; charset=utf-8[\r][\n]"
2022-09-27 12:58:27,354 DEBUG [main] wire:72 -  << "Expires: -1[\r][\n]"
2022-09-27 12:58:27,354 DEBUG [main] wire:72 -  << "Server: Microsoft-IIS/10.0[\r][\n]"
2022-09-27 12:58:27,354 DEBUG [main] wire:72 -  << "X-AspNet-Version: 4.0.30319[\r][\n]"
2022-09-27 12:58:27,354 DEBUG [main] wire:72 -  << "X-Powered-By: ASP.NET[\r][\n]"
2022-09-27 12:58:27,355 DEBUG [main] wire:72 -  << "Date: Tue, 27 Sep 2022 07:27:46 GMT[\r][\n]"
2022-09-27 12:58:27,355 DEBUG [main] wire:72 -  << "Content-Length: 1984[\r][\n]"
2022-09-27 12:58:27,355 DEBUG [main] wire:72 -  << "[\r][\n]"
2022-09-27 12:58:27,355 DEBUG [main] DefaultClientConnection:261 - Receiving response: HTTP/1.1 200 OK
2022-09-27 12:58:27,356 DEBUG [main] headers:264 - << HTTP/1.1 200 OK
2022-09-27 12:58:27,356 DEBUG [main] headers:267 - << Cache-Control: no-cache
2022-09-27 12:58:27,356 DEBUG [main] headers:267 - << Pragma: no-cache
2022-09-27 12:58:27,356 DEBUG [main] headers:267 - << Content-Type: application/json; charset=utf-8
2022-09-27 12:58:27,356 DEBUG [main] headers:267 - << Expires: -1
2022-09-27 12:58:27,357 DEBUG [main] headers:267 - << Server: Microsoft-IIS/10.0
2022-09-27 12:58:27,357 DEBUG [main] headers:267 - << X-AspNet-Version: 4.0.30319
2022-09-27 12:58:27,357 DEBUG [main] headers:267 - << X-Powered-By: ASP.NET
2022-09-27 12:58:27,357 DEBUG [main] headers:267 - << Date: Tue, 27 Sep 2022 07:27:46 GMT
2022-09-27 12:58:27,357 DEBUG [main] headers:267 - << Content-Length: 1984
2022-09-27 12:58:27,358 DEBUG [main] DefaultHttpClient:511 - Connection can be kept alive indefinitely
2022-09-27 12:58:27,358 DEBUG [main] RestAssuredHttpBuilder:553 - Parsing response as: application/json; charset=utf-8
2022-09-27 12:58:27,358 DEBUG [main] RestAssuredHttpBuilder:556 - Parsed data to instance of: class org.apache.http.conn.EofSensorInputStream
2022-09-27 12:58:27,359 DEBUG [main] wire:86 -  << "{"page":1,"per_page":10,"totalrecord":8843,"total_pages":885,"data":[{"id":11133,"name":"Developer","email":"Developer12@gmail.com","profilepicture":"http://restapi.adequateshop.com/Media//Images/userimageicon.png","location":"USA","createdat":"0001-01-01T00:00:00"},{"id":11134,"name":"AS","email":"qweqw@mail.ru","profilepicture":"http://restapi.adequateshop.com/Media//Images/userimageicon.png","location":"USA","createdat":"0001-01-01T00:00:00"},{"id":11135,"name":"vano","email":"van.19v@mail.ru","profilepicture":"http://restapi.adequateshop.com/Media//Images/userimageicon.png","location":"USA","createdat":"0001-01-01T00:00:00"},{"id":11136,"name":"Developer123","email":"Developer523@gmail.com","profilepicture":"http://restapi.adequateshop.com/Media//Images/userimageicon.png","location":"USA","createdat":"0001-01-01T00:00:00"},{"id":11137,"name":"Ashor","email":"ashot.vardanyan.2000@gmail.com","profilepicture":"http://restapi.adequateshop.com/Media//Images/userimageicon.png","location":"USA","createdat":"0001-01-01T00:00:00"},{"id":11138,"name":"1234","email":"ghag@mail.ru","profilepicture":"http://restapi.adequateshop.com/Media//Images/userimageicon.png","location":"USA","createdat":"0001-01-01T00:00:00"},{"id":11139,"name":"asdasd","email":"asdasd@dasda.asd","profilepicture":"http://restapi.adequateshop.com/Media//Images/userimageicon.png","location":"USA","createdat":"0001-01-01T00:00:00"},{"id":11140,"name":"da","email":"auriu@gmail.com","profilepicture":"http://restapi.adequateshop.com/Media//Images/userimageicon.png","location":"USA","createdat":"0001-01-01T00:00:00"},{"id":11142,"name":"asdasd","email":"qwwerrwerweeqw@mail.ru","profilepicture":"http://restapi.adequateshop.com/Media//Images/userimageicon.png","location":"USA","createdat":"0001-01-01T00:00:00"},{"id":11143,"name":"karen","email":"karen@mail.ru","profilepicture":"http://restapi.adequateshop.com/Media//Images/userimageicon.png","location":"USA","createdat":"0001-01-01T00:00:00"}]}"
2022-09-27 12:58:27,360 DEBUG [main] BasicClientConnectionManager:203 - Releasing connection org.apache.http.impl.conn.ManagedClientConnectionImpl@5fa0141f
2022-09-27 12:58:27,360 DEBUG [main] BasicClientConnectionManager:228 - Connection can be kept alive indefinitely
2022-09-27 12:58:27,425 DEBUG [Finalizer] DefaultClientConnection:182 - Connection 0.0.0.0:64239<->122.176.47.222:80 closed
2022-09-27 12:58:27,427 DEBUG [Finalizer] DefaultClientConnection:182 - Connection 0.0.0.0:64238<->122.176.47.222:80 closed
2022-09-27 12:58:27,722  INFO [main] SetUp:31 - Entered readExcel method
2022-09-27 12:58:27,748 DEBUG [main] BasicClientConnectionManager:164 - Get connection for route {}->http://restapi.adequateshop.com:80
2022-09-27 12:58:27,748 DEBUG [main] DefaultClientConnectionOperator:176 - Connecting to restapi.adequateshop.com:80
2022-09-27 12:58:27,870 DEBUG [main] RequestAddCookies:122 - CookieSpec selected: ignoreCookies
2022-09-27 12:58:27,871 DEBUG [main] RequestAuthCache:76 - Auth cache not set in the context
2022-09-27 12:58:27,871 DEBUG [main] RequestTargetAuthentication:79 - Target auth state: UNCHALLENGED
2022-09-27 12:58:27,871 DEBUG [main] RequestProxyAuthentication:88 - Proxy auth state: UNCHALLENGED
2022-09-27 12:58:27,871 DEBUG [main] DefaultHttpClient:684 - Attempt 1 to execute request
2022-09-27 12:58:27,871 DEBUG [main] DefaultClientConnection:276 - Sending request: POST /api/authaccount/login HTTP/1.1
2022-09-27 12:58:27,871 DEBUG [main] wire:72 -  >> "POST /api/authaccount/login HTTP/1.1[\r][\n]"
2022-09-27 12:58:27,871 DEBUG [main] wire:72 -  >> "Accept: */*[\r][\n]"
2022-09-27 12:58:27,871 DEBUG [main] wire:72 -  >> "Content-Type: application/json[\r][\n]"
2022-09-27 12:58:27,871 DEBUG [main] wire:72 -  >> "Content-Length: 49[\r][\n]"
2022-09-27 12:58:27,871 DEBUG [main] wire:72 -  >> "Host: restapi.adequateshop.com[\r][\n]"
2022-09-27 12:58:27,871 DEBUG [main] wire:72 -  >> "Connection: Keep-Alive[\r][\n]"
2022-09-27 12:58:27,872 DEBUG [main] wire:72 -  >> "User-Agent: Apache-HttpClient/4.5.2 (Java/11.0.15.1)[\r][\n]"
2022-09-27 12:58:27,872 DEBUG [main] wire:72 -  >> "Accept-Encoding: gzip,deflate[\r][\n]"
2022-09-27 12:58:27,872 DEBUG [main] wire:72 -  >> "[\r][\n]"
2022-09-27 12:58:27,872 DEBUG [main] headers:280 - >> POST /api/authaccount/login HTTP/1.1
2022-09-27 12:58:27,872 DEBUG [main] headers:283 - >> Accept: */*
2022-09-27 12:58:27,872 DEBUG [main] headers:283 - >> Content-Type: application/json
2022-09-27 12:58:27,872 DEBUG [main] headers:283 - >> Content-Length: 49
2022-09-27 12:58:27,872 DEBUG [main] headers:283 - >> Host: restapi.adequateshop.com
2022-09-27 12:58:27,872 DEBUG [main] headers:283 - >> Connection: Keep-Alive
2022-09-27 12:58:27,872 DEBUG [main] headers:283 - >> User-Agent: Apache-HttpClient/4.5.2 (Java/11.0.15.1)
2022-09-27 12:58:27,872 DEBUG [main] headers:283 - >> Accept-Encoding: gzip,deflate
2022-09-27 12:58:27,872 DEBUG [main] wire:86 -  >> "{"email":"tester@test.com","password":"test@123"}"
2022-09-27 12:58:28,044 DEBUG [main] wire:72 -  << "HTTP/1.1 200 OK[\r][\n]"
2022-09-27 12:58:28,044 DEBUG [main] wire:72 -  << "Cache-Control: no-cache[\r][\n]"
2022-09-27 12:58:28,044 DEBUG [main] wire:72 -  << "Pragma: no-cache[\r][\n]"
2022-09-27 12:58:28,044 DEBUG [main] wire:72 -  << "Content-Type: application/json; charset=utf-8[\r][\n]"
2022-09-27 12:58:28,044 DEBUG [main] wire:72 -  << "Expires: -1[\r][\n]"
2022-09-27 12:58:28,044 DEBUG [main] wire:72 -  << "Server: Microsoft-IIS/10.0[\r][\n]"
2022-09-27 12:58:28,044 DEBUG [main] wire:72 -  << "X-AspNet-Version: 4.0.30319[\r][\n]"
2022-09-27 12:58:28,044 DEBUG [main] wire:72 -  << "X-Powered-By: ASP.NET[\r][\n]"
2022-09-27 12:58:28,044 DEBUG [main] wire:72 -  << "Date: Tue, 27 Sep 2022 07:27:47 GMT[\r][\n]"
2022-09-27 12:58:28,044 DEBUG [main] wire:72 -  << "Content-Length: 140[\r][\n]"
2022-09-27 12:58:28,045 DEBUG [main] wire:72 -  << "[\r][\n]"
2022-09-27 12:58:28,045 DEBUG [main] DefaultClientConnection:261 - Receiving response: HTTP/1.1 200 OK
2022-09-27 12:58:28,045 DEBUG [main] headers:264 - << HTTP/1.1 200 OK
2022-09-27 12:58:28,045 DEBUG [main] headers:267 - << Cache-Control: no-cache
2022-09-27 12:58:28,045 DEBUG [main] headers:267 - << Pragma: no-cache
2022-09-27 12:58:28,045 DEBUG [main] headers:267 - << Content-Type: application/json; charset=utf-8
2022-09-27 12:58:28,045 DEBUG [main] headers:267 - << Expires: -1
2022-09-27 12:58:28,045 DEBUG [main] headers:267 - << Server: Microsoft-IIS/10.0
2022-09-27 12:58:28,045 DEBUG [main] headers:267 - << X-AspNet-Version: 4.0.30319
2022-09-27 12:58:28,045 DEBUG [main] headers:267 - << X-Powered-By: ASP.NET
2022-09-27 12:58:28,045 DEBUG [main] headers:267 - << Date: Tue, 27 Sep 2022 07:27:47 GMT
2022-09-27 12:58:28,045 DEBUG [main] headers:267 - << Content-Length: 140
2022-09-27 12:58:28,046 DEBUG [main] DefaultHttpClient:511 - Connection can be kept alive indefinitely
2022-09-27 12:58:28,046 DEBUG [main] RestAssuredHttpBuilder:553 - Parsing response as: application/json; charset=utf-8
2022-09-27 12:58:28,046 DEBUG [main] RestAssuredHttpBuilder:556 - Parsed data to instance of: class org.apache.http.conn.EofSensorInputStream
2022-09-27 12:58:28,047 DEBUG [main] wire:86 -  << "{"code":0,"message":"success","data":{"Id":161540,"Name":"Tester","Email":"tester@test.com","Token":"908c52a4-456b-4fd2-81c6-adf1f3a72c41"}}"
2022-09-27 12:58:28,047 DEBUG [main] BasicClientConnectionManager:203 - Releasing connection org.apache.http.impl.conn.ManagedClientConnectionImpl@2548fc01
2022-09-27 12:58:28,047 DEBUG [main] BasicClientConnectionManager:228 - Connection can be kept alive indefinitely
2022-09-27 12:58:28,061  INFO [main] SetUp:31 - Entered readExcel method
2022-09-27 12:58:28,084  INFO [main] SetUp:61 - Entered writeCell method
2022-09-27 12:58:28,094  INFO [main] SetUp:61 - Entered writeCell method
2022-09-27 12:58:28,103  INFO [main] SetUp:47 - Entered getValue method
2022-09-27 12:58:28,103  INFO [main] SetUp:47 - Entered getValue method
2022-09-27 12:58:28,109 DEBUG [main] BasicClientConnectionManager:164 - Get connection for route {}->http://restapi.adequateshop.com:80
2022-09-27 12:58:28,109 DEBUG [main] DefaultClientConnectionOperator:176 - Connecting to restapi.adequateshop.com:80
2022-09-27 12:58:28,215 DEBUG [main] RequestAddCookies:122 - CookieSpec selected: ignoreCookies
2022-09-27 12:58:28,216 DEBUG [main] RequestAuthCache:76 - Auth cache not set in the context
2022-09-27 12:58:28,216 DEBUG [main] RequestProxyAuthentication:88 - Proxy auth state: UNCHALLENGED
2022-09-27 12:58:28,216 DEBUG [main] DefaultHttpClient:684 - Attempt 1 to execute request
2022-09-27 12:58:28,216 DEBUG [main] DefaultClientConnection:276 - Sending request: POST /api/users HTTP/1.1
2022-09-27 12:58:28,217 DEBUG [main] wire:72 -  >> "POST /api/users HTTP/1.1[\r][\n]"
2022-09-27 12:58:28,217 DEBUG [main] wire:72 -  >> "Authorization: Bearer 908c52a4-456b-4fd2-81c6-adf1f3a72c41[\r][\n]"
2022-09-27 12:58:28,217 DEBUG [main] wire:72 -  >> "Accept: */*[\r][\n]"
2022-09-27 12:58:28,217 DEBUG [main] wire:72 -  >> "Content-Type: application/json[\r][\n]"
2022-09-27 12:58:28,218 DEBUG [main] wire:72 -  >> "Content-Length: 72[\r][\n]"
2022-09-27 12:58:28,218 DEBUG [main] wire:72 -  >> "Host: restapi.adequateshop.com[\r][\n]"
2022-09-27 12:58:28,218 DEBUG [main] wire:72 -  >> "Connection: Keep-Alive[\r][\n]"
2022-09-27 12:58:28,218 DEBUG [main] wire:72 -  >> "User-Agent: Apache-HttpClient/4.5.2 (Java/11.0.15.1)[\r][\n]"
2022-09-27 12:58:28,218 DEBUG [main] wire:72 -  >> "Accept-Encoding: gzip,deflate[\r][\n]"
2022-09-27 12:58:28,219 DEBUG [main] wire:72 -  >> "[\r][\n]"
2022-09-27 12:58:28,219 DEBUG [main] headers:280 - >> POST /api/users HTTP/1.1
2022-09-27 12:58:28,219 DEBUG [main] headers:283 - >> Authorization: Bearer 908c52a4-456b-4fd2-81c6-adf1f3a72c41
2022-09-27 12:58:28,219 DEBUG [main] headers:283 - >> Accept: */*
2022-09-27 12:58:28,219 DEBUG [main] headers:283 - >> Content-Type: application/json
2022-09-27 12:58:28,219 DEBUG [main] headers:283 - >> Content-Length: 72
2022-09-27 12:58:28,220 DEBUG [main] headers:283 - >> Host: restapi.adequateshop.com
2022-09-27 12:58:28,220 DEBUG [main] headers:283 - >> Connection: Keep-Alive
2022-09-27 12:58:28,220 DEBUG [main] headers:283 - >> User-Agent: Apache-HttpClient/4.5.2 (Java/11.0.15.1)
2022-09-27 12:58:28,220 DEBUG [main] headers:283 - >> Accept-Encoding: gzip,deflate
2022-09-27 12:58:28,220 DEBUG [main] wire:86 -  >> "{"name":"Harinarayan","email":"jynxwfbk1y4z@email.com","location":"USA"}"
2022-09-27 12:58:28,396 DEBUG [main] wire:72 -  << "HTTP/1.1 201 Created[\r][\n]"
2022-09-27 12:58:28,396 DEBUG [main] wire:72 -  << "Cache-Control: no-cache[\r][\n]"
2022-09-27 12:58:28,396 DEBUG [main] wire:72 -  << "Pragma: no-cache[\r][\n]"
2022-09-27 12:58:28,396 DEBUG [main] wire:72 -  << "Content-Type: application/json; charset=utf-8[\r][\n]"
2022-09-27 12:58:28,396 DEBUG [main] wire:72 -  << "Expires: -1[\r][\n]"
2022-09-27 12:58:28,397 DEBUG [main] wire:72 -  << "Location: http://restapi.adequateshop.com/api/users/163677[\r][\n]"
2022-09-27 12:58:28,397 DEBUG [main] wire:72 -  << "Server: Microsoft-IIS/10.0[\r][\n]"
2022-09-27 12:58:28,397 DEBUG [main] wire:72 -  << "X-AspNet-Version: 4.0.30319[\r][\n]"
2022-09-27 12:58:28,397 DEBUG [main] wire:72 -  << "X-Powered-By: ASP.NET[\r][\n]"
2022-09-27 12:58:28,397 DEBUG [main] wire:72 -  << "Date: Tue, 27 Sep 2022 07:27:47 GMT[\r][\n]"
2022-09-27 12:58:28,397 DEBUG [main] wire:72 -  << "Content-Length: 210[\r][\n]"
2022-09-27 12:58:28,397 DEBUG [main] wire:72 -  << "[\r][\n]"
2022-09-27 12:58:28,397 DEBUG [main] DefaultClientConnection:261 - Receiving response: HTTP/1.1 201 Created
2022-09-27 12:58:28,397 DEBUG [main] headers:264 - << HTTP/1.1 201 Created
2022-09-27 12:58:28,397 DEBUG [main] headers:267 - << Cache-Control: no-cache
2022-09-27 12:58:28,397 DEBUG [main] headers:267 - << Pragma: no-cache
2022-09-27 12:58:28,398 DEBUG [main] headers:267 - << Content-Type: application/json; charset=utf-8
2022-09-27 12:58:28,398 DEBUG [main] headers:267 - << Expires: -1
2022-09-27 12:58:28,398 DEBUG [main] headers:267 - << Location: http://restapi.adequateshop.com/api/users/163677
2022-09-27 12:58:28,398 DEBUG [main] headers:267 - << Server: Microsoft-IIS/10.0
2022-09-27 12:58:28,398 DEBUG [main] headers:267 - << X-AspNet-Version: 4.0.30319
2022-09-27 12:58:28,398 DEBUG [main] headers:267 - << X-Powered-By: ASP.NET
2022-09-27 12:58:28,398 DEBUG [main] headers:267 - << Date: Tue, 27 Sep 2022 07:27:47 GMT
2022-09-27 12:58:28,398 DEBUG [main] headers:267 - << Content-Length: 210
2022-09-27 12:58:28,398 DEBUG [main] DefaultHttpClient:511 - Connection can be kept alive indefinitely
2022-09-27 12:58:28,398 DEBUG [main] RestAssuredHttpBuilder:553 - Parsing response as: application/json; charset=utf-8
2022-09-27 12:58:28,399 DEBUG [main] RestAssuredHttpBuilder:556 - Parsed data to instance of: class org.apache.http.conn.EofSensorInputStream
2022-09-27 12:58:28,399 DEBUG [main] wire:86 -  << "{"id":163677,"name":"Harinarayan","email":"jynxwfbk1y4z@email.com","profilepicture":"http://restapi.adequateshop.com/Media//Images/userimageicon.png","location":"USA","createdat":"2022-09-27T07:27:47.5869564Z"}"
2022-09-27 12:58:28,399 DEBUG [main] BasicClientConnectionManager:203 - Releasing connection org.apache.http.impl.conn.ManagedClientConnectionImpl@2c2e5e72
2022-09-27 12:58:28,399 DEBUG [main] BasicClientConnectionManager:228 - Connection can be kept alive indefinitely
2022-09-27 12:58:28,408  INFO [main] SetUp:31 - Entered readExcel method
2022-09-27 12:58:28,424 DEBUG [main] BasicClientConnectionManager:164 - Get connection for route {}->http://restapi.adequateshop.com:80
2022-09-27 12:58:28,424 DEBUG [main] DefaultClientConnectionOperator:176 - Connecting to restapi.adequateshop.com:80
2022-09-27 12:58:28,537 DEBUG [main] RequestAddCookies:122 - CookieSpec selected: ignoreCookies
2022-09-27 12:58:28,538 DEBUG [main] RequestAuthCache:76 - Auth cache not set in the context
2022-09-27 12:58:28,538 DEBUG [main] RequestTargetAuthentication:79 - Target auth state: UNCHALLENGED
2022-09-27 12:58:28,538 DEBUG [main] RequestProxyAuthentication:88 - Proxy auth state: UNCHALLENGED
2022-09-27 12:58:28,538 DEBUG [main] DefaultHttpClient:684 - Attempt 1 to execute request
2022-09-27 12:58:28,539 DEBUG [main] DefaultClientConnection:276 - Sending request: POST /api/authaccount/login HTTP/1.1
2022-09-27 12:58:28,539 DEBUG [main] wire:72 -  >> "POST /api/authaccount/login HTTP/1.1[\r][\n]"
2022-09-27 12:58:28,539 DEBUG [main] wire:72 -  >> "Accept: */*[\r][\n]"
2022-09-27 12:58:28,539 DEBUG [main] wire:72 -  >> "Content-Type: application/json[\r][\n]"
2022-09-27 12:58:28,539 DEBUG [main] wire:72 -  >> "Content-Length: 49[\r][\n]"
2022-09-27 12:58:28,540 DEBUG [main] wire:72 -  >> "Host: restapi.adequateshop.com[\r][\n]"
2022-09-27 12:58:28,540 DEBUG [main] wire:72 -  >> "Connection: Keep-Alive[\r][\n]"
2022-09-27 12:58:28,540 DEBUG [main] wire:72 -  >> "User-Agent: Apache-HttpClient/4.5.2 (Java/11.0.15.1)[\r][\n]"
2022-09-27 12:58:28,540 DEBUG [main] wire:72 -  >> "Accept-Encoding: gzip,deflate[\r][\n]"
2022-09-27 12:58:28,540 DEBUG [main] wire:72 -  >> "[\r][\n]"
2022-09-27 12:58:28,541 DEBUG [main] headers:280 - >> POST /api/authaccount/login HTTP/1.1
2022-09-27 12:58:28,541 DEBUG [main] headers:283 - >> Accept: */*
2022-09-27 12:58:28,541 DEBUG [main] headers:283 - >> Content-Type: application/json
2022-09-27 12:58:28,541 DEBUG [main] headers:283 - >> Content-Length: 49
2022-09-27 12:58:28,541 DEBUG [main] headers:283 - >> Host: restapi.adequateshop.com
2022-09-27 12:58:28,541 DEBUG [main] headers:283 - >> Connection: Keep-Alive
2022-09-27 12:58:28,541 DEBUG [main] headers:283 - >> User-Agent: Apache-HttpClient/4.5.2 (Java/11.0.15.1)
2022-09-27 12:58:28,542 DEBUG [main] headers:283 - >> Accept-Encoding: gzip,deflate
2022-09-27 12:58:28,542 DEBUG [main] wire:86 -  >> "{"email":"tester@test.com","password":"test@123"}"
2022-09-27 12:58:28,707 DEBUG [main] wire:72 -  << "HTTP/1.1 200 OK[\r][\n]"
2022-09-27 12:58:28,707 DEBUG [main] wire:72 -  << "Cache-Control: no-cache[\r][\n]"
2022-09-27 12:58:28,707 DEBUG [main] wire:72 -  << "Pragma: no-cache[\r][\n]"
2022-09-27 12:58:28,707 DEBUG [main] wire:72 -  << "Content-Type: application/json; charset=utf-8[\r][\n]"
2022-09-27 12:58:28,708 DEBUG [main] wire:72 -  << "Expires: -1[\r][\n]"
2022-09-27 12:58:28,708 DEBUG [main] wire:72 -  << "Server: Microsoft-IIS/10.0[\r][\n]"
2022-09-27 12:58:28,708 DEBUG [main] wire:72 -  << "X-AspNet-Version: 4.0.30319[\r][\n]"
2022-09-27 12:58:28,708 DEBUG [main] wire:72 -  << "X-Powered-By: ASP.NET[\r][\n]"
2022-09-27 12:58:28,708 DEBUG [main] wire:72 -  << "Date: Tue, 27 Sep 2022 07:27:47 GMT[\r][\n]"
2022-09-27 12:58:28,708 DEBUG [main] wire:72 -  << "Content-Length: 140[\r][\n]"
2022-09-27 12:58:28,708 DEBUG [main] wire:72 -  << "[\r][\n]"
2022-09-27 12:58:28,709 DEBUG [main] DefaultClientConnection:261 - Receiving response: HTTP/1.1 200 OK
2022-09-27 12:58:28,709 DEBUG [main] headers:264 - << HTTP/1.1 200 OK
2022-09-27 12:58:28,709 DEBUG [main] headers:267 - << Cache-Control: no-cache
2022-09-27 12:58:28,709 DEBUG [main] headers:267 - << Pragma: no-cache
2022-09-27 12:58:28,709 DEBUG [main] headers:267 - << Content-Type: application/json; charset=utf-8
2022-09-27 12:58:28,709 DEBUG [main] headers:267 - << Expires: -1
2022-09-27 12:58:28,709 DEBUG [main] headers:267 - << Server: Microsoft-IIS/10.0
2022-09-27 12:58:28,709 DEBUG [main] headers:267 - << X-AspNet-Version: 4.0.30319
2022-09-27 12:58:28,710 DEBUG [main] headers:267 - << X-Powered-By: ASP.NET
2022-09-27 12:58:28,710 DEBUG [main] headers:267 - << Date: Tue, 27 Sep 2022 07:27:47 GMT
2022-09-27 12:58:28,710 DEBUG [main] headers:267 - << Content-Length: 140
2022-09-27 12:58:28,710 DEBUG [main] DefaultHttpClient:511 - Connection can be kept alive indefinitely
2022-09-27 12:58:28,710 DEBUG [main] RestAssuredHttpBuilder:553 - Parsing response as: application/json; charset=utf-8
2022-09-27 12:58:28,710 DEBUG [main] RestAssuredHttpBuilder:556 - Parsed data to instance of: class org.apache.http.conn.EofSensorInputStream
2022-09-27 12:58:28,712 DEBUG [main] wire:86 -  << "{"code":0,"message":"success","data":{"Id":161540,"Name":"Tester","Email":"tester@test.com","Token":"855ef32f-a468-4766-83b7-7b74b0a6c084"}}"
2022-09-27 12:58:28,712 DEBUG [main] BasicClientConnectionManager:203 - Releasing connection org.apache.http.impl.conn.ManagedClientConnectionImpl@515940af
2022-09-27 12:58:28,712 DEBUG [main] BasicClientConnectionManager:228 - Connection can be kept alive indefinitely
2022-09-27 12:58:28,724  INFO [main] SetUp:31 - Entered readExcel method
2022-09-27 12:58:28,742  INFO [main] SetUp:61 - Entered writeCell method
2022-09-27 12:58:28,752  INFO [main] SetUp:61 - Entered writeCell method
2022-09-27 12:58:28,761  INFO [main] SetUp:47 - Entered getValue method
2022-09-27 12:58:28,761  INFO [main] SetUp:47 - Entered getValue method
2022-09-27 12:58:28,767 DEBUG [main] BasicClientConnectionManager:164 - Get connection for route {}->http://restapi.adequateshop.com:80
2022-09-27 12:58:28,768 DEBUG [main] DefaultClientConnectionOperator:176 - Connecting to restapi.adequateshop.com:80
2022-09-27 12:58:28,880 DEBUG [main] RequestAddCookies:122 - CookieSpec selected: ignoreCookies
2022-09-27 12:58:28,881 DEBUG [main] RequestAuthCache:76 - Auth cache not set in the context
2022-09-27 12:58:28,881 DEBUG [main] RequestProxyAuthentication:88 - Proxy auth state: UNCHALLENGED
2022-09-27 12:58:28,881 DEBUG [main] DefaultHttpClient:684 - Attempt 1 to execute request
2022-09-27 12:58:28,881 DEBUG [main] DefaultClientConnection:276 - Sending request: POST /api/users HTTP/1.1
2022-09-27 12:58:28,881 DEBUG [main] wire:72 -  >> "POST /api/users HTTP/1.1[\r][\n]"
2022-09-27 12:58:28,881 DEBUG [main] wire:72 -  >> "Authorization: Bearer 855ef32f-a468-4766-83b7-7b74b0a6c084[\r][\n]"
2022-09-27 12:58:28,882 DEBUG [main] wire:72 -  >> "Accept: */*[\r][\n]"
2022-09-27 12:58:28,882 DEBUG [main] wire:72 -  >> "Content-Type: application/json[\r][\n]"
2022-09-27 12:58:28,882 DEBUG [main] wire:72 -  >> "Content-Length: 67[\r][\n]"
2022-09-27 12:58:28,882 DEBUG [main] wire:72 -  >> "Host: restapi.adequateshop.com[\r][\n]"
2022-09-27 12:58:28,882 DEBUG [main] wire:72 -  >> "Connection: Keep-Alive[\r][\n]"
2022-09-27 12:58:28,882 DEBUG [main] wire:72 -  >> "User-Agent: Apache-HttpClient/4.5.2 (Java/11.0.15.1)[\r][\n]"
2022-09-27 12:58:28,882 DEBUG [main] wire:72 -  >> "Accept-Encoding: gzip,deflate[\r][\n]"
2022-09-27 12:58:28,882 DEBUG [main] wire:72 -  >> "[\r][\n]"
2022-09-27 12:58:28,882 DEBUG [main] headers:280 - >> POST /api/users HTTP/1.1
2022-09-27 12:58:28,882 DEBUG [main] headers:283 - >> Authorization: Bearer 855ef32f-a468-4766-83b7-7b74b0a6c084
2022-09-27 12:58:28,882 DEBUG [main] headers:283 - >> Accept: */*
2022-09-27 12:58:28,882 DEBUG [main] headers:283 - >> Content-Type: application/json
2022-09-27 12:58:28,882 DEBUG [main] headers:283 - >> Content-Length: 67
2022-09-27 12:58:28,883 DEBUG [main] headers:283 - >> Host: restapi.adequateshop.com
2022-09-27 12:58:28,883 DEBUG [main] headers:283 - >> Connection: Keep-Alive
2022-09-27 12:58:28,883 DEBUG [main] headers:283 - >> User-Agent: Apache-HttpClient/4.5.2 (Java/11.0.15.1)
2022-09-27 12:58:28,883 DEBUG [main] headers:283 - >> Accept-Encoding: gzip,deflate
2022-09-27 12:58:28,883 DEBUG [main] wire:86 -  >> "{"name":"Daksha","email":"edhwywyf0e9r@email.com","location":"USA"}"
2022-09-27 12:58:29,207 DEBUG [main] wire:72 -  << "HTTP/1.1 201 Created[\r][\n]"
2022-09-27 12:58:29,207 DEBUG [main] wire:72 -  << "Cache-Control: no-cache[\r][\n]"
2022-09-27 12:58:29,207 DEBUG [main] wire:72 -  << "Pragma: no-cache[\r][\n]"
2022-09-27 12:58:29,208 DEBUG [main] wire:72 -  << "Content-Type: application/json; charset=utf-8[\r][\n]"
2022-09-27 12:58:29,208 DEBUG [main] wire:72 -  << "Expires: -1[\r][\n]"
2022-09-27 12:58:29,208 DEBUG [main] wire:72 -  << "Location: http://restapi.adequateshop.com/api/users/163678[\r][\n]"
2022-09-27 12:58:29,208 DEBUG [main] wire:72 -  << "Server: Microsoft-IIS/10.0[\r][\n]"
2022-09-27 12:58:29,208 DEBUG [main] wire:72 -  << "X-AspNet-Version: 4.0.30319[\r][\n]"
2022-09-27 12:58:29,209 DEBUG [main] wire:72 -  << "X-Powered-By: ASP.NET[\r][\n]"
2022-09-27 12:58:29,209 DEBUG [main] wire:72 -  << "Date: Tue, 27 Sep 2022 07:27:48 GMT[\r][\n]"
2022-09-27 12:58:29,209 DEBUG [main] wire:72 -  << "Content-Length: 205[\r][\n]"
2022-09-27 12:58:29,209 DEBUG [main] wire:72 -  << "[\r][\n]"
2022-09-27 12:58:29,210 DEBUG [main] DefaultClientConnection:261 - Receiving response: HTTP/1.1 201 Created
2022-09-27 12:58:29,210 DEBUG [main] headers:264 - << HTTP/1.1 201 Created
2022-09-27 12:58:29,210 DEBUG [main] headers:267 - << Cache-Control: no-cache
2022-09-27 12:58:29,210 DEBUG [main] headers:267 - << Pragma: no-cache
2022-09-27 12:58:29,210 DEBUG [main] headers:267 - << Content-Type: application/json; charset=utf-8
2022-09-27 12:58:29,210 DEBUG [main] headers:267 - << Expires: -1
2022-09-27 12:58:29,211 DEBUG [main] headers:267 - << Location: http://restapi.adequateshop.com/api/users/163678
2022-09-27 12:58:29,211 DEBUG [main] headers:267 - << Server: Microsoft-IIS/10.0
2022-09-27 12:58:29,211 DEBUG [main] headers:267 - << X-AspNet-Version: 4.0.30319
2022-09-27 12:58:29,211 DEBUG [main] headers:267 - << X-Powered-By: ASP.NET
2022-09-27 12:58:29,211 DEBUG [main] headers:267 - << Date: Tue, 27 Sep 2022 07:27:48 GMT
2022-09-27 12:58:29,211 DEBUG [main] headers:267 - << Content-Length: 205
2022-09-27 12:58:29,212 DEBUG [main] DefaultHttpClient:511 - Connection can be kept alive indefinitely
2022-09-27 12:58:29,212 DEBUG [main] RestAssuredHttpBuilder:553 - Parsing response as: application/json; charset=utf-8
2022-09-27 12:58:29,212 DEBUG [main] RestAssuredHttpBuilder:556 - Parsed data to instance of: class org.apache.http.conn.EofSensorInputStream
2022-09-27 12:58:29,213 DEBUG [main] wire:86 -  << "{"id":163678,"name":"Daksha","email":"edhwywyf0e9r@email.com","profilepicture":"http://restapi.adequateshop.com/Media//Images/userimageicon.png","location":"USA","createdat":"2022-09-27T07:27:48.3934912Z"}"
2022-09-27 12:58:29,213 DEBUG [main] BasicClientConnectionManager:203 - Releasing connection org.apache.http.impl.conn.ManagedClientConnectionImpl@69c227fd
2022-09-27 12:58:29,213 DEBUG [main] BasicClientConnectionManager:228 - Connection can be kept alive indefinitely
2022-09-27 12:58:29,226 DEBUG [main] BasicClientConnectionManager:164 - Get connection for route {}->http://restapi.adequateshop.com:80
2022-09-27 12:58:29,226 DEBUG [main] DefaultClientConnectionOperator:176 - Connecting to restapi.adequateshop.com:80
2022-09-27 12:58:29,350 DEBUG [main] RequestAddCookies:122 - CookieSpec selected: ignoreCookies
2022-09-27 12:58:29,351 DEBUG [main] RequestAuthCache:76 - Auth cache not set in the context
2022-09-27 12:58:29,351 DEBUG [main] RequestProxyAuthentication:88 - Proxy auth state: UNCHALLENGED
2022-09-27 12:58:29,351 DEBUG [main] DefaultHttpClient:684 - Attempt 1 to execute request
2022-09-27 12:58:29,351 DEBUG [main] DefaultClientConnection:276 - Sending request: PUT /api/users/163678 HTTP/1.1
2022-09-27 12:58:29,351 DEBUG [main] wire:72 -  >> "PUT /api/users/163678 HTTP/1.1[\r][\n]"
2022-09-27 12:58:29,351 DEBUG [main] wire:72 -  >> "Authorization: Bearer 855ef32f-a468-4766-83b7-7b74b0a6c084[\r][\n]"
2022-09-27 12:58:29,351 DEBUG [main] wire:72 -  >> "Accept: */*[\r][\n]"
2022-09-27 12:58:29,351 DEBUG [main] wire:72 -  >> "Content-Type: application/json[\r][\n]"
2022-09-27 12:58:29,351 DEBUG [main] wire:72 -  >> "Content-Length: 96[\r][\n]"
2022-09-27 12:58:29,351 DEBUG [main] wire:72 -  >> "Host: restapi.adequateshop.com[\r][\n]"
2022-09-27 12:58:29,351 DEBUG [main] wire:72 -  >> "Connection: Keep-Alive[\r][\n]"
2022-09-27 12:58:29,351 DEBUG [main] wire:72 -  >> "User-Agent: Apache-HttpClient/4.5.2 (Java/11.0.15.1)[\r][\n]"
2022-09-27 12:58:29,351 DEBUG [main] wire:72 -  >> "Accept-Encoding: gzip,deflate[\r][\n]"
2022-09-27 12:58:29,351 DEBUG [main] wire:72 -  >> "[\r][\n]"
2022-09-27 12:58:29,351 DEBUG [main] headers:280 - >> PUT /api/users/163678 HTTP/1.1
2022-09-27 12:58:29,352 DEBUG [main] headers:283 - >> Authorization: Bearer 855ef32f-a468-4766-83b7-7b74b0a6c084
2022-09-27 12:58:29,352 DEBUG [main] headers:283 - >> Accept: */*
2022-09-27 12:58:29,352 DEBUG [main] headers:283 - >> Content-Type: application/json
2022-09-27 12:58:29,352 DEBUG [main] headers:283 - >> Content-Length: 96
2022-09-27 12:58:29,352 DEBUG [main] headers:283 - >> Host: restapi.adequateshop.com
2022-09-27 12:58:29,352 DEBUG [main] headers:283 - >> Connection: Keep-Alive
2022-09-27 12:58:29,352 DEBUG [main] headers:283 - >> User-Agent: Apache-HttpClient/4.5.2 (Java/11.0.15.1)
2022-09-27 12:58:29,352 DEBUG [main] headers:283 - >> Accept-Encoding: gzip,deflate
2022-09-27 12:58:29,352 DEBUG [main] wire:86 -  >> "{"id": 163678,"name":"traveler change name","email":"edhwywyf0e9r@email.com","location":"India"}"
2022-09-27 12:58:29,526 DEBUG [main] wire:72 -  << "HTTP/1.1 405 Method Not Allowed[\r][\n]"
2022-09-27 12:58:29,526 DEBUG [main] wire:72 -  << "Allow: GET, HEAD, OPTIONS, TRACE[\r][\n]"
2022-09-27 12:58:29,526 DEBUG [main] wire:72 -  << "Content-Type: text/html[\r][\n]"
2022-09-27 12:58:29,526 DEBUG [main] wire:72 -  << "Server: Microsoft-IIS/10.0[\r][\n]"
2022-09-27 12:58:29,526 DEBUG [main] wire:72 -  << "X-Powered-By: ASP.NET[\r][\n]"
2022-09-27 12:58:29,526 DEBUG [main] wire:72 -  << "Date: Tue, 27 Sep 2022 07:27:48 GMT[\r][\n]"
2022-09-27 12:58:29,526 DEBUG [main] wire:72 -  << "Content-Length: 1293[\r][\n]"
2022-09-27 12:58:29,526 DEBUG [main] wire:72 -  << "[\r][\n]"
2022-09-27 12:58:29,526 DEBUG [main] DefaultClientConnection:261 - Receiving response: HTTP/1.1 405 Method Not Allowed
2022-09-27 12:58:29,526 DEBUG [main] headers:264 - << HTTP/1.1 405 Method Not Allowed
2022-09-27 12:58:29,526 DEBUG [main] headers:267 - << Allow: GET, HEAD, OPTIONS, TRACE
2022-09-27 12:58:29,526 DEBUG [main] headers:267 - << Content-Type: text/html
2022-09-27 12:58:29,526 DEBUG [main] headers:267 - << Server: Microsoft-IIS/10.0
2022-09-27 12:58:29,526 DEBUG [main] headers:267 - << X-Powered-By: ASP.NET
2022-09-27 12:58:29,526 DEBUG [main] headers:267 - << Date: Tue, 27 Sep 2022 07:27:48 GMT
2022-09-27 12:58:29,526 DEBUG [main] headers:267 - << Content-Length: 1293
2022-09-27 12:58:29,527 DEBUG [main] DefaultHttpClient:511 - Connection can be kept alive indefinitely
2022-09-27 12:58:29,527 DEBUG [main] RestAssuredHttpBuilder:553 - Parsing response as: text/html
2022-09-27 12:58:29,527 DEBUG [main] RestAssuredHttpBuilder:556 - Parsed data to instance of: class org.apache.http.conn.EofSensorInputStream
2022-09-27 12:58:29,527 DEBUG [main] wire:72 -  << "<!DOCTYPE html PUBLIC "-//W3C//DTD XHTML 1.0 Strict//EN" "http://www.w3.org/TR/xhtml1/DTD/xhtml1-strict.dtd">[\r][\n]"
2022-09-27 12:58:29,527 DEBUG [main] wire:72 -  << "<html xmlns="http://www.w3.org/1999/xhtml">[\r][\n]"
2022-09-27 12:58:29,527 DEBUG [main] wire:72 -  << "<head>[\r][\n]"
2022-09-27 12:58:29,527 DEBUG [main] wire:72 -  << "<meta http-equiv="Content-Type" content="text/html; charset=iso-8859-1"/>[\r][\n]"
2022-09-27 12:58:29,527 DEBUG [main] wire:72 -  << "<title>405 - HTTP verb used to access this page is not allowed.</title>[\r][\n]"
2022-09-27 12:58:29,527 DEBUG [main] wire:72 -  << "<style type="text/css">[\r][\n]"
2022-09-27 12:58:29,527 DEBUG [main] wire:72 -  << "<!--[\r][\n]"
2022-09-27 12:58:29,527 DEBUG [main] wire:72 -  << "body{margin:0;font-size:.7em;font-family:Verdana, Arial, Helvetica, sans-serif;background:#EEEEEE;}[\r][\n]"
2022-09-27 12:58:29,527 DEBUG [main] wire:72 -  << "fieldset{padding:0 15px 10px 15px;} [\r][\n]"
2022-09-27 12:58:29,528 DEBUG [main] wire:72 -  << "h1{font-size:2.4em;margin:0;color:#FFF;}[\r][\n]"
2022-09-27 12:58:29,528 DEBUG [main] wire:72 -  << "h2{font-size:1.7em;margin:0;color:#CC0000;} [\r][\n]"
2022-09-27 12:58:29,528 DEBUG [main] wire:72 -  << "h3{font-size:1.2em;margin:10px 0 0 0;color:#000000;} [\r][\n]"
2022-09-27 12:58:29,528 DEBUG [main] wire:72 -  << "#header{width:96%;margin:0 0 0 0;padding:6px 2% 6px 2%;font-family:"trebuchet MS", Verdana, sans-serif;color:#FFF;[\r][\n]"
2022-09-27 12:58:29,528 DEBUG [main] wire:72 -  << "background-color:#555555;}[\r][\n]"
2022-09-27 12:58:29,528 DEBUG [main] wire:72 -  << "#content{margin:0 0 0 2%;position:relative;}[\r][\n]"
2022-09-27 12:58:29,528 DEBUG [main] wire:72 -  << ".content-container{background:#FFF;width:96%;margin-top:8px;padding:10px;position:relative;}[\r][\n]"
2022-09-27 12:58:29,528 DEBUG [main] wire:72 -  << "-->[\r][\n]"
2022-09-27 12:58:29,528 DEBUG [main] wire:72 -  << "</style>[\r][\n]"
2022-09-27 12:58:29,528 DEBUG [main] wire:72 -  << "</head>[\r][\n]"
2022-09-27 12:58:29,528 DEBUG [main] wire:72 -  << "<body>[\r][\n]"
2022-09-27 12:58:29,528 DEBUG [main] wire:72 -  << "<div id="header"><h1>Server Error</h1></div>[\r][\n]"
2022-09-27 12:58:29,528 DEBUG [main] wire:72 -  << "<div id="content">[\r][\n]"
2022-09-27 12:58:29,528 DEBUG [main] wire:72 -  << " <div class="content-container"><fieldset>[\r][\n]"
2022-09-27 12:58:29,528 DEBUG [main] wire:72 -  << "  <h2>405 - HTTP verb used to access this page is not allowed.</h2>[\r][\n]"
2022-09-27 12:58:29,528 DEBUG [main] wire:72 -  << "  <h3>The page you are looking for cannot be displayed because an invalid method (HTTP verb) was used to attempt access.</h3>[\r][\n]"
2022-09-27 12:58:29,528 DEBUG [main] wire:72 -  << " </fieldset></div>[\r][\n]"
2022-09-27 12:58:29,528 DEBUG [main] wire:72 -  << "</div>[\r][\n]"
2022-09-27 12:58:29,528 DEBUG [main] wire:72 -  << "</body>[\r][\n]"
2022-09-27 12:58:29,528 DEBUG [main] wire:72 -  << "</html>[\r][\n]"
2022-09-27 12:58:29,528 DEBUG [main] BasicClientConnectionManager:203 - Releasing connection org.apache.http.impl.conn.ManagedClientConnectionImpl@2a5efbb9
2022-09-27 12:58:29,528 DEBUG [main] BasicClientConnectionManager:228 - Connection can be kept alive indefinitely
2022-09-27 12:58:29,871 DEBUG [Finalizer] DefaultClientConnection:182 - Connection 0.0.0.0:64246<->122.176.47.222:80 closed
2022-09-27 12:58:29,872 DEBUG [Finalizer] DefaultClientConnection:182 - Connection 0.0.0.0:64244<->122.176.47.222:80 closed
2022-09-27 12:58:29,872 DEBUG [Finalizer] DefaultClientConnection:182 - Connection 0.0.0.0:64243<->122.176.47.222:80 closed
2022-09-27 12:58:29,873 DEBUG [Finalizer] DefaultClientConnection:182 - Connection 0.0.0.0:64245<->122.176.47.222:80 closed
2022-09-27 12:58:29,873 DEBUG [Finalizer] DefaultClientConnection:182 - Connection 0.0.0.0:64241<->122.176.47.222:80 closed
2022-09-27 12:58:29,874 DEBUG [Finalizer] DefaultClientConnection:182 - Connection 0.0.0.0:64240<->122.176.47.222:80 closed
2022-09-27 12:58:29,874 DEBUG [Finalizer] DefaultClientConnection:182 - Connection 0.0.0.0:64242<->122.176.47.222:80 closed
