2022-09-27 12:57:36,178  INFO [main] SetUp:31 - Entered readExcel method
2022-09-27 12:57:36,182  INFO [main] SetUp:38 - java.io.FileNotFoundException: C:\Users\haseef.rawthar\eclipse-workspace\NopCommerce\Excel\BounceTestData.xls (The system cannot find the file specified)
2022-09-27 12:57:37,227 DEBUG [main] BasicClientConnectionManager:164 - Get connection for route {}->http://restapi.adequateshop.com:80
2022-09-27 12:57:37,491 DEBUG [main] DefaultClientConnectionOperator:176 - Connecting to restapi.adequateshop.com:80
2022-09-27 12:57:37,644 DEBUG [main] RequestAddCookies:122 - CookieSpec selected: ignoreCookies
2022-09-27 12:57:37,646 DEBUG [main] RequestAuthCache:76 - Auth cache not set in the context
2022-09-27 12:57:37,646 DEBUG [main] RequestTargetAuthentication:79 - Target auth state: UNCHALLENGED
2022-09-27 12:57:37,646 DEBUG [main] RequestProxyAuthentication:88 - Proxy auth state: UNCHALLENGED
2022-09-27 12:57:37,647 DEBUG [main] DefaultHttpClient:684 - Attempt 1 to execute request
2022-09-27 12:57:37,647 DEBUG [main] DefaultClientConnection:276 - Sending request: POST /api/authaccount/login HTTP/1.1
2022-09-27 12:57:37,647 DEBUG [main] wire:72 -  >> "POST /api/authaccount/login HTTP/1.1[\r][\n]"
2022-09-27 12:57:37,648 DEBUG [main] wire:72 -  >> "Accept: */*[\r][\n]"
2022-09-27 12:57:37,648 DEBUG [main] wire:72 -  >> "Content-Type: application/json[\r][\n]"
2022-09-27 12:57:37,648 DEBUG [main] wire:72 -  >> "Content-Length: 49[\r][\n]"
2022-09-27 12:57:37,648 DEBUG [main] wire:72 -  >> "Host: restapi.adequateshop.com[\r][\n]"
2022-09-27 12:57:37,649 DEBUG [main] wire:72 -  >> "Connection: Keep-Alive[\r][\n]"
2022-09-27 12:57:37,649 DEBUG [main] wire:72 -  >> "User-Agent: Apache-HttpClient/4.5.2 (Java/11.0.15.1)[\r][\n]"
2022-09-27 12:57:37,649 DEBUG [main] wire:72 -  >> "Accept-Encoding: gzip,deflate[\r][\n]"
2022-09-27 12:57:37,650 DEBUG [main] wire:72 -  >> "[\r][\n]"
2022-09-27 12:57:37,650 DEBUG [main] headers:280 - >> POST /api/authaccount/login HTTP/1.1
2022-09-27 12:57:37,650 DEBUG [main] headers:283 - >> Accept: */*
2022-09-27 12:57:37,650 DEBUG [main] headers:283 - >> Content-Type: application/json
2022-09-27 12:57:37,650 DEBUG [main] headers:283 - >> Content-Length: 49
2022-09-27 12:57:37,650 DEBUG [main] headers:283 - >> Host: restapi.adequateshop.com
2022-09-27 12:57:37,650 DEBUG [main] headers:283 - >> Connection: Keep-Alive
2022-09-27 12:57:37,650 DEBUG [main] headers:283 - >> User-Agent: Apache-HttpClient/4.5.2 (Java/11.0.15.1)
2022-09-27 12:57:37,651 DEBUG [main] headers:283 - >> Accept-Encoding: gzip,deflate
2022-09-27 12:57:37,651 DEBUG [main] wire:86 -  >> "{"email":"tester@test.com","password":"test@123"}"
2022-09-27 12:57:37,838 DEBUG [main] wire:72 -  << "HTTP/1.1 200 OK[\r][\n]"
2022-09-27 12:57:37,839 DEBUG [main] wire:72 -  << "Cache-Control: no-cache[\r][\n]"
2022-09-27 12:57:37,839 DEBUG [main] wire:72 -  << "Pragma: no-cache[\r][\n]"
2022-09-27 12:57:37,839 DEBUG [main] wire:72 -  << "Content-Type: application/json; charset=utf-8[\r][\n]"
2022-09-27 12:57:37,839 DEBUG [main] wire:72 -  << "Expires: -1[\r][\n]"
2022-09-27 12:57:37,840 DEBUG [main] wire:72 -  << "Server: Microsoft-IIS/10.0[\r][\n]"
2022-09-27 12:57:37,840 DEBUG [main] wire:72 -  << "X-AspNet-Version: 4.0.30319[\r][\n]"
2022-09-27 12:57:37,840 DEBUG [main] wire:72 -  << "X-Powered-By: ASP.NET[\r][\n]"
2022-09-27 12:57:37,840 DEBUG [main] wire:72 -  << "Date: Tue, 27 Sep 2022 07:26:57 GMT[\r][\n]"
2022-09-27 12:57:37,840 DEBUG [main] wire:72 -  << "Content-Length: 140[\r][\n]"
2022-09-27 12:57:37,840 DEBUG [main] wire:72 -  << "[\r][\n]"
2022-09-27 12:57:37,840 DEBUG [main] DefaultClientConnection:261 - Receiving response: HTTP/1.1 200 OK
2022-09-27 12:57:37,841 DEBUG [main] headers:264 - << HTTP/1.1 200 OK
2022-09-27 12:57:37,841 DEBUG [main] headers:267 - << Cache-Control: no-cache
2022-09-27 12:57:37,841 DEBUG [main] headers:267 - << Pragma: no-cache
2022-09-27 12:57:37,841 DEBUG [main] headers:267 - << Content-Type: application/json; charset=utf-8
2022-09-27 12:57:37,841 DEBUG [main] headers:267 - << Expires: -1
2022-09-27 12:57:37,841 DEBUG [main] headers:267 - << Server: Microsoft-IIS/10.0
2022-09-27 12:57:37,841 DEBUG [main] headers:267 - << X-AspNet-Version: 4.0.30319
2022-09-27 12:57:37,841 DEBUG [main] headers:267 - << X-Powered-By: ASP.NET
2022-09-27 12:57:37,842 DEBUG [main] headers:267 - << Date: Tue, 27 Sep 2022 07:26:57 GMT
2022-09-27 12:57:37,842 DEBUG [main] headers:267 - << Content-Length: 140
2022-09-27 12:57:37,844 DEBUG [main] DefaultHttpClient:511 - Connection can be kept alive indefinitely
2022-09-27 12:57:37,848 DEBUG [main] RestAssuredHttpBuilder:553 - Parsing response as: application/json; charset=utf-8
2022-09-27 12:57:37,849 DEBUG [main] RestAssuredHttpBuilder:556 - Parsed data to instance of: class org.apache.http.conn.EofSensorInputStream
2022-09-27 12:57:37,872 DEBUG [main] wire:86 -  << "{"code":0,"message":"success","data":{"Id":161540,"Name":"Tester","Email":"tester@test.com","Token":"8b68d0bd-90a5-485a-b164-585a0dab9293"}}"
2022-09-27 12:57:37,872 DEBUG [main] BasicClientConnectionManager:203 - Releasing connection org.apache.http.impl.conn.ManagedClientConnectionImpl@314b9e4b
2022-09-27 12:57:37,872 DEBUG [main] BasicClientConnectionManager:228 - Connection can be kept alive indefinitely
2022-09-27 12:57:38,352  INFO [main] SetUp:31 - Entered readExcel method
2022-09-27 12:57:38,353  INFO [main] SetUp:38 - java.io.FileNotFoundException: C:\Users\haseef.rawthar\eclipse-workspace\NopCommerce\Excel\BounceTestData.xls (The system cannot find the file specified)
2022-09-27 12:57:38,440  INFO [main] SetUp:61 - Entered writeCell method
2022-09-27 12:57:38,448  INFO [main] SetUp:61 - Entered writeCell method
2022-09-27 12:57:38,450  INFO [main] SetUp:47 - Entered getValue method
2022-09-27 12:57:38,450  INFO [main] SetUp:52 - java.lang.NullPointerException
2022-09-27 12:57:38,451  INFO [main] SetUp:47 - Entered getValue method
2022-09-27 12:57:38,451  INFO [main] SetUp:52 - java.lang.NullPointerException
2022-09-27 12:57:38,463 DEBUG [main] BasicClientConnectionManager:164 - Get connection for route {}->http://restapi.adequateshop.com:80
2022-09-27 12:57:38,464 DEBUG [main] DefaultClientConnectionOperator:176 - Connecting to restapi.adequateshop.com:80
2022-09-27 12:57:38,575 DEBUG [main] RequestAddCookies:122 - CookieSpec selected: ignoreCookies
2022-09-27 12:57:38,576 DEBUG [main] RequestAuthCache:76 - Auth cache not set in the context
2022-09-27 12:57:38,576 DEBUG [main] RequestProxyAuthentication:88 - Proxy auth state: UNCHALLENGED
2022-09-27 12:57:38,576 DEBUG [main] DefaultHttpClient:684 - Attempt 1 to execute request
2022-09-27 12:57:38,576 DEBUG [main] DefaultClientConnection:276 - Sending request: POST /api/users HTTP/1.1
2022-09-27 12:57:38,576 DEBUG [main] wire:72 -  >> "POST /api/users HTTP/1.1[\r][\n]"
2022-09-27 12:57:38,577 DEBUG [main] wire:72 -  >> "Authorization: Bearer 8b68d0bd-90a5-485a-b164-585a0dab9293[\r][\n]"
2022-09-27 12:57:38,577 DEBUG [main] wire:72 -  >> "Accept: */*[\r][\n]"
2022-09-27 12:57:38,577 DEBUG [main] wire:72 -  >> "Content-Type: application/json[\r][\n]"
2022-09-27 12:57:38,578 DEBUG [main] wire:72 -  >> "Content-Length: 39[\r][\n]"
2022-09-27 12:57:38,578 DEBUG [main] wire:72 -  >> "Host: restapi.adequateshop.com[\r][\n]"
2022-09-27 12:57:38,578 DEBUG [main] wire:72 -  >> "Connection: Keep-Alive[\r][\n]"
2022-09-27 12:57:38,578 DEBUG [main] wire:72 -  >> "User-Agent: Apache-HttpClient/4.5.2 (Java/11.0.15.1)[\r][\n]"
2022-09-27 12:57:38,579 DEBUG [main] wire:72 -  >> "Accept-Encoding: gzip,deflate[\r][\n]"
2022-09-27 12:57:38,579 DEBUG [main] wire:72 -  >> "[\r][\n]"
2022-09-27 12:57:38,579 DEBUG [main] headers:280 - >> POST /api/users HTTP/1.1
2022-09-27 12:57:38,579 DEBUG [main] headers:283 - >> Authorization: Bearer 8b68d0bd-90a5-485a-b164-585a0dab9293
2022-09-27 12:57:38,580 DEBUG [main] headers:283 - >> Accept: */*
2022-09-27 12:57:38,580 DEBUG [main] headers:283 - >> Content-Type: application/json
2022-09-27 12:57:38,580 DEBUG [main] headers:283 - >> Content-Length: 39
2022-09-27 12:57:38,580 DEBUG [main] headers:283 - >> Host: restapi.adequateshop.com
2022-09-27 12:57:38,581 DEBUG [main] headers:283 - >> Connection: Keep-Alive
2022-09-27 12:57:38,581 DEBUG [main] headers:283 - >> User-Agent: Apache-HttpClient/4.5.2 (Java/11.0.15.1)
2022-09-27 12:57:38,581 DEBUG [main] headers:283 - >> Accept-Encoding: gzip,deflate
2022-09-27 12:57:38,582 DEBUG [main] wire:86 -  >> "{"name":"","email":"","location":"USA"}"
2022-09-27 12:57:38,764 DEBUG [main] wire:72 -  << "HTTP/1.1 400 Bad Request[\r][\n]"
2022-09-27 12:57:38,764 DEBUG [main] wire:72 -  << "Cache-Control: no-cache[\r][\n]"
2022-09-27 12:57:38,764 DEBUG [main] wire:72 -  << "Pragma: no-cache[\r][\n]"
2022-09-27 12:57:38,764 DEBUG [main] wire:72 -  << "Content-Type: application/json; charset=utf-8[\r][\n]"
2022-09-27 12:57:38,764 DEBUG [main] wire:72 -  << "Expires: -1[\r][\n]"
2022-09-27 12:57:38,764 DEBUG [main] wire:72 -  << "Server: Microsoft-IIS/10.0[\r][\n]"
2022-09-27 12:57:38,764 DEBUG [main] wire:72 -  << "X-AspNet-Version: 4.0.30319[\r][\n]"
2022-09-27 12:57:38,764 DEBUG [main] wire:72 -  << "X-Powered-By: ASP.NET[\r][\n]"
2022-09-27 12:57:38,764 DEBUG [main] wire:72 -  << "Date: Tue, 27 Sep 2022 07:26:57 GMT[\r][\n]"
2022-09-27 12:57:38,765 DEBUG [main] wire:72 -  << "Content-Length: 53[\r][\n]"
2022-09-27 12:57:38,765 DEBUG [main] wire:72 -  << "[\r][\n]"
2022-09-27 12:57:38,765 DEBUG [main] DefaultClientConnection:261 - Receiving response: HTTP/1.1 400 Bad Request
2022-09-27 12:57:38,765 DEBUG [main] headers:264 - << HTTP/1.1 400 Bad Request
2022-09-27 12:57:38,765 DEBUG [main] headers:267 - << Cache-Control: no-cache
2022-09-27 12:57:38,765 DEBUG [main] headers:267 - << Pragma: no-cache
2022-09-27 12:57:38,765 DEBUG [main] headers:267 - << Content-Type: application/json; charset=utf-8
2022-09-27 12:57:38,765 DEBUG [main] headers:267 - << Expires: -1
2022-09-27 12:57:38,765 DEBUG [main] headers:267 - << Server: Microsoft-IIS/10.0
2022-09-27 12:57:38,765 DEBUG [main] headers:267 - << X-AspNet-Version: 4.0.30319
2022-09-27 12:57:38,765 DEBUG [main] headers:267 - << X-Powered-By: ASP.NET
2022-09-27 12:57:38,765 DEBUG [main] headers:267 - << Date: Tue, 27 Sep 2022 07:26:57 GMT
2022-09-27 12:57:38,765 DEBUG [main] headers:267 - << Content-Length: 53
2022-09-27 12:57:38,766 DEBUG [main] DefaultHttpClient:511 - Connection can be kept alive indefinitely
2022-09-27 12:57:38,766 DEBUG [main] RestAssuredHttpBuilder:553 - Parsing response as: application/json; charset=utf-8
2022-09-27 12:57:38,766 DEBUG [main] RestAssuredHttpBuilder:556 - Parsed data to instance of: class org.apache.http.conn.EofSensorInputStream
2022-09-27 12:57:38,772 DEBUG [main] wire:86 -  << "{"Message":"Pleae try with different email address!"}"
2022-09-27 12:57:38,772 DEBUG [main] BasicClientConnectionManager:203 - Releasing connection org.apache.http.impl.conn.ManagedClientConnectionImpl@646d810b
2022-09-27 12:57:38,772 DEBUG [main] BasicClientConnectionManager:228 - Connection can be kept alive indefinitely
2022-09-27 12:57:38,802 ERROR [main] SetUp:230 - java.lang.NullPointerException
2022-09-27 12:57:38,821  INFO [main] SetUp:31 - Entered readExcel method
2022-09-27 12:57:38,850 ERROR [main] SetUp:49 - org.apache.poi.EmptyFileException: The supplied file was empty (zero bytes long)
2022-09-27 12:57:38,858 DEBUG [main] BasicClientConnectionManager:164 - Get connection for route {}->http://restapi.adequateshop.com:80
2022-09-27 12:57:38,858 DEBUG [main] DefaultClientConnectionOperator:176 - Connecting to restapi.adequateshop.com:80
2022-09-27 12:57:38,980 DEBUG [main] RequestAddCookies:122 - CookieSpec selected: ignoreCookies
2022-09-27 12:57:38,981 DEBUG [main] RequestAuthCache:76 - Auth cache not set in the context
2022-09-27 12:57:38,981 DEBUG [main] RequestTargetAuthentication:79 - Target auth state: UNCHALLENGED
2022-09-27 12:57:38,982 DEBUG [main] RequestProxyAuthentication:88 - Proxy auth state: UNCHALLENGED
2022-09-27 12:57:38,982 DEBUG [main] DefaultHttpClient:684 - Attempt 1 to execute request
2022-09-27 12:57:38,982 DEBUG [main] DefaultClientConnection:276 - Sending request: POST /api/authaccount/login HTTP/1.1
2022-09-27 12:57:38,983 DEBUG [main] wire:72 -  >> "POST /api/authaccount/login HTTP/1.1[\r][\n]"
2022-09-27 12:57:38,983 DEBUG [main] wire:72 -  >> "Accept: */*[\r][\n]"
2022-09-27 12:57:38,983 DEBUG [main] wire:72 -  >> "Content-Type: application/json[\r][\n]"
2022-09-27 12:57:38,983 DEBUG [main] wire:72 -  >> "Content-Length: 49[\r][\n]"
2022-09-27 12:57:38,984 DEBUG [main] wire:72 -  >> "Host: restapi.adequateshop.com[\r][\n]"
2022-09-27 12:57:38,984 DEBUG [main] wire:72 -  >> "Connection: Keep-Alive[\r][\n]"
2022-09-27 12:57:38,984 DEBUG [main] wire:72 -  >> "User-Agent: Apache-HttpClient/4.5.2 (Java/11.0.15.1)[\r][\n]"
2022-09-27 12:57:38,984 DEBUG [main] wire:72 -  >> "Accept-Encoding: gzip,deflate[\r][\n]"
2022-09-27 12:57:38,985 DEBUG [main] wire:72 -  >> "[\r][\n]"
2022-09-27 12:57:38,985 DEBUG [main] headers:280 - >> POST /api/authaccount/login HTTP/1.1
2022-09-27 12:57:38,985 DEBUG [main] headers:283 - >> Accept: */*
2022-09-27 12:57:38,985 DEBUG [main] headers:283 - >> Content-Type: application/json
2022-09-27 12:57:38,986 DEBUG [main] headers:283 - >> Content-Length: 49
2022-09-27 12:57:38,986 DEBUG [main] headers:283 - >> Host: restapi.adequateshop.com
2022-09-27 12:57:38,986 DEBUG [main] headers:283 - >> Connection: Keep-Alive
2022-09-27 12:57:38,986 DEBUG [main] headers:283 - >> User-Agent: Apache-HttpClient/4.5.2 (Java/11.0.15.1)
2022-09-27 12:57:38,986 DEBUG [main] headers:283 - >> Accept-Encoding: gzip,deflate
2022-09-27 12:57:38,987 DEBUG [main] wire:86 -  >> "{"email":"tester@test.com","password":"test@123"}"
2022-09-27 12:57:39,155 DEBUG [main] wire:72 -  << "HTTP/1.1 200 OK[\r][\n]"
2022-09-27 12:57:39,155 DEBUG [main] wire:72 -  << "Cache-Control: no-cache[\r][\n]"
2022-09-27 12:57:39,155 DEBUG [main] wire:72 -  << "Pragma: no-cache[\r][\n]"
2022-09-27 12:57:39,155 DEBUG [main] wire:72 -  << "Content-Type: application/json; charset=utf-8[\r][\n]"
2022-09-27 12:57:39,155 DEBUG [main] wire:72 -  << "Expires: -1[\r][\n]"
2022-09-27 12:57:39,155 DEBUG [main] wire:72 -  << "Server: Microsoft-IIS/10.0[\r][\n]"
2022-09-27 12:57:39,155 DEBUG [main] wire:72 -  << "X-AspNet-Version: 4.0.30319[\r][\n]"
2022-09-27 12:57:39,155 DEBUG [main] wire:72 -  << "X-Powered-By: ASP.NET[\r][\n]"
2022-09-27 12:57:39,157 DEBUG [main] wire:72 -  << "Date: Tue, 27 Sep 2022 07:26:58 GMT[\r][\n]"
2022-09-27 12:57:39,157 DEBUG [main] wire:72 -  << "Content-Length: 140[\r][\n]"
2022-09-27 12:57:39,157 DEBUG [main] wire:72 -  << "[\r][\n]"
2022-09-27 12:57:39,157 DEBUG [main] DefaultClientConnection:261 - Receiving response: HTTP/1.1 200 OK
2022-09-27 12:57:39,157 DEBUG [main] headers:264 - << HTTP/1.1 200 OK
2022-09-27 12:57:39,157 DEBUG [main] headers:267 - << Cache-Control: no-cache
2022-09-27 12:57:39,157 DEBUG [main] headers:267 - << Pragma: no-cache
2022-09-27 12:57:39,157 DEBUG [main] headers:267 - << Content-Type: application/json; charset=utf-8
2022-09-27 12:57:39,157 DEBUG [main] headers:267 - << Expires: -1
2022-09-27 12:57:39,157 DEBUG [main] headers:267 - << Server: Microsoft-IIS/10.0
2022-09-27 12:57:39,157 DEBUG [main] headers:267 - << X-AspNet-Version: 4.0.30319
2022-09-27 12:57:39,157 DEBUG [main] headers:267 - << X-Powered-By: ASP.NET
2022-09-27 12:57:39,157 DEBUG [main] headers:267 - << Date: Tue, 27 Sep 2022 07:26:58 GMT
2022-09-27 12:57:39,157 DEBUG [main] headers:267 - << Content-Length: 140
2022-09-27 12:57:39,158 DEBUG [main] DefaultHttpClient:511 - Connection can be kept alive indefinitely
2022-09-27 12:57:39,158 DEBUG [main] RestAssuredHttpBuilder:553 - Parsing response as: application/json; charset=utf-8
2022-09-27 12:57:39,158 DEBUG [main] RestAssuredHttpBuilder:556 - Parsed data to instance of: class org.apache.http.conn.EofSensorInputStream
2022-09-27 12:57:39,158 DEBUG [main] wire:86 -  << "{"code":0,"message":"success","data":{"Id":161540,"Name":"Tester","Email":"tester@test.com","Token":"e05085a8-88fa-4912-93cf-2505a5621e14"}}"
2022-09-27 12:57:39,159 DEBUG [main] BasicClientConnectionManager:203 - Releasing connection org.apache.http.impl.conn.ManagedClientConnectionImpl@6f96dd64
2022-09-27 12:57:39,159 DEBUG [main] BasicClientConnectionManager:228 - Connection can be kept alive indefinitely
2022-09-27 12:57:39,174  INFO [main] SetUp:31 - Entered readExcel method
2022-09-27 12:57:39,175 ERROR [main] SetUp:49 - org.apache.poi.EmptyFileException: The supplied file was empty (zero bytes long)
2022-09-27 12:57:39,199 DEBUG [main] BasicClientConnectionManager:164 - Get connection for route {}->http://restapi.adequateshop.com:80
2022-09-27 12:57:39,199 DEBUG [main] DefaultClientConnectionOperator:176 - Connecting to restapi.adequateshop.com:80
2022-09-27 12:57:39,318 DEBUG [main] RequestAddCookies:122 - CookieSpec selected: ignoreCookies
2022-09-27 12:57:39,319 DEBUG [main] RequestAuthCache:76 - Auth cache not set in the context
2022-09-27 12:57:39,319 DEBUG [main] RequestProxyAuthentication:88 - Proxy auth state: UNCHALLENGED
2022-09-27 12:57:39,319 DEBUG [main] DefaultHttpClient:684 - Attempt 1 to execute request
2022-09-27 12:57:39,319 DEBUG [main] DefaultClientConnection:276 - Sending request: GET /api/users?page=1 HTTP/1.1
2022-09-27 12:57:39,320 DEBUG [main] wire:72 -  >> "GET /api/users?page=1 HTTP/1.1[\r][\n]"
2022-09-27 12:57:39,320 DEBUG [main] wire:72 -  >> "Authorization: Bearer e05085a8-88fa-4912-93cf-2505a5621e14[\r][\n]"
2022-09-27 12:57:39,320 DEBUG [main] wire:72 -  >> "Accept: */*[\r][\n]"
2022-09-27 12:57:39,320 DEBUG [main] wire:72 -  >> "Host: restapi.adequateshop.com[\r][\n]"
2022-09-27 12:57:39,320 DEBUG [main] wire:72 -  >> "Connection: Keep-Alive[\r][\n]"
2022-09-27 12:57:39,321 DEBUG [main] wire:72 -  >> "User-Agent: Apache-HttpClient/4.5.2 (Java/11.0.15.1)[\r][\n]"
2022-09-27 12:57:39,321 DEBUG [main] wire:72 -  >> "Accept-Encoding: gzip,deflate[\r][\n]"
2022-09-27 12:57:39,322 DEBUG [main] wire:72 -  >> "[\r][\n]"
2022-09-27 12:57:39,322 DEBUG [main] headers:280 - >> GET /api/users?page=1 HTTP/1.1
2022-09-27 12:57:39,322 DEBUG [main] headers:283 - >> Authorization: Bearer e05085a8-88fa-4912-93cf-2505a5621e14
2022-09-27 12:57:39,322 DEBUG [main] headers:283 - >> Accept: */*
2022-09-27 12:57:39,322 DEBUG [main] headers:283 - >> Host: restapi.adequateshop.com
2022-09-27 12:57:39,323 DEBUG [main] headers:283 - >> Connection: Keep-Alive
2022-09-27 12:57:39,323 DEBUG [main] headers:283 - >> User-Agent: Apache-HttpClient/4.5.2 (Java/11.0.15.1)
2022-09-27 12:57:39,323 DEBUG [main] headers:283 - >> Accept-Encoding: gzip,deflate
2022-09-27 12:57:39,493 DEBUG [main] wire:72 -  << "HTTP/1.1 200 OK[\r][\n]"
2022-09-27 12:57:39,493 DEBUG [main] wire:72 -  << "Cache-Control: no-cache[\r][\n]"
2022-09-27 12:57:39,493 DEBUG [main] wire:72 -  << "Pragma: no-cache[\r][\n]"
2022-09-27 12:57:39,493 DEBUG [main] wire:72 -  << "Content-Type: application/json; charset=utf-8[\r][\n]"
2022-09-27 12:57:39,493 DEBUG [main] wire:72 -  << "Expires: -1[\r][\n]"
2022-09-27 12:57:39,493 DEBUG [main] wire:72 -  << "Server: Microsoft-IIS/10.0[\r][\n]"
2022-09-27 12:57:39,493 DEBUG [main] wire:72 -  << "X-AspNet-Version: 4.0.30319[\r][\n]"
2022-09-27 12:57:39,494 DEBUG [main] wire:72 -  << "X-Powered-By: ASP.NET[\r][\n]"
2022-09-27 12:57:39,494 DEBUG [main] wire:72 -  << "Date: Tue, 27 Sep 2022 07:26:58 GMT[\r][\n]"
2022-09-27 12:57:39,494 DEBUG [main] wire:72 -  << "Content-Length: 1984[\r][\n]"
2022-09-27 12:57:39,494 DEBUG [main] wire:72 -  << "[\r][\n]"
2022-09-27 12:57:39,494 DEBUG [main] DefaultClientConnection:261 - Receiving response: HTTP/1.1 200 OK
2022-09-27 12:57:39,494 DEBUG [main] headers:264 - << HTTP/1.1 200 OK
2022-09-27 12:57:39,494 DEBUG [main] headers:267 - << Cache-Control: no-cache
2022-09-27 12:57:39,494 DEBUG [main] headers:267 - << Pragma: no-cache
2022-09-27 12:57:39,494 DEBUG [main] headers:267 - << Content-Type: application/json; charset=utf-8
2022-09-27 12:57:39,494 DEBUG [main] headers:267 - << Expires: -1
2022-09-27 12:57:39,494 DEBUG [main] headers:267 - << Server: Microsoft-IIS/10.0
2022-09-27 12:57:39,495 DEBUG [main] headers:267 - << X-AspNet-Version: 4.0.30319
2022-09-27 12:57:39,495 DEBUG [main] headers:267 - << X-Powered-By: ASP.NET
2022-09-27 12:57:39,495 DEBUG [main] headers:267 - << Date: Tue, 27 Sep 2022 07:26:58 GMT
2022-09-27 12:57:39,495 DEBUG [main] headers:267 - << Content-Length: 1984
2022-09-27 12:57:39,495 DEBUG [main] DefaultHttpClient:511 - Connection can be kept alive indefinitely
2022-09-27 12:57:39,495 DEBUG [main] RestAssuredHttpBuilder:553 - Parsing response as: application/json; charset=utf-8
2022-09-27 12:57:39,495 DEBUG [main] RestAssuredHttpBuilder:556 - Parsed data to instance of: class org.apache.http.conn.EofSensorInputStream
2022-09-27 12:57:39,497 DEBUG [main] wire:86 -  << "{"page":1,"per_page":10,"totalrecord":8842,"total_pages":885,"data":[{"id":11133,"name":"Developer","email":"Developer12@gmail.com","profilepicture":"http://restapi.adequateshop.com/Media//Images/userimageicon.png","location":"USA","createdat":"0001-01-01T00:00:00"},{"id":11134,"name":"AS","email":"qweqw@mail.ru","profilepicture":"http://restapi.adequateshop.com/Media//Images/userimageicon.png","location":"USA","createdat":"0001-01-01T00:00:00"},{"id":11135,"name":"vano","email":"van.19v@mail.ru","profilepicture":"http://restapi.adequateshop.com/Media//Images/userimageicon.png","location":"USA","createdat":"0001-01-01T00:00:00"},{"id":11136,"name":"Developer123","email":"Developer523@gmail.com","profilepicture":"http://restapi.adequateshop.com/Media//Images/userimageicon.png","location":"USA","createdat":"0001-01-01T00:00:00"},{"id":11137,"name":"Ashor","email":"ashot.vardanyan.2000@gmail.com","profilepicture":"http://restapi.adequateshop.com/Media//Images/userimageicon.png","location":"USA","createdat":"0001-01-01T00:00:00"},{"id":11138,"name":"1234","email":"ghag@mail.ru","profilepicture":"http://restapi.adequateshop.com/Media//Images/userimageicon.png","location":"USA","createdat":"0001-01-01T00:00:00"},{"id":11139,"name":"asdasd","email":"asdasd@dasda.asd","profilepicture":"http://restapi.adequateshop.com/Media//Images/userimageicon.png","location":"USA","createdat":"0001-01-01T00:00:00"},{"id":11140,"name":"da","email":"auriu@gmail.com","profilepicture":"http://restapi.adequateshop.com/Media//Images/userimageicon.png","location":"USA","createdat":"0001-01-01T00:00:00"},{"id":11142,"name":"asdasd","email":"qwwerrwerweeqw@mail.ru","profilepicture":"http://restapi.adequateshop.com/Media//Images/userimageicon.png","location":"USA","createdat":"0001-01-01T00:00:00"},{"id":11143,"name":"karen","email":"karen@mail.ru","profilepicture":"http://restapi.adequateshop.com/Media//Images/userimageicon.png","location":"USA","createdat":"0001-01-01T00:00:00"}]}"
2022-09-27 12:57:39,497 DEBUG [main] BasicClientConnectionManager:203 - Releasing connection org.apache.http.impl.conn.ManagedClientConnectionImpl@5ebbde60
2022-09-27 12:57:39,497 DEBUG [main] BasicClientConnectionManager:228 - Connection can be kept alive indefinitely
2022-09-27 12:57:39,826 DEBUG [Finalizer] DefaultClientConnection:182 - Connection 0.0.0.0:64221<->122.176.47.222:80 closed
2022-09-27 12:57:39,913  INFO [main] SetUp:31 - Entered readExcel method
2022-09-27 12:57:39,914 ERROR [main] SetUp:49 - org.apache.poi.EmptyFileException: The supplied file was empty (zero bytes long)
2022-09-27 12:57:39,920 DEBUG [main] BasicClientConnectionManager:164 - Get connection for route {}->http://restapi.adequateshop.com:80
2022-09-27 12:57:39,921 DEBUG [main] DefaultClientConnectionOperator:176 - Connecting to restapi.adequateshop.com:80
2022-09-27 12:57:40,022 DEBUG [main] RequestAddCookies:122 - CookieSpec selected: ignoreCookies
2022-09-27 12:57:40,022 DEBUG [main] RequestAuthCache:76 - Auth cache not set in the context
2022-09-27 12:57:40,023 DEBUG [main] RequestTargetAuthentication:79 - Target auth state: UNCHALLENGED
2022-09-27 12:57:40,023 DEBUG [main] RequestProxyAuthentication:88 - Proxy auth state: UNCHALLENGED
2022-09-27 12:57:40,023 DEBUG [main] DefaultHttpClient:684 - Attempt 1 to execute request
2022-09-27 12:57:40,023 DEBUG [main] DefaultClientConnection:276 - Sending request: POST /api/authaccount/login HTTP/1.1
2022-09-27 12:57:40,023 DEBUG [main] wire:72 -  >> "POST /api/authaccount/login HTTP/1.1[\r][\n]"
2022-09-27 12:57:40,023 DEBUG [main] wire:72 -  >> "Accept: */*[\r][\n]"
2022-09-27 12:57:40,023 DEBUG [main] wire:72 -  >> "Content-Type: application/json[\r][\n]"
2022-09-27 12:57:40,023 DEBUG [main] wire:72 -  >> "Content-Length: 49[\r][\n]"
2022-09-27 12:57:40,023 DEBUG [main] wire:72 -  >> "Host: restapi.adequateshop.com[\r][\n]"
2022-09-27 12:57:40,023 DEBUG [main] wire:72 -  >> "Connection: Keep-Alive[\r][\n]"
2022-09-27 12:57:40,023 DEBUG [main] wire:72 -  >> "User-Agent: Apache-HttpClient/4.5.2 (Java/11.0.15.1)[\r][\n]"
2022-09-27 12:57:40,023 DEBUG [main] wire:72 -  >> "Accept-Encoding: gzip,deflate[\r][\n]"
2022-09-27 12:57:40,024 DEBUG [main] wire:72 -  >> "[\r][\n]"
2022-09-27 12:57:40,024 DEBUG [main] headers:280 - >> POST /api/authaccount/login HTTP/1.1
2022-09-27 12:57:40,024 DEBUG [main] headers:283 - >> Accept: */*
2022-09-27 12:57:40,024 DEBUG [main] headers:283 - >> Content-Type: application/json
2022-09-27 12:57:40,024 DEBUG [main] headers:283 - >> Content-Length: 49
2022-09-27 12:57:40,024 DEBUG [main] headers:283 - >> Host: restapi.adequateshop.com
2022-09-27 12:57:40,024 DEBUG [main] headers:283 - >> Connection: Keep-Alive
2022-09-27 12:57:40,024 DEBUG [main] headers:283 - >> User-Agent: Apache-HttpClient/4.5.2 (Java/11.0.15.1)
2022-09-27 12:57:40,024 DEBUG [main] headers:283 - >> Accept-Encoding: gzip,deflate
2022-09-27 12:57:40,024 DEBUG [main] wire:86 -  >> "{"email":"tester@test.com","password":"test@123"}"
2022-09-27 12:57:40,191 DEBUG [main] wire:72 -  << "HTTP/1.1 200 OK[\r][\n]"
2022-09-27 12:57:40,192 DEBUG [main] wire:72 -  << "Cache-Control: no-cache[\r][\n]"
2022-09-27 12:57:40,192 DEBUG [main] wire:72 -  << "Pragma: no-cache[\r][\n]"
2022-09-27 12:57:40,192 DEBUG [main] wire:72 -  << "Content-Type: application/json; charset=utf-8[\r][\n]"
2022-09-27 12:57:40,192 DEBUG [main] wire:72 -  << "Expires: -1[\r][\n]"
2022-09-27 12:57:40,192 DEBUG [main] wire:72 -  << "Server: Microsoft-IIS/10.0[\r][\n]"
2022-09-27 12:57:40,193 DEBUG [main] wire:72 -  << "X-AspNet-Version: 4.0.30319[\r][\n]"
2022-09-27 12:57:40,193 DEBUG [main] wire:72 -  << "X-Powered-By: ASP.NET[\r][\n]"
2022-09-27 12:57:40,193 DEBUG [main] wire:72 -  << "Date: Tue, 27 Sep 2022 07:26:59 GMT[\r][\n]"
2022-09-27 12:57:40,193 DEBUG [main] wire:72 -  << "Content-Length: 140[\r][\n]"
2022-09-27 12:57:40,193 DEBUG [main] wire:72 -  << "[\r][\n]"
2022-09-27 12:57:40,193 DEBUG [main] DefaultClientConnection:261 - Receiving response: HTTP/1.1 200 OK
2022-09-27 12:57:40,193 DEBUG [main] headers:264 - << HTTP/1.1 200 OK
2022-09-27 12:57:40,194 DEBUG [main] headers:267 - << Cache-Control: no-cache
2022-09-27 12:57:40,194 DEBUG [main] headers:267 - << Pragma: no-cache
2022-09-27 12:57:40,194 DEBUG [main] headers:267 - << Content-Type: application/json; charset=utf-8
2022-09-27 12:57:40,194 DEBUG [main] headers:267 - << Expires: -1
2022-09-27 12:57:40,194 DEBUG [main] headers:267 - << Server: Microsoft-IIS/10.0
2022-09-27 12:57:40,194 DEBUG [main] headers:267 - << X-AspNet-Version: 4.0.30319
2022-09-27 12:57:40,194 DEBUG [main] headers:267 - << X-Powered-By: ASP.NET
2022-09-27 12:57:40,194 DEBUG [main] headers:267 - << Date: Tue, 27 Sep 2022 07:26:59 GMT
2022-09-27 12:57:40,194 DEBUG [main] headers:267 - << Content-Length: 140
2022-09-27 12:57:40,194 DEBUG [main] DefaultHttpClient:511 - Connection can be kept alive indefinitely
2022-09-27 12:57:40,194 DEBUG [main] RestAssuredHttpBuilder:553 - Parsing response as: application/json; charset=utf-8
2022-09-27 12:57:40,195 DEBUG [main] RestAssuredHttpBuilder:556 - Parsed data to instance of: class org.apache.http.conn.EofSensorInputStream
2022-09-27 12:57:40,195 DEBUG [main] wire:86 -  << "{"code":0,"message":"success","data":{"Id":161540,"Name":"Tester","Email":"tester@test.com","Token":"630f0d78-f71c-43ce-9f85-9a9d0b132f54"}}"
2022-09-27 12:57:40,195 DEBUG [main] BasicClientConnectionManager:203 - Releasing connection org.apache.http.impl.conn.ManagedClientConnectionImpl@28fa541
2022-09-27 12:57:40,195 DEBUG [main] BasicClientConnectionManager:228 - Connection can be kept alive indefinitely
2022-09-27 12:57:40,213  INFO [main] SetUp:31 - Entered readExcel method
2022-09-27 12:57:40,213 ERROR [main] SetUp:49 - org.apache.poi.EmptyFileException: The supplied file was empty (zero bytes long)
2022-09-27 12:57:40,221  INFO [main] SetUp:61 - Entered writeCell method
2022-09-27 12:57:40,223  INFO [main] SetUp:61 - Entered writeCell method
2022-09-27 12:57:40,223  INFO [main] SetUp:47 - Entered getValue method
2022-09-27 12:57:40,223  INFO [main] SetUp:52 - java.lang.NullPointerException
2022-09-27 12:57:40,223  INFO [main] SetUp:47 - Entered getValue method
2022-09-27 12:57:40,223  INFO [main] SetUp:52 - java.lang.NullPointerException
2022-09-27 12:57:40,230 DEBUG [main] BasicClientConnectionManager:164 - Get connection for route {}->http://restapi.adequateshop.com:80
2022-09-27 12:57:40,232 DEBUG [main] DefaultClientConnectionOperator:176 - Connecting to restapi.adequateshop.com:80
2022-09-27 12:57:40,352 DEBUG [main] RequestAddCookies:122 - CookieSpec selected: ignoreCookies
2022-09-27 12:57:40,352 DEBUG [main] RequestAuthCache:76 - Auth cache not set in the context
2022-09-27 12:57:40,352 DEBUG [main] RequestProxyAuthentication:88 - Proxy auth state: UNCHALLENGED
2022-09-27 12:57:40,353 DEBUG [main] DefaultHttpClient:684 - Attempt 1 to execute request
2022-09-27 12:57:40,353 DEBUG [main] DefaultClientConnection:276 - Sending request: POST /api/users HTTP/1.1
2022-09-27 12:57:40,353 DEBUG [main] wire:72 -  >> "POST /api/users HTTP/1.1[\r][\n]"
2022-09-27 12:57:40,353 DEBUG [main] wire:72 -  >> "Authorization: Bearer 630f0d78-f71c-43ce-9f85-9a9d0b132f54[\r][\n]"
2022-09-27 12:57:40,353 DEBUG [main] wire:72 -  >> "Accept: */*[\r][\n]"
2022-09-27 12:57:40,353 DEBUG [main] wire:72 -  >> "Content-Type: application/json[\r][\n]"
2022-09-27 12:57:40,354 DEBUG [main] wire:72 -  >> "Content-Length: 39[\r][\n]"
2022-09-27 12:57:40,354 DEBUG [main] wire:72 -  >> "Host: restapi.adequateshop.com[\r][\n]"
2022-09-27 12:57:40,354 DEBUG [main] wire:72 -  >> "Connection: Keep-Alive[\r][\n]"
2022-09-27 12:57:40,354 DEBUG [main] wire:72 -  >> "User-Agent: Apache-HttpClient/4.5.2 (Java/11.0.15.1)[\r][\n]"
2022-09-27 12:57:40,354 DEBUG [main] wire:72 -  >> "Accept-Encoding: gzip,deflate[\r][\n]"
2022-09-27 12:57:40,354 DEBUG [main] wire:72 -  >> "[\r][\n]"
2022-09-27 12:57:40,354 DEBUG [main] headers:280 - >> POST /api/users HTTP/1.1
2022-09-27 12:57:40,355 DEBUG [main] headers:283 - >> Authorization: Bearer 630f0d78-f71c-43ce-9f85-9a9d0b132f54
2022-09-27 12:57:40,355 DEBUG [main] headers:283 - >> Accept: */*
2022-09-27 12:57:40,355 DEBUG [main] headers:283 - >> Content-Type: application/json
2022-09-27 12:57:40,355 DEBUG [main] headers:283 - >> Content-Length: 39
2022-09-27 12:57:40,355 DEBUG [main] headers:283 - >> Host: restapi.adequateshop.com
2022-09-27 12:57:40,355 DEBUG [main] headers:283 - >> Connection: Keep-Alive
2022-09-27 12:57:40,355 DEBUG [main] headers:283 - >> User-Agent: Apache-HttpClient/4.5.2 (Java/11.0.15.1)
2022-09-27 12:57:40,355 DEBUG [main] headers:283 - >> Accept-Encoding: gzip,deflate
2022-09-27 12:57:40,355 DEBUG [main] wire:86 -  >> "{"name":"","email":"","location":"USA"}"
2022-09-27 12:57:40,544 DEBUG [main] wire:72 -  << "HTTP/1.1 400 Bad Request[\r][\n]"
2022-09-27 12:57:40,544 DEBUG [main] wire:72 -  << "Cache-Control: no-cache[\r][\n]"
2022-09-27 12:57:40,544 DEBUG [main] wire:72 -  << "Pragma: no-cache[\r][\n]"
2022-09-27 12:57:40,544 DEBUG [main] wire:72 -  << "Content-Type: application/json; charset=utf-8[\r][\n]"
2022-09-27 12:57:40,544 DEBUG [main] wire:72 -  << "Expires: -1[\r][\n]"
2022-09-27 12:57:40,545 DEBUG [main] wire:72 -  << "Server: Microsoft-IIS/10.0[\r][\n]"
2022-09-27 12:57:40,545 DEBUG [main] wire:72 -  << "X-AspNet-Version: 4.0.30319[\r][\n]"
2022-09-27 12:57:40,545 DEBUG [main] wire:72 -  << "X-Powered-By: ASP.NET[\r][\n]"
2022-09-27 12:57:40,545 DEBUG [main] wire:72 -  << "Date: Tue, 27 Sep 2022 07:26:59 GMT[\r][\n]"
2022-09-27 12:57:40,545 DEBUG [main] wire:72 -  << "Content-Length: 53[\r][\n]"
2022-09-27 12:57:40,545 DEBUG [main] wire:72 -  << "[\r][\n]"
2022-09-27 12:57:40,545 DEBUG [main] DefaultClientConnection:261 - Receiving response: HTTP/1.1 400 Bad Request
2022-09-27 12:57:40,545 DEBUG [main] headers:264 - << HTTP/1.1 400 Bad Request
2022-09-27 12:57:40,546 DEBUG [main] headers:267 - << Cache-Control: no-cache
2022-09-27 12:57:40,546 DEBUG [main] headers:267 - << Pragma: no-cache
2022-09-27 12:57:40,546 DEBUG [main] headers:267 - << Content-Type: application/json; charset=utf-8
2022-09-27 12:57:40,546 DEBUG [main] headers:267 - << Expires: -1
2022-09-27 12:57:40,546 DEBUG [main] headers:267 - << Server: Microsoft-IIS/10.0
2022-09-27 12:57:40,546 DEBUG [main] headers:267 - << X-AspNet-Version: 4.0.30319
2022-09-27 12:57:40,546 DEBUG [main] headers:267 - << X-Powered-By: ASP.NET
2022-09-27 12:57:40,546 DEBUG [main] headers:267 - << Date: Tue, 27 Sep 2022 07:26:59 GMT
2022-09-27 12:57:40,546 DEBUG [main] headers:267 - << Content-Length: 53
2022-09-27 12:57:40,546 DEBUG [main] DefaultHttpClient:511 - Connection can be kept alive indefinitely
2022-09-27 12:57:40,547 DEBUG [main] RestAssuredHttpBuilder:553 - Parsing response as: application/json; charset=utf-8
2022-09-27 12:57:40,547 DEBUG [main] RestAssuredHttpBuilder:556 - Parsed data to instance of: class org.apache.http.conn.EofSensorInputStream
2022-09-27 12:57:40,548 DEBUG [main] wire:86 -  << "{"Message":"Pleae try with different email address!"}"
2022-09-27 12:57:40,549 DEBUG [main] BasicClientConnectionManager:203 - Releasing connection org.apache.http.impl.conn.ManagedClientConnectionImpl@4cf230bf
2022-09-27 12:57:40,549 DEBUG [main] BasicClientConnectionManager:228 - Connection can be kept alive indefinitely
2022-09-27 12:57:40,558  INFO [main] SetUp:31 - Entered readExcel method
2022-09-27 12:57:40,559 ERROR [main] SetUp:49 - org.apache.poi.EmptyFileException: The supplied file was empty (zero bytes long)
2022-09-27 12:57:40,564 DEBUG [main] BasicClientConnectionManager:164 - Get connection for route {}->http://restapi.adequateshop.com:80
2022-09-27 12:57:40,564 DEBUG [main] DefaultClientConnectionOperator:176 - Connecting to restapi.adequateshop.com:80
2022-09-27 12:57:40,675 DEBUG [main] RequestAddCookies:122 - CookieSpec selected: ignoreCookies
2022-09-27 12:57:40,676 DEBUG [main] RequestAuthCache:76 - Auth cache not set in the context
2022-09-27 12:57:40,676 DEBUG [main] RequestTargetAuthentication:79 - Target auth state: UNCHALLENGED
2022-09-27 12:57:40,676 DEBUG [main] RequestProxyAuthentication:88 - Proxy auth state: UNCHALLENGED
2022-09-27 12:57:40,676 DEBUG [main] DefaultHttpClient:684 - Attempt 1 to execute request
2022-09-27 12:57:40,677 DEBUG [main] DefaultClientConnection:276 - Sending request: POST /api/authaccount/login HTTP/1.1
2022-09-27 12:57:40,677 DEBUG [main] wire:72 -  >> "POST /api/authaccount/login HTTP/1.1[\r][\n]"
2022-09-27 12:57:40,677 DEBUG [main] wire:72 -  >> "Accept: */*[\r][\n]"
2022-09-27 12:57:40,678 DEBUG [main] wire:72 -  >> "Content-Type: application/json[\r][\n]"
2022-09-27 12:57:40,678 DEBUG [main] wire:72 -  >> "Content-Length: 49[\r][\n]"
2022-09-27 12:57:40,678 DEBUG [main] wire:72 -  >> "Host: restapi.adequateshop.com[\r][\n]"
2022-09-27 12:57:40,678 DEBUG [main] wire:72 -  >> "Connection: Keep-Alive[\r][\n]"
2022-09-27 12:57:40,678 DEBUG [main] wire:72 -  >> "User-Agent: Apache-HttpClient/4.5.2 (Java/11.0.15.1)[\r][\n]"
2022-09-27 12:57:40,679 DEBUG [main] wire:72 -  >> "Accept-Encoding: gzip,deflate[\r][\n]"
2022-09-27 12:57:40,679 DEBUG [main] wire:72 -  >> "[\r][\n]"
2022-09-27 12:57:40,679 DEBUG [main] headers:280 - >> POST /api/authaccount/login HTTP/1.1
2022-09-27 12:57:40,679 DEBUG [main] headers:283 - >> Accept: */*
2022-09-27 12:57:40,679 DEBUG [main] headers:283 - >> Content-Type: application/json
2022-09-27 12:57:40,679 DEBUG [main] headers:283 - >> Content-Length: 49
2022-09-27 12:57:40,680 DEBUG [main] headers:283 - >> Host: restapi.adequateshop.com
2022-09-27 12:57:40,680 DEBUG [main] headers:283 - >> Connection: Keep-Alive
2022-09-27 12:57:40,680 DEBUG [main] headers:283 - >> User-Agent: Apache-HttpClient/4.5.2 (Java/11.0.15.1)
2022-09-27 12:57:40,680 DEBUG [main] headers:283 - >> Accept-Encoding: gzip,deflate
2022-09-27 12:57:40,680 DEBUG [main] wire:86 -  >> "{"email":"tester@test.com","password":"test@123"}"
2022-09-27 12:57:40,836 DEBUG [main] wire:72 -  << "HTTP/1.1 200 OK[\r][\n]"
2022-09-27 12:57:40,836 DEBUG [main] wire:72 -  << "Cache-Control: no-cache[\r][\n]"
2022-09-27 12:57:40,836 DEBUG [main] wire:72 -  << "Pragma: no-cache[\r][\n]"
2022-09-27 12:57:40,836 DEBUG [main] wire:72 -  << "Content-Type: application/json; charset=utf-8[\r][\n]"
2022-09-27 12:57:40,836 DEBUG [main] wire:72 -  << "Expires: -1[\r][\n]"
2022-09-27 12:57:40,836 DEBUG [main] wire:72 -  << "Server: Microsoft-IIS/10.0[\r][\n]"
2022-09-27 12:57:40,836 DEBUG [main] wire:72 -  << "X-AspNet-Version: 4.0.30319[\r][\n]"
2022-09-27 12:57:40,836 DEBUG [main] wire:72 -  << "X-Powered-By: ASP.NET[\r][\n]"
2022-09-27 12:57:40,836 DEBUG [main] wire:72 -  << "Date: Tue, 27 Sep 2022 07:26:59 GMT[\r][\n]"
2022-09-27 12:57:40,836 DEBUG [main] wire:72 -  << "Content-Length: 140[\r][\n]"
2022-09-27 12:57:40,836 DEBUG [main] wire:72 -  << "[\r][\n]"
2022-09-27 12:57:40,836 DEBUG [main] DefaultClientConnection:261 - Receiving response: HTTP/1.1 200 OK
2022-09-27 12:57:40,836 DEBUG [main] headers:264 - << HTTP/1.1 200 OK
2022-09-27 12:57:40,838 DEBUG [main] headers:267 - << Cache-Control: no-cache
2022-09-27 12:57:40,838 DEBUG [main] headers:267 - << Pragma: no-cache
2022-09-27 12:57:40,838 DEBUG [main] headers:267 - << Content-Type: application/json; charset=utf-8
2022-09-27 12:57:40,838 DEBUG [main] headers:267 - << Expires: -1
2022-09-27 12:57:40,838 DEBUG [main] headers:267 - << Server: Microsoft-IIS/10.0
2022-09-27 12:57:40,838 DEBUG [main] headers:267 - << X-AspNet-Version: 4.0.30319
2022-09-27 12:57:40,838 DEBUG [main] headers:267 - << X-Powered-By: ASP.NET
2022-09-27 12:57:40,838 DEBUG [main] headers:267 - << Date: Tue, 27 Sep 2022 07:26:59 GMT
2022-09-27 12:57:40,838 DEBUG [main] headers:267 - << Content-Length: 140
2022-09-27 12:57:40,838 DEBUG [main] DefaultHttpClient:511 - Connection can be kept alive indefinitely
2022-09-27 12:57:40,838 DEBUG [main] RestAssuredHttpBuilder:553 - Parsing response as: application/json; charset=utf-8
2022-09-27 12:57:40,839 DEBUG [main] RestAssuredHttpBuilder:556 - Parsed data to instance of: class org.apache.http.conn.EofSensorInputStream
2022-09-27 12:57:40,839 DEBUG [main] wire:86 -  << "{"code":0,"message":"success","data":{"Id":161540,"Name":"Tester","Email":"tester@test.com","Token":"fd953f81-d36c-41bc-b971-e48ff5a548df"}}"
2022-09-27 12:57:40,839 DEBUG [main] BasicClientConnectionManager:203 - Releasing connection org.apache.http.impl.conn.ManagedClientConnectionImpl@54941dfd
2022-09-27 12:57:40,839 DEBUG [main] BasicClientConnectionManager:228 - Connection can be kept alive indefinitely
2022-09-27 12:57:40,852  INFO [main] SetUp:31 - Entered readExcel method
2022-09-27 12:57:40,853 ERROR [main] SetUp:49 - org.apache.poi.EmptyFileException: The supplied file was empty (zero bytes long)
2022-09-27 12:57:40,858  INFO [main] SetUp:61 - Entered writeCell method
2022-09-27 12:57:40,859  INFO [main] SetUp:61 - Entered writeCell method
2022-09-27 12:57:40,860  INFO [main] SetUp:47 - Entered getValue method
2022-09-27 12:57:40,860  INFO [main] SetUp:52 - java.lang.NullPointerException
2022-09-27 12:57:40,860  INFO [main] SetUp:47 - Entered getValue method
2022-09-27 12:57:40,860  INFO [main] SetUp:52 - java.lang.NullPointerException
2022-09-27 12:57:40,865 DEBUG [main] BasicClientConnectionManager:164 - Get connection for route {}->http://restapi.adequateshop.com:80
2022-09-27 12:57:40,866 DEBUG [main] DefaultClientConnectionOperator:176 - Connecting to restapi.adequateshop.com:80
2022-09-27 12:57:40,985 DEBUG [main] RequestAddCookies:122 - CookieSpec selected: ignoreCookies
2022-09-27 12:57:40,986 DEBUG [main] RequestAuthCache:76 - Auth cache not set in the context
2022-09-27 12:57:40,986 DEBUG [main] RequestProxyAuthentication:88 - Proxy auth state: UNCHALLENGED
2022-09-27 12:57:40,986 DEBUG [main] DefaultHttpClient:684 - Attempt 1 to execute request
2022-09-27 12:57:40,986 DEBUG [main] DefaultClientConnection:276 - Sending request: POST /api/users HTTP/1.1
2022-09-27 12:57:40,986 DEBUG [main] wire:72 -  >> "POST /api/users HTTP/1.1[\r][\n]"
2022-09-27 12:57:40,986 DEBUG [main] wire:72 -  >> "Authorization: Bearer fd953f81-d36c-41bc-b971-e48ff5a548df[\r][\n]"
2022-09-27 12:57:40,986 DEBUG [main] wire:72 -  >> "Accept: */*[\r][\n]"
2022-09-27 12:57:40,986 DEBUG [main] wire:72 -  >> "Content-Type: application/json[\r][\n]"
2022-09-27 12:57:40,986 DEBUG [main] wire:72 -  >> "Content-Length: 39[\r][\n]"
2022-09-27 12:57:40,986 DEBUG [main] wire:72 -  >> "Host: restapi.adequateshop.com[\r][\n]"
2022-09-27 12:57:40,987 DEBUG [main] wire:72 -  >> "Connection: Keep-Alive[\r][\n]"
2022-09-27 12:57:40,987 DEBUG [main] wire:72 -  >> "User-Agent: Apache-HttpClient/4.5.2 (Java/11.0.15.1)[\r][\n]"
2022-09-27 12:57:40,987 DEBUG [main] wire:72 -  >> "Accept-Encoding: gzip,deflate[\r][\n]"
2022-09-27 12:57:40,987 DEBUG [main] wire:72 -  >> "[\r][\n]"
2022-09-27 12:57:40,987 DEBUG [main] headers:280 - >> POST /api/users HTTP/1.1
2022-09-27 12:57:40,987 DEBUG [main] headers:283 - >> Authorization: Bearer fd953f81-d36c-41bc-b971-e48ff5a548df
2022-09-27 12:57:40,987 DEBUG [main] headers:283 - >> Accept: */*
2022-09-27 12:57:40,987 DEBUG [main] headers:283 - >> Content-Type: application/json
2022-09-27 12:57:40,987 DEBUG [main] headers:283 - >> Content-Length: 39
2022-09-27 12:57:40,987 DEBUG [main] headers:283 - >> Host: restapi.adequateshop.com
2022-09-27 12:57:40,987 DEBUG [main] headers:283 - >> Connection: Keep-Alive
2022-09-27 12:57:40,987 DEBUG [main] headers:283 - >> User-Agent: Apache-HttpClient/4.5.2 (Java/11.0.15.1)
2022-09-27 12:57:40,987 DEBUG [main] headers:283 - >> Accept-Encoding: gzip,deflate
2022-09-27 12:57:40,987 DEBUG [main] wire:86 -  >> "{"name":"","email":"","location":"USA"}"
2022-09-27 12:57:41,161 DEBUG [main] wire:72 -  << "HTTP/1.1 400 Bad Request[\r][\n]"
2022-09-27 12:57:41,161 DEBUG [main] wire:72 -  << "Cache-Control: no-cache[\r][\n]"
2022-09-27 12:57:41,161 DEBUG [main] wire:72 -  << "Pragma: no-cache[\r][\n]"
2022-09-27 12:57:41,161 DEBUG [main] wire:72 -  << "Content-Type: application/json; charset=utf-8[\r][\n]"
2022-09-27 12:57:41,161 DEBUG [main] wire:72 -  << "Expires: -1[\r][\n]"
2022-09-27 12:57:41,161 DEBUG [main] wire:72 -  << "Server: Microsoft-IIS/10.0[\r][\n]"
2022-09-27 12:57:41,162 DEBUG [main] wire:72 -  << "X-AspNet-Version: 4.0.30319[\r][\n]"
2022-09-27 12:57:41,162 DEBUG [main] wire:72 -  << "X-Powered-By: ASP.NET[\r][\n]"
2022-09-27 12:57:41,162 DEBUG [main] wire:72 -  << "Date: Tue, 27 Sep 2022 07:27:00 GMT[\r][\n]"
2022-09-27 12:57:41,162 DEBUG [main] wire:72 -  << "Content-Length: 53[\r][\n]"
2022-09-27 12:57:41,162 DEBUG [main] wire:72 -  << "[\r][\n]"
2022-09-27 12:57:41,162 DEBUG [main] DefaultClientConnection:261 - Receiving response: HTTP/1.1 400 Bad Request
2022-09-27 12:57:41,162 DEBUG [main] headers:264 - << HTTP/1.1 400 Bad Request
2022-09-27 12:57:41,162 DEBUG [main] headers:267 - << Cache-Control: no-cache
2022-09-27 12:57:41,162 DEBUG [main] headers:267 - << Pragma: no-cache
2022-09-27 12:57:41,162 DEBUG [main] headers:267 - << Content-Type: application/json; charset=utf-8
2022-09-27 12:57:41,162 DEBUG [main] headers:267 - << Expires: -1
2022-09-27 12:57:41,162 DEBUG [main] headers:267 - << Server: Microsoft-IIS/10.0
2022-09-27 12:57:41,162 DEBUG [main] headers:267 - << X-AspNet-Version: 4.0.30319
2022-09-27 12:57:41,162 DEBUG [main] headers:267 - << X-Powered-By: ASP.NET
2022-09-27 12:57:41,163 DEBUG [main] headers:267 - << Date: Tue, 27 Sep 2022 07:27:00 GMT
2022-09-27 12:57:41,163 DEBUG [main] headers:267 - << Content-Length: 53
2022-09-27 12:57:41,163 DEBUG [main] DefaultHttpClient:511 - Connection can be kept alive indefinitely
2022-09-27 12:57:41,163 DEBUG [main] RestAssuredHttpBuilder:553 - Parsing response as: application/json; charset=utf-8
2022-09-27 12:57:41,163 DEBUG [main] RestAssuredHttpBuilder:556 - Parsed data to instance of: class org.apache.http.conn.EofSensorInputStream
2022-09-27 12:57:41,164 DEBUG [main] wire:86 -  << "{"Message":"Pleae try with different email address!"}"
2022-09-27 12:57:41,164 DEBUG [main] BasicClientConnectionManager:203 - Releasing connection org.apache.http.impl.conn.ManagedClientConnectionImpl@68f9e807
2022-09-27 12:57:41,164 DEBUG [main] BasicClientConnectionManager:228 - Connection can be kept alive indefinitely
2022-09-27 12:57:41,173 ERROR [main] SetUp:185 - java.lang.NullPointerException
2022-09-27 12:57:41,975 DEBUG [Finalizer] DefaultClientConnection:182 - Connection 0.0.0.0:64229<->122.176.47.222:80 closed
2022-09-27 12:57:41,976 DEBUG [Finalizer] DefaultClientConnection:182 - Connection 0.0.0.0:64228<->122.176.47.222:80 closed
2022-09-27 12:57:41,976 DEBUG [Finalizer] DefaultClientConnection:182 - Connection 0.0.0.0:64226<->122.176.47.222:80 closed
2022-09-27 12:57:41,977 DEBUG [Finalizer] DefaultClientConnection:182 - Connection 0.0.0.0:64227<->122.176.47.222:80 closed
2022-09-27 12:57:41,978 DEBUG [Finalizer] DefaultClientConnection:182 - Connection 0.0.0.0:64224<->122.176.47.222:80 closed
2022-09-27 12:57:41,979 DEBUG [Finalizer] DefaultClientConnection:182 - Connection 0.0.0.0:64225<->122.176.47.222:80 closed
